{
  "stats": {
    "suites": 1,
    "tests": 9,
    "passes": 0,
    "pending": 0,
    "failures": 9,
    "start": "2020-08-27T11:00:56.464Z",
    "end": "2020-08-27T11:02:27.085Z",
    "duration": 90621,
    "testsRegistered": 9,
    "passPercent": 0,
    "pendingPercent": 0,
    "other": 0,
    "hasOther": false,
    "skipped": 0,
    "hasSkipped": false
  },
  "results": [
    {
      "uuid": "598cf40f-7459-4c8a-bd06-bec9f675a71f",
      "title": "",
      "fullFile": "tests/e2e/specs/pattern/InquiryFileAbnormal.js",
      "file": "tests/e2e/specs/pattern/InquiryFileAbnormal.js",
      "beforeHooks": [],
      "afterHooks": [],
      "tests": [],
      "suites": [
        {
          "uuid": "cd93f07d-9733-4496-99b5-9ab21cda3c57",
          "title": "Inquiry pattern (File)",
          "fullFile": "",
          "file": "",
          "beforeHooks": [],
          "afterHooks": [],
          "tests": [
            {
              "title": "send message with inappropriate file_nm",
              "fullTitle": "Inquiry pattern (File) send message with inappropriate file_nm",
              "timedOut": null,
              "duration": 11930,
              "state": "failed",
              "speed": null,
              "pass": false,
              "fail": true,
              "pending": false,
              "context": null,
              "code": "var self = this,\n    args = arguments;\nreturn new Promise(function (resolve, reject) {\n  var gen = fn.apply(self, args);\n  function _next(value) {\n    asyncGeneratorStep(gen, resolve, reject, _next, _throw, \"next\", value);\n  }\n  function _throw(err) {\n    asyncGeneratorStep(gen, resolve, reject, _next, _throw, \"throw\", err);\n  }\n  _next(undefined);\n});",
              "err": {
                "message": "Error: Cypress command timeout of '5000ms' exceeded.",
                "estack": "Error: Cypress command timeout of '5000ms' exceeded.\n    at https://localhost:9000/__cypress/runner/cypress_runner.js:83597:25",
                "diff": null
              },
              "uuid": "893bb9b7-3b33-440a-964c-2fe38aee1c85",
              "parentUUID": "cd93f07d-9733-4496-99b5-9ab21cda3c57",
              "isHook": false,
              "skipped": false
            },
            {
              "title": "send message with inappropriate file_id",
              "fullTitle": "Inquiry pattern (File) send message with inappropriate file_id",
              "timedOut": null,
              "duration": 9765,
              "state": "failed",
              "speed": null,
              "pass": false,
              "fail": true,
              "pending": false,
              "context": null,
              "code": "var self = this,\n    args = arguments;\nreturn new Promise(function (resolve, reject) {\n  var gen = fn.apply(self, args);\n  function _next(value) {\n    asyncGeneratorStep(gen, resolve, reject, _next, _throw, \"next\", value);\n  }\n  function _throw(err) {\n    asyncGeneratorStep(gen, resolve, reject, _next, _throw, \"throw\", err);\n  }\n  _next(undefined);\n});",
              "err": {
                "message": "Error: Cypress command timeout of '5000ms' exceeded.",
                "estack": "Error: Cypress command timeout of '5000ms' exceeded.\n    at https://localhost:9000/__cypress/runner/cypress_runner.js:83597:25",
                "diff": null
              },
              "uuid": "741a5cdc-dc1a-4352-9bef-7cc6f07872ec",
              "parentUUID": "cd93f07d-9733-4496-99b5-9ab21cda3c57",
              "isHook": false,
              "skipped": false
            },
            {
              "title": "send message with additional key",
              "fullTitle": "Inquiry pattern (File) send message with additional key",
              "timedOut": null,
              "duration": 9517,
              "state": "failed",
              "speed": null,
              "pass": false,
              "fail": true,
              "pending": false,
              "context": null,
              "code": "var self = this,\n    args = arguments;\nreturn new Promise(function (resolve, reject) {\n  var gen = fn.apply(self, args);\n  function _next(value) {\n    asyncGeneratorStep(gen, resolve, reject, _next, _throw, \"next\", value);\n  }\n  function _throw(err) {\n    asyncGeneratorStep(gen, resolve, reject, _next, _throw, \"throw\", err);\n  }\n  _next(undefined);\n});",
              "err": {
                "message": "Error: Cypress command timeout of '5000ms' exceeded.",
                "estack": "Error: Cypress command timeout of '5000ms' exceeded.\n    at https://localhost:9000/__cypress/runner/cypress_runner.js:83597:25",
                "diff": null
              },
              "uuid": "6de6f933-c3c6-4b91-84c8-eacd0568e88a",
              "parentUUID": "cd93f07d-9733-4496-99b5-9ab21cda3c57",
              "isHook": false,
              "skipped": false
            },
            {
              "title": "send message with empty file_id",
              "fullTitle": "Inquiry pattern (File) send message with empty file_id",
              "timedOut": null,
              "duration": 9375,
              "state": "failed",
              "speed": null,
              "pass": false,
              "fail": true,
              "pending": false,
              "context": null,
              "code": "var self = this,\n    args = arguments;\nreturn new Promise(function (resolve, reject) {\n  var gen = fn.apply(self, args);\n  function _next(value) {\n    asyncGeneratorStep(gen, resolve, reject, _next, _throw, \"next\", value);\n  }\n  function _throw(err) {\n    asyncGeneratorStep(gen, resolve, reject, _next, _throw, \"throw\", err);\n  }\n  _next(undefined);\n});",
              "err": {
                "message": "Error: Cypress command timeout of '5000ms' exceeded.",
                "estack": "Error: Cypress command timeout of '5000ms' exceeded.\n    at https://localhost:9000/__cypress/runner/cypress_runner.js:83597:25",
                "diff": null
              },
              "uuid": "546a7195-54b8-43d1-b869-9279c0739efe",
              "parentUUID": "cd93f07d-9733-4496-99b5-9ab21cda3c57",
              "isHook": false,
              "skipped": false
            },
            {
              "title": "send message with empty file_nm",
              "fullTitle": "Inquiry pattern (File) send message with empty file_nm",
              "timedOut": null,
              "duration": 9479,
              "state": "failed",
              "speed": null,
              "pass": false,
              "fail": true,
              "pending": false,
              "context": null,
              "code": "var self = this,\n    args = arguments;\nreturn new Promise(function (resolve, reject) {\n  var gen = fn.apply(self, args);\n  function _next(value) {\n    asyncGeneratorStep(gen, resolve, reject, _next, _throw, \"next\", value);\n  }\n  function _throw(err) {\n    asyncGeneratorStep(gen, resolve, reject, _next, _throw, \"throw\", err);\n  }\n  _next(undefined);\n});",
              "err": {
                "message": "Error: Cypress command timeout of '5000ms' exceeded.",
                "estack": "Error: Cypress command timeout of '5000ms' exceeded.\n    at https://localhost:9000/__cypress/runner/cypress_runner.js:83597:25",
                "diff": null
              },
              "uuid": "52ef8aef-543e-4081-935e-720f0904fc9c",
              "parentUUID": "cd93f07d-9733-4496-99b5-9ab21cda3c57",
              "isHook": false,
              "skipped": false
            },
            {
              "title": "send message with null values",
              "fullTitle": "Inquiry pattern (File) send message with null values",
              "timedOut": null,
              "duration": 9551,
              "state": "failed",
              "speed": null,
              "pass": false,
              "fail": true,
              "pending": false,
              "context": null,
              "code": "var self = this,\n    args = arguments;\nreturn new Promise(function (resolve, reject) {\n  var gen = fn.apply(self, args);\n  function _next(value) {\n    asyncGeneratorStep(gen, resolve, reject, _next, _throw, \"next\", value);\n  }\n  function _throw(err) {\n    asyncGeneratorStep(gen, resolve, reject, _next, _throw, \"throw\", err);\n  }\n  _next(undefined);\n});",
              "err": {
                "message": "Error: Cypress command timeout of '5000ms' exceeded.",
                "estack": "Error: Cypress command timeout of '5000ms' exceeded.\n    at https://localhost:9000/__cypress/runner/cypress_runner.js:83597:25",
                "diff": null
              },
              "uuid": "d57e2925-6341-4247-a1c1-b4f84a8d0f52",
              "parentUUID": "cd93f07d-9733-4496-99b5-9ab21cda3c57",
              "isHook": false,
              "skipped": false
            },
            {
              "title": "send message with no extension",
              "fullTitle": "Inquiry pattern (File) send message with no extension",
              "timedOut": null,
              "duration": 9959,
              "state": "failed",
              "speed": null,
              "pass": false,
              "fail": true,
              "pending": false,
              "context": null,
              "code": "var self = this,\n    args = arguments;\nreturn new Promise(function (resolve, reject) {\n  var gen = fn.apply(self, args);\n  function _next(value) {\n    asyncGeneratorStep(gen, resolve, reject, _next, _throw, \"next\", value);\n  }\n  function _throw(err) {\n    asyncGeneratorStep(gen, resolve, reject, _next, _throw, \"throw\", err);\n  }\n  _next(undefined);\n});",
              "err": {
                "message": "Error: Cypress command timeout of '5000ms' exceeded.",
                "estack": "Error: Cypress command timeout of '5000ms' exceeded.\n    at https://localhost:9000/__cypress/runner/cypress_runner.js:83597:25",
                "diff": null
              },
              "uuid": "8f4392fe-0bab-4942-9fb7-584ccb117416",
              "parentUUID": "cd93f07d-9733-4496-99b5-9ab21cda3c57",
              "isHook": false,
              "skipped": false
            },
            {
              "title": "send message with wrong extension in file_nm",
              "fullTitle": "Inquiry pattern (File) send message with wrong extension in file_nm",
              "timedOut": null,
              "duration": 10059,
              "state": "failed",
              "speed": null,
              "pass": false,
              "fail": true,
              "pending": false,
              "context": null,
              "code": "var self = this,\n    args = arguments;\nreturn new Promise(function (resolve, reject) {\n  var gen = fn.apply(self, args);\n  function _next(value) {\n    asyncGeneratorStep(gen, resolve, reject, _next, _throw, \"next\", value);\n  }\n  function _throw(err) {\n    asyncGeneratorStep(gen, resolve, reject, _next, _throw, \"throw\", err);\n  }\n  _next(undefined);\n});",
              "err": {
                "message": "Error: Cypress command timeout of '5000ms' exceeded.",
                "estack": "Error: Cypress command timeout of '5000ms' exceeded.\n    at https://localhost:9000/__cypress/runner/cypress_runner.js:83597:25",
                "diff": null
              },
              "uuid": "538dccef-e668-4cd2-9836-76313b052d80",
              "parentUUID": "cd93f07d-9733-4496-99b5-9ab21cda3c57",
              "isHook": false,
              "skipped": false
            },
            {
              "title": "send message with file_id match to pattern but file not exist",
              "fullTitle": "Inquiry pattern (File) send message with file_id match to pattern but file not exist",
              "timedOut": null,
              "duration": 10336,
              "state": "failed",
              "speed": null,
              "pass": false,
              "fail": true,
              "pending": false,
              "context": null,
              "code": "var self = this,\n    args = arguments;\nreturn new Promise(function (resolve, reject) {\n  var gen = fn.apply(self, args);\n  function _next(value) {\n    asyncGeneratorStep(gen, resolve, reject, _next, _throw, \"next\", value);\n  }\n  function _throw(err) {\n    asyncGeneratorStep(gen, resolve, reject, _next, _throw, \"throw\", err);\n  }\n  _next(undefined);\n});",
              "err": {
                "message": "Error: Cypress command timeout of '5000ms' exceeded.",
                "estack": "Error: Cypress command timeout of '5000ms' exceeded.\n    at https://localhost:9000/__cypress/runner/cypress_runner.js:83597:25",
                "diff": null
              },
              "uuid": "ef15b8f8-6710-4d28-a8dd-ff7248ab8086",
              "parentUUID": "cd93f07d-9733-4496-99b5-9ab21cda3c57",
              "isHook": false,
              "skipped": false
            }
          ],
          "suites": [],
          "passes": [],
          "failures": [
            "893bb9b7-3b33-440a-964c-2fe38aee1c85",
            "741a5cdc-dc1a-4352-9bef-7cc6f07872ec",
            "6de6f933-c3c6-4b91-84c8-eacd0568e88a",
            "546a7195-54b8-43d1-b869-9279c0739efe",
            "52ef8aef-543e-4081-935e-720f0904fc9c",
            "d57e2925-6341-4247-a1c1-b4f84a8d0f52",
            "8f4392fe-0bab-4942-9fb7-584ccb117416",
            "538dccef-e668-4cd2-9836-76313b052d80",
            "ef15b8f8-6710-4d28-a8dd-ff7248ab8086"
          ],
          "pending": [],
          "skipped": [],
          "duration": 89971,
          "root": false,
          "rootEmpty": false,
          "_timeout": 2000
        }
      ],
      "passes": [],
      "failures": [],
      "pending": [],
      "skipped": [],
      "duration": 0,
      "root": true,
      "rootEmpty": true,
      "_timeout": 2000
    }
  ],
  "meta": {
    "mocha": {
      "version": "8.1.1"
    },
    "mochawesome": {
      "options": {
        "quiet": false,
        "reportFilename": "mochawesome",
        "saveHtml": false,
        "saveJson": true,
        "consoleReporter": "spec",
        "useInlineDiffs": false,
        "code": true
      },
      "version": "6.1.1"
    },
    "marge": {
      "options": {
        "reportDir": "report",
        "quite": true,
        "overwrite": false,
        "html": false,
        "json": true,
        "timestamp": "yyyymmdd_HHMMss"
      },
      "version": "5.1.0"
    }
  }
}