{
  "stats": {
    "suites": 1,
    "tests": 6,
    "passes": 6,
    "pending": 0,
    "failures": 0,
    "start": "2020-08-27T06:37:51.119Z",
    "end": "2020-08-27T06:38:10.976Z",
    "duration": 19857,
    "testsRegistered": 6,
    "passPercent": 100,
    "pendingPercent": 0,
    "other": 0,
    "hasOther": false,
    "skipped": 0,
    "hasSkipped": false
  },
  "results": [
    {
      "uuid": "5920ac1b-ab18-4586-9e41-fa60c7fda350",
      "title": "",
      "fullFile": "tests/e2e/specs/pattern/Favorite.js",
      "file": "tests/e2e/specs/pattern/Favorite.js",
      "beforeHooks": [],
      "afterHooks": [],
      "tests": [],
      "suites": [
        {
          "uuid": "0d6a449f-78d4-48b2-bf57-ec0790b89820",
          "title": "Favorite pattern",
          "fullFile": "",
          "file": "",
          "beforeHooks": [],
          "afterHooks": [],
          "tests": [
            {
              "title": "insert favorite without required module_type -> error",
              "fullTitle": "Favorite pattern insert favorite without required module_type -> error",
              "timedOut": null,
              "duration": 6177,
              "state": "passed",
              "speed": "slow",
              "pass": true,
              "fail": false,
              "pending": false,
              "context": null,
              "code": "var self = this,\n    args = arguments;\nreturn new Promise(function (resolve, reject) {\n  var gen = fn.apply(self, args);\n  function _next(value) {\n    asyncGeneratorStep(gen, resolve, reject, _next, _throw, \"next\", value);\n  }\n  function _throw(err) {\n    asyncGeneratorStep(gen, resolve, reject, _next, _throw, \"throw\", err);\n  }\n  _next(undefined);\n});",
              "err": {},
              "uuid": "db60ddd5-8e5f-4683-8daf-cda69384a28e",
              "parentUUID": "0d6a449f-78d4-48b2-bf57-ec0790b89820",
              "isHook": false,
              "skipped": false
            },
            {
              "title": "insert favorite without required module_id -> error",
              "fullTitle": "Favorite pattern insert favorite without required module_id -> error",
              "timedOut": null,
              "duration": 2859,
              "state": "passed",
              "speed": "slow",
              "pass": true,
              "fail": false,
              "pending": false,
              "context": null,
              "code": "var self = this,\n    args = arguments;\nreturn new Promise(function (resolve, reject) {\n  var gen = fn.apply(self, args);\n  function _next(value) {\n    asyncGeneratorStep(gen, resolve, reject, _next, _throw, \"next\", value);\n  }\n  function _throw(err) {\n    asyncGeneratorStep(gen, resolve, reject, _next, _throw, \"throw\", err);\n  }\n  _next(undefined);\n});",
              "err": {},
              "uuid": "ef5665cf-d3e1-40b9-874f-28637db57e4c",
              "parentUUID": "0d6a449f-78d4-48b2-bf57-ec0790b89820",
              "isHook": false,
              "skipped": false
            },
            {
              "title": "insert favorite with malformed module_type -> error",
              "fullTitle": "Favorite pattern insert favorite with malformed module_type -> error",
              "timedOut": null,
              "duration": 2737,
              "state": "passed",
              "speed": "slow",
              "pass": true,
              "fail": false,
              "pending": false,
              "context": null,
              "code": "var self = this,\n    args = arguments;\nreturn new Promise(function (resolve, reject) {\n  var gen = fn.apply(self, args);\n  function _next(value) {\n    asyncGeneratorStep(gen, resolve, reject, _next, _throw, \"next\", value);\n  }\n  function _throw(err) {\n    asyncGeneratorStep(gen, resolve, reject, _next, _throw, \"throw\", err);\n  }\n  _next(undefined);\n});",
              "err": {},
              "uuid": "505ab33e-b6f8-4749-8c7d-109dae3b32d0",
              "parentUUID": "0d6a449f-78d4-48b2-bf57-ec0790b89820",
              "isHook": false,
              "skipped": false
            },
            {
              "title": "insert favorite with malformed module_id -> error",
              "fullTitle": "Favorite pattern insert favorite with malformed module_id -> error",
              "timedOut": null,
              "duration": 2491,
              "state": "passed",
              "speed": "slow",
              "pass": true,
              "fail": false,
              "pending": false,
              "context": null,
              "code": "var self = this,\n    args = arguments;\nreturn new Promise(function (resolve, reject) {\n  var gen = fn.apply(self, args);\n  function _next(value) {\n    asyncGeneratorStep(gen, resolve, reject, _next, _throw, \"next\", value);\n  }\n  function _throw(err) {\n    asyncGeneratorStep(gen, resolve, reject, _next, _throw, \"throw\", err);\n  }\n  _next(undefined);\n});",
              "err": {},
              "uuid": "5466b366-4f7c-48c2-8ec7-149e5ab9fbc8",
              "parentUUID": "0d6a449f-78d4-48b2-bf57-ec0790b89820",
              "isHook": false,
              "skipped": false
            },
            {
              "title": "insert favorite with malformed page_sysnm -> error",
              "fullTitle": "Favorite pattern insert favorite with malformed page_sysnm -> error",
              "timedOut": null,
              "duration": 2684,
              "state": "passed",
              "speed": "slow",
              "pass": true,
              "fail": false,
              "pending": false,
              "context": null,
              "code": "var self = this,\n    args = arguments;\nreturn new Promise(function (resolve, reject) {\n  var gen = fn.apply(self, args);\n  function _next(value) {\n    asyncGeneratorStep(gen, resolve, reject, _next, _throw, \"next\", value);\n  }\n  function _throw(err) {\n    asyncGeneratorStep(gen, resolve, reject, _next, _throw, \"throw\", err);\n  }\n  _next(undefined);\n});",
              "err": {},
              "uuid": "76c765ce-4d83-4cc9-b2a8-177ffe9ba450",
              "parentUUID": "0d6a449f-78d4-48b2-bf57-ec0790b89820",
              "isHook": false,
              "skipped": false
            },
            {
              "title": "insert favorite with module_type not exist -> error",
              "fullTitle": "Favorite pattern insert favorite with module_type not exist -> error",
              "timedOut": null,
              "duration": 2806,
              "state": "passed",
              "speed": "slow",
              "pass": true,
              "fail": false,
              "pending": false,
              "context": null,
              "code": "var self = this,\n    args = arguments;\nreturn new Promise(function (resolve, reject) {\n  var gen = fn.apply(self, args);\n  function _next(value) {\n    asyncGeneratorStep(gen, resolve, reject, _next, _throw, \"next\", value);\n  }\n  function _throw(err) {\n    asyncGeneratorStep(gen, resolve, reject, _next, _throw, \"throw\", err);\n  }\n  _next(undefined);\n});",
              "err": {},
              "uuid": "385b87df-eeb2-4d72-b707-95cba1bc61ac",
              "parentUUID": "0d6a449f-78d4-48b2-bf57-ec0790b89820",
              "isHook": false,
              "skipped": false
            }
          ],
          "suites": [],
          "passes": [
            "db60ddd5-8e5f-4683-8daf-cda69384a28e",
            "ef5665cf-d3e1-40b9-874f-28637db57e4c",
            "505ab33e-b6f8-4749-8c7d-109dae3b32d0",
            "5466b366-4f7c-48c2-8ec7-149e5ab9fbc8",
            "76c765ce-4d83-4cc9-b2a8-177ffe9ba450",
            "385b87df-eeb2-4d72-b707-95cba1bc61ac"
          ],
          "failures": [],
          "pending": [],
          "skipped": [],
          "duration": 19754,
          "root": false,
          "rootEmpty": false,
          "_timeout": 2000
        }
      ],
      "passes": [],
      "failures": [],
      "pending": [],
      "skipped": [],
      "duration": 0,
      "root": true,
      "rootEmpty": true,
      "_timeout": 2000
    }
  ],
  "meta": {
    "mocha": {
      "version": "8.1.1"
    },
    "mochawesome": {
      "options": {
        "quiet": false,
        "reportFilename": "mochawesome",
        "saveHtml": true,
        "saveJson": true,
        "consoleReporter": "spec",
        "useInlineDiffs": false,
        "code": true
      },
      "version": "6.1.1"
    },
    "marge": {
      "options": {
        "reporterEnabled": "mochawesome",
        "mochawesomeReporterOptions": {
          "quite": true,
          "overwrite": true,
          "html": false,
          "json": true
        }
      },
      "version": "5.1.0"
    }
  }
}