{
  "stats": {
    "suites": 1,
    "tests": 10,
    "passes": 1,
    "pending": 0,
    "failures": 9,
    "start": "2020-08-27T15:17:02.364Z",
    "end": "2020-08-27T15:18:29.592Z",
    "duration": 87228,
    "testsRegistered": 10,
    "passPercent": 10,
    "pendingPercent": 0,
    "other": 0,
    "hasOther": false,
    "skipped": 0,
    "hasSkipped": false
  },
  "results": [
    {
      "uuid": "4917d275-db95-4155-b628-42ea27f2c450",
      "title": "",
      "fullFile": "tests/e2e/specs/pattern/TopicsFileAbnormal.js",
      "file": "tests/e2e/specs/pattern/TopicsFileAbnormal.js",
      "beforeHooks": [],
      "afterHooks": [],
      "tests": [],
      "suites": [
        {
          "uuid": "70c60f79-d3f4-491f-b4ac-b3b3b5d225c4",
          "title": "Topics pattern (File)",
          "fullFile": "",
          "file": "",
          "beforeHooks": [],
          "afterHooks": [],
          "tests": [
            {
              "title": "insert topic with inappropriate values",
              "fullTitle": "Topics pattern (File) insert topic with inappropriate values",
              "timedOut": null,
              "duration": 5751,
              "state": "passed",
              "speed": "slow",
              "pass": true,
              "fail": false,
              "pending": false,
              "context": null,
              "code": "var self = this,\n    args = arguments;\nreturn new Promise(function (resolve, reject) {\n  var gen = fn.apply(self, args);\n  function _next(value) {\n    asyncGeneratorStep(gen, resolve, reject, _next, _throw, \"next\", value);\n  }\n  function _throw(err) {\n    asyncGeneratorStep(gen, resolve, reject, _next, _throw, \"throw\", err);\n  }\n  _next(undefined);\n});",
              "err": {},
              "uuid": "e4fe3e9f-2ee1-44ff-a561-4e79bdb11f90",
              "parentUUID": "70c60f79-d3f4-491f-b4ac-b3b3b5d225c4",
              "isHook": false,
              "skipped": false
            },
            {
              "title": "insert topic with additional key",
              "fullTitle": "Topics pattern (File) insert topic with additional key",
              "timedOut": null,
              "duration": 8954,
              "state": "failed",
              "speed": null,
              "pass": false,
              "fail": true,
              "pending": false,
              "context": null,
              "code": "var self = this,\n    args = arguments;\nreturn new Promise(function (resolve, reject) {\n  var gen = fn.apply(self, args);\n  function _next(value) {\n    asyncGeneratorStep(gen, resolve, reject, _next, _throw, \"next\", value);\n  }\n  function _throw(err) {\n    asyncGeneratorStep(gen, resolve, reject, _next, _throw, \"throw\", err);\n  }\n  _next(undefined);\n});",
              "err": {
                "message": "Error: Cypress command timeout of '5000ms' exceeded.",
                "estack": "Error: Cypress command timeout of '5000ms' exceeded.\n    at https://localhost:9000/__cypress/runner/cypress_runner.js:83597:25",
                "diff": null
              },
              "uuid": "af69d98b-c013-4d53-9c7b-33efad3aee93",
              "parentUUID": "70c60f79-d3f4-491f-b4ac-b3b3b5d225c4",
              "isHook": false,
              "skipped": false
            },
            {
              "title": "insert topic with empty values",
              "fullTitle": "Topics pattern (File) insert topic with empty values",
              "timedOut": null,
              "duration": 8489,
              "state": "failed",
              "speed": null,
              "pass": false,
              "fail": true,
              "pending": false,
              "context": null,
              "code": "var self = this,\n    args = arguments;\nreturn new Promise(function (resolve, reject) {\n  var gen = fn.apply(self, args);\n  function _next(value) {\n    asyncGeneratorStep(gen, resolve, reject, _next, _throw, \"next\", value);\n  }\n  function _throw(err) {\n    asyncGeneratorStep(gen, resolve, reject, _next, _throw, \"throw\", err);\n  }\n  _next(undefined);\n});",
              "err": {
                "message": "Error: Cypress command timeout of '5000ms' exceeded.",
                "estack": "Error: Cypress command timeout of '5000ms' exceeded.\n    at https://localhost:9000/__cypress/runner/cypress_runner.js:83597:25",
                "diff": null
              },
              "uuid": "aed7e237-7bab-4de4-b1fc-7edd7c7f3155",
              "parentUUID": "70c60f79-d3f4-491f-b4ac-b3b3b5d225c4",
              "isHook": false,
              "skipped": false
            },
            {
              "title": "insert topic with null values",
              "fullTitle": "Topics pattern (File) insert topic with null values",
              "timedOut": null,
              "duration": 8543,
              "state": "failed",
              "speed": null,
              "pass": false,
              "fail": true,
              "pending": false,
              "context": null,
              "code": "var self = this,\n    args = arguments;\nreturn new Promise(function (resolve, reject) {\n  var gen = fn.apply(self, args);\n  function _next(value) {\n    asyncGeneratorStep(gen, resolve, reject, _next, _throw, \"next\", value);\n  }\n  function _throw(err) {\n    asyncGeneratorStep(gen, resolve, reject, _next, _throw, \"throw\", err);\n  }\n  _next(undefined);\n});",
              "err": {
                "message": "Error: Cypress command timeout of '5000ms' exceeded.",
                "estack": "Error: Cypress command timeout of '5000ms' exceeded.\n    at https://localhost:9000/__cypress/runner/cypress_runner.js:83597:25",
                "diff": null
              },
              "uuid": "5c5f447c-69ee-476d-a1ef-24871068206b",
              "parentUUID": "70c60f79-d3f4-491f-b4ac-b3b3b5d225c4",
              "isHook": false,
              "skipped": false
            },
            {
              "title": "insert topic with no extension",
              "fullTitle": "Topics pattern (File) insert topic with no extension",
              "timedOut": null,
              "duration": 9323,
              "state": "failed",
              "speed": null,
              "pass": false,
              "fail": true,
              "pending": false,
              "context": null,
              "code": "var self = this,\n    args = arguments;\nreturn new Promise(function (resolve, reject) {\n  var gen = fn.apply(self, args);\n  function _next(value) {\n    asyncGeneratorStep(gen, resolve, reject, _next, _throw, \"next\", value);\n  }\n  function _throw(err) {\n    asyncGeneratorStep(gen, resolve, reject, _next, _throw, \"throw\", err);\n  }\n  _next(undefined);\n});",
              "err": {
                "message": "Error: Cypress command timeout of '5000ms' exceeded.",
                "estack": "Error: Cypress command timeout of '5000ms' exceeded.\n    at https://localhost:9000/__cypress/runner/cypress_runner.js:83597:25",
                "diff": null
              },
              "uuid": "5e59abef-d169-46c1-80b2-d4a0dad32475",
              "parentUUID": "70c60f79-d3f4-491f-b4ac-b3b3b5d225c4",
              "isHook": false,
              "skipped": false
            },
            {
              "title": "insert topic with wrong extension in file_nm",
              "fullTitle": "Topics pattern (File) insert topic with wrong extension in file_nm",
              "timedOut": null,
              "duration": 9127,
              "state": "failed",
              "speed": null,
              "pass": false,
              "fail": true,
              "pending": false,
              "context": null,
              "code": "var self = this,\n    args = arguments;\nreturn new Promise(function (resolve, reject) {\n  var gen = fn.apply(self, args);\n  function _next(value) {\n    asyncGeneratorStep(gen, resolve, reject, _next, _throw, \"next\", value);\n  }\n  function _throw(err) {\n    asyncGeneratorStep(gen, resolve, reject, _next, _throw, \"throw\", err);\n  }\n  _next(undefined);\n});",
              "err": {
                "message": "Error: Cypress command timeout of '5000ms' exceeded.",
                "estack": "Error: Cypress command timeout of '5000ms' exceeded.\n    at https://localhost:9000/__cypress/runner/cypress_runner.js:83597:25",
                "diff": null
              },
              "uuid": "af1eb523-1f4c-4f66-8aee-edcc67eedce0",
              "parentUUID": "70c60f79-d3f4-491f-b4ac-b3b3b5d225c4",
              "isHook": false,
              "skipped": false
            },
            {
              "title": "insert topic set image to not image file",
              "fullTitle": "Topics pattern (File) insert topic set image to not image file",
              "timedOut": null,
              "duration": 9157,
              "state": "failed",
              "speed": null,
              "pass": false,
              "fail": true,
              "pending": false,
              "context": null,
              "code": "var self = this,\n    args = arguments;\nreturn new Promise(function (resolve, reject) {\n  var gen = fn.apply(self, args);\n  function _next(value) {\n    asyncGeneratorStep(gen, resolve, reject, _next, _throw, \"next\", value);\n  }\n  function _throw(err) {\n    asyncGeneratorStep(gen, resolve, reject, _next, _throw, \"throw\", err);\n  }\n  _next(undefined);\n});",
              "err": {
                "message": "Error: Cypress command timeout of '5000ms' exceeded.",
                "estack": "Error: Cypress command timeout of '5000ms' exceeded.\n    at https://localhost:9000/__cypress/runner/cypress_runner.js:83597:25",
                "diff": null
              },
              "uuid": "d8f2f250-b553-4a9a-b4e9-f56e1d1f4fb2",
              "parentUUID": "70c60f79-d3f4-491f-b4ac-b3b3b5d225c4",
              "isHook": false,
              "skipped": false
            },
            {
              "title": "insert topic with no extension image",
              "fullTitle": "Topics pattern (File) insert topic with no extension image",
              "timedOut": null,
              "duration": 9207,
              "state": "failed",
              "speed": null,
              "pass": false,
              "fail": true,
              "pending": false,
              "context": null,
              "code": "var self = this,\n    args = arguments;\nreturn new Promise(function (resolve, reject) {\n  var gen = fn.apply(self, args);\n  function _next(value) {\n    asyncGeneratorStep(gen, resolve, reject, _next, _throw, \"next\", value);\n  }\n  function _throw(err) {\n    asyncGeneratorStep(gen, resolve, reject, _next, _throw, \"throw\", err);\n  }\n  _next(undefined);\n});",
              "err": {
                "message": "Error: Cypress command timeout of '5000ms' exceeded.",
                "estack": "Error: Cypress command timeout of '5000ms' exceeded.\n    at https://localhost:9000/__cypress/runner/cypress_runner.js:83597:25",
                "diff": null
              },
              "uuid": "ed8479d3-d828-483e-ba15-712af5fc5c4a",
              "parentUUID": "70c60f79-d3f4-491f-b4ac-b3b3b5d225c4",
              "isHook": false,
              "skipped": false
            },
            {
              "title": "insert topic with wrong extension in image file_nm (png -> pdf)",
              "fullTitle": "Topics pattern (File) insert topic with wrong extension in image file_nm (png -> pdf)",
              "timedOut": null,
              "duration": 9131,
              "state": "failed",
              "speed": null,
              "pass": false,
              "fail": true,
              "pending": false,
              "context": null,
              "code": "var self = this,\n    args = arguments;\nreturn new Promise(function (resolve, reject) {\n  var gen = fn.apply(self, args);\n  function _next(value) {\n    asyncGeneratorStep(gen, resolve, reject, _next, _throw, \"next\", value);\n  }\n  function _throw(err) {\n    asyncGeneratorStep(gen, resolve, reject, _next, _throw, \"throw\", err);\n  }\n  _next(undefined);\n});",
              "err": {
                "message": "Error: Cypress command timeout of '5000ms' exceeded.",
                "estack": "Error: Cypress command timeout of '5000ms' exceeded.\n    at https://localhost:9000/__cypress/runner/cypress_runner.js:83597:25",
                "diff": null
              },
              "uuid": "9b1a9ff0-48d2-4112-a7c9-4a24817170b2",
              "parentUUID": "70c60f79-d3f4-491f-b4ac-b3b3b5d225c4",
              "isHook": false,
              "skipped": false
            },
            {
              "title": "insert topic with wrong extension in image file_nm (pdf -> png)",
              "fullTitle": "Topics pattern (File) insert topic with wrong extension in image file_nm (pdf -> png)",
              "timedOut": null,
              "duration": 9121,
              "state": "failed",
              "speed": null,
              "pass": false,
              "fail": true,
              "pending": false,
              "context": null,
              "code": "var self = this,\n    args = arguments;\nreturn new Promise(function (resolve, reject) {\n  var gen = fn.apply(self, args);\n  function _next(value) {\n    asyncGeneratorStep(gen, resolve, reject, _next, _throw, \"next\", value);\n  }\n  function _throw(err) {\n    asyncGeneratorStep(gen, resolve, reject, _next, _throw, \"throw\", err);\n  }\n  _next(undefined);\n});",
              "err": {
                "message": "Error: Cypress command timeout of '5000ms' exceeded.",
                "estack": "Error: Cypress command timeout of '5000ms' exceeded.\n    at https://localhost:9000/__cypress/runner/cypress_runner.js:83597:25",
                "diff": null
              },
              "uuid": "2efb9fd4-dbf2-472b-ad51-2ed5ae99d0ab",
              "parentUUID": "70c60f79-d3f4-491f-b4ac-b3b3b5d225c4",
              "isHook": false,
              "skipped": false
            }
          ],
          "suites": [],
          "passes": [
            "e4fe3e9f-2ee1-44ff-a561-4e79bdb11f90"
          ],
          "failures": [
            "af69d98b-c013-4d53-9c7b-33efad3aee93",
            "aed7e237-7bab-4de4-b1fc-7edd7c7f3155",
            "5c5f447c-69ee-476d-a1ef-24871068206b",
            "5e59abef-d169-46c1-80b2-d4a0dad32475",
            "af1eb523-1f4c-4f66-8aee-edcc67eedce0",
            "d8f2f250-b553-4a9a-b4e9-f56e1d1f4fb2",
            "ed8479d3-d828-483e-ba15-712af5fc5c4a",
            "9b1a9ff0-48d2-4112-a7c9-4a24817170b2",
            "2efb9fd4-dbf2-472b-ad51-2ed5ae99d0ab"
          ],
          "pending": [],
          "skipped": [],
          "duration": 86803,
          "root": false,
          "rootEmpty": false,
          "_timeout": 2000
        }
      ],
      "passes": [],
      "failures": [],
      "pending": [],
      "skipped": [],
      "duration": 0,
      "root": true,
      "rootEmpty": true,
      "_timeout": 2000
    }
  ],
  "meta": {
    "mocha": {
      "version": "8.1.1"
    },
    "mochawesome": {
      "options": {
        "quiet": false,
        "reportFilename": "mochawesome",
        "saveHtml": false,
        "saveJson": true,
        "consoleReporter": "spec",
        "useInlineDiffs": false,
        "code": true
      },
      "version": "6.1.1"
    },
    "marge": {
      "options": {
        "reportDir": "report",
        "quite": true,
        "overwrite": false,
        "html": false,
        "json": true,
        "timestamp": "yyyymmdd_HHMMss"
      },
      "version": "5.1.0"
    }
  }
}