{
  "stats": {
    "suites": 1,
    "tests": 17,
    "passes": 1,
    "pending": 0,
    "failures": 16,
    "start": "2020-08-27T15:19:01.016Z",
    "end": "2020-08-27T15:21:34.631Z",
    "duration": 153615,
    "testsRegistered": 17,
    "passPercent": 5.88235294117647,
    "pendingPercent": 0,
    "other": 0,
    "hasOther": false,
    "skipped": 0,
    "hasSkipped": false
  },
  "results": [
    {
      "uuid": "96c37267-68ab-4799-bfe1-27b4e96f244b",
      "title": "",
      "fullFile": "tests/e2e/specs/pattern/TopicsFileMultipleAbnormal.js",
      "file": "tests/e2e/specs/pattern/TopicsFileMultipleAbnormal.js",
      "beforeHooks": [],
      "afterHooks": [],
      "tests": [],
      "suites": [
        {
          "uuid": "9564a9b8-853a-443b-a031-89d0df21fd32",
          "title": "Topics pattern (Multiple File)",
          "fullFile": "",
          "file": "",
          "beforeHooks": [],
          "afterHooks": [],
          "tests": [
            {
              "title": "insert topic with inappropriate values",
              "fullTitle": "Topics pattern (Multiple File) insert topic with inappropriate values",
              "timedOut": null,
              "duration": 5632,
              "state": "passed",
              "speed": "slow",
              "pass": true,
              "fail": false,
              "pending": false,
              "context": null,
              "code": "var self = this,\n    args = arguments;\nreturn new Promise(function (resolve, reject) {\n  var gen = fn.apply(self, args);\n  function _next(value) {\n    asyncGeneratorStep(gen, resolve, reject, _next, _throw, \"next\", value);\n  }\n  function _throw(err) {\n    asyncGeneratorStep(gen, resolve, reject, _next, _throw, \"throw\", err);\n  }\n  _next(undefined);\n});",
              "err": {},
              "uuid": "ba27d2a3-525b-4583-8b09-325020cdcb05",
              "parentUUID": "9564a9b8-853a-443b-a031-89d0df21fd32",
              "isHook": false,
              "skipped": false
            },
            {
              "title": "insert topic with additional key",
              "fullTitle": "Topics pattern (Multiple File) insert topic with additional key",
              "timedOut": null,
              "duration": 9215,
              "state": "failed",
              "speed": null,
              "pass": false,
              "fail": true,
              "pending": false,
              "context": null,
              "code": "var self = this,\n    args = arguments;\nreturn new Promise(function (resolve, reject) {\n  var gen = fn.apply(self, args);\n  function _next(value) {\n    asyncGeneratorStep(gen, resolve, reject, _next, _throw, \"next\", value);\n  }\n  function _throw(err) {\n    asyncGeneratorStep(gen, resolve, reject, _next, _throw, \"throw\", err);\n  }\n  _next(undefined);\n});",
              "err": {
                "message": "Error: Cypress command timeout of '5000ms' exceeded.",
                "estack": "Error: Cypress command timeout of '5000ms' exceeded.\n    at https://localhost:9000/__cypress/runner/cypress_runner.js:83597:25",
                "diff": null
              },
              "uuid": "c3fa7d2e-9a53-4ccf-a890-f6196f9e4c75",
              "parentUUID": "9564a9b8-853a-443b-a031-89d0df21fd32",
              "isHook": false,
              "skipped": false
            },
            {
              "title": "insert topic with empty values",
              "fullTitle": "Topics pattern (Multiple File) insert topic with empty values",
              "timedOut": null,
              "duration": 8476,
              "state": "failed",
              "speed": null,
              "pass": false,
              "fail": true,
              "pending": false,
              "context": null,
              "code": "var self = this,\n    args = arguments;\nreturn new Promise(function (resolve, reject) {\n  var gen = fn.apply(self, args);\n  function _next(value) {\n    asyncGeneratorStep(gen, resolve, reject, _next, _throw, \"next\", value);\n  }\n  function _throw(err) {\n    asyncGeneratorStep(gen, resolve, reject, _next, _throw, \"throw\", err);\n  }\n  _next(undefined);\n});",
              "err": {
                "message": "Error: Cypress command timeout of '5000ms' exceeded.",
                "estack": "Error: Cypress command timeout of '5000ms' exceeded.\n    at https://localhost:9000/__cypress/runner/cypress_runner.js:83597:25",
                "diff": null
              },
              "uuid": "ffe9d1bf-1c68-4bc0-b254-82afadc240fa",
              "parentUUID": "9564a9b8-853a-443b-a031-89d0df21fd32",
              "isHook": false,
              "skipped": false
            },
            {
              "title": "insert topic with null values",
              "fullTitle": "Topics pattern (Multiple File) insert topic with null values",
              "timedOut": null,
              "duration": 8580,
              "state": "failed",
              "speed": null,
              "pass": false,
              "fail": true,
              "pending": false,
              "context": null,
              "code": "var self = this,\n    args = arguments;\nreturn new Promise(function (resolve, reject) {\n  var gen = fn.apply(self, args);\n  function _next(value) {\n    asyncGeneratorStep(gen, resolve, reject, _next, _throw, \"next\", value);\n  }\n  function _throw(err) {\n    asyncGeneratorStep(gen, resolve, reject, _next, _throw, \"throw\", err);\n  }\n  _next(undefined);\n});",
              "err": {
                "message": "Error: Cypress command timeout of '5000ms' exceeded.",
                "estack": "Error: Cypress command timeout of '5000ms' exceeded.\n    at https://localhost:9000/__cypress/runner/cypress_runner.js:83597:25",
                "diff": null
              },
              "uuid": "5cdee2f4-7cca-4b20-b9cd-86f85b211312",
              "parentUUID": "9564a9b8-853a-443b-a031-89d0df21fd32",
              "isHook": false,
              "skipped": false
            },
            {
              "title": "insert topic with no extension",
              "fullTitle": "Topics pattern (Multiple File) insert topic with no extension",
              "timedOut": null,
              "duration": 9091,
              "state": "failed",
              "speed": null,
              "pass": false,
              "fail": true,
              "pending": false,
              "context": null,
              "code": "var self = this,\n    args = arguments;\nreturn new Promise(function (resolve, reject) {\n  var gen = fn.apply(self, args);\n  function _next(value) {\n    asyncGeneratorStep(gen, resolve, reject, _next, _throw, \"next\", value);\n  }\n  function _throw(err) {\n    asyncGeneratorStep(gen, resolve, reject, _next, _throw, \"throw\", err);\n  }\n  _next(undefined);\n});",
              "err": {
                "message": "Error: Cypress command timeout of '5000ms' exceeded.",
                "estack": "Error: Cypress command timeout of '5000ms' exceeded.\n    at https://localhost:9000/__cypress/runner/cypress_runner.js:83597:25",
                "diff": null
              },
              "uuid": "da46d552-0cbe-4aae-9724-274dc278ed1f",
              "parentUUID": "9564a9b8-853a-443b-a031-89d0df21fd32",
              "isHook": false,
              "skipped": false
            },
            {
              "title": "insert topic with wrong extension in file_nm",
              "fullTitle": "Topics pattern (Multiple File) insert topic with wrong extension in file_nm",
              "timedOut": null,
              "duration": 9163,
              "state": "failed",
              "speed": null,
              "pass": false,
              "fail": true,
              "pending": false,
              "context": null,
              "code": "var self = this,\n    args = arguments;\nreturn new Promise(function (resolve, reject) {\n  var gen = fn.apply(self, args);\n  function _next(value) {\n    asyncGeneratorStep(gen, resolve, reject, _next, _throw, \"next\", value);\n  }\n  function _throw(err) {\n    asyncGeneratorStep(gen, resolve, reject, _next, _throw, \"throw\", err);\n  }\n  _next(undefined);\n});",
              "err": {
                "message": "Error: Cypress command timeout of '5000ms' exceeded.",
                "estack": "Error: Cypress command timeout of '5000ms' exceeded.\n    at https://localhost:9000/__cypress/runner/cypress_runner.js:83597:25",
                "diff": null
              },
              "uuid": "440a89a4-f762-4679-a94e-c93841f11d91",
              "parentUUID": "9564a9b8-853a-443b-a031-89d0df21fd32",
              "isHook": false,
              "skipped": false
            },
            {
              "title": "insert topic set image to not image file",
              "fullTitle": "Topics pattern (Multiple File) insert topic set image to not image file",
              "timedOut": null,
              "duration": 9226,
              "state": "failed",
              "speed": null,
              "pass": false,
              "fail": true,
              "pending": false,
              "context": null,
              "code": "var self = this,\n    args = arguments;\nreturn new Promise(function (resolve, reject) {\n  var gen = fn.apply(self, args);\n  function _next(value) {\n    asyncGeneratorStep(gen, resolve, reject, _next, _throw, \"next\", value);\n  }\n  function _throw(err) {\n    asyncGeneratorStep(gen, resolve, reject, _next, _throw, \"throw\", err);\n  }\n  _next(undefined);\n});",
              "err": {
                "message": "Error: Cypress command timeout of '5000ms' exceeded.",
                "estack": "Error: Cypress command timeout of '5000ms' exceeded.\n    at https://localhost:9000/__cypress/runner/cypress_runner.js:83597:25",
                "diff": null
              },
              "uuid": "9a721f08-13ff-4057-ab67-8387fdbbc15f",
              "parentUUID": "9564a9b8-853a-443b-a031-89d0df21fd32",
              "isHook": false,
              "skipped": false
            },
            {
              "title": "insert topic with no extension image",
              "fullTitle": "Topics pattern (Multiple File) insert topic with no extension image",
              "timedOut": null,
              "duration": 9513,
              "state": "failed",
              "speed": null,
              "pass": false,
              "fail": true,
              "pending": false,
              "context": null,
              "code": "var self = this,\n    args = arguments;\nreturn new Promise(function (resolve, reject) {\n  var gen = fn.apply(self, args);\n  function _next(value) {\n    asyncGeneratorStep(gen, resolve, reject, _next, _throw, \"next\", value);\n  }\n  function _throw(err) {\n    asyncGeneratorStep(gen, resolve, reject, _next, _throw, \"throw\", err);\n  }\n  _next(undefined);\n});",
              "err": {
                "message": "Error: Cypress command timeout of '5000ms' exceeded.",
                "estack": "Error: Cypress command timeout of '5000ms' exceeded.\n    at https://localhost:9000/__cypress/runner/cypress_runner.js:83597:25",
                "diff": null
              },
              "uuid": "c289b465-c456-4703-ab2c-81758bd985f7",
              "parentUUID": "9564a9b8-853a-443b-a031-89d0df21fd32",
              "isHook": false,
              "skipped": false
            },
            {
              "title": "insert topic with wrong extension in image file_nm (png -> pdf)",
              "fullTitle": "Topics pattern (Multiple File) insert topic with wrong extension in image file_nm (png -> pdf)",
              "timedOut": null,
              "duration": 9231,
              "state": "failed",
              "speed": null,
              "pass": false,
              "fail": true,
              "pending": false,
              "context": null,
              "code": "var self = this,\n    args = arguments;\nreturn new Promise(function (resolve, reject) {\n  var gen = fn.apply(self, args);\n  function _next(value) {\n    asyncGeneratorStep(gen, resolve, reject, _next, _throw, \"next\", value);\n  }\n  function _throw(err) {\n    asyncGeneratorStep(gen, resolve, reject, _next, _throw, \"throw\", err);\n  }\n  _next(undefined);\n});",
              "err": {
                "message": "Error: Cypress command timeout of '5000ms' exceeded.",
                "estack": "Error: Cypress command timeout of '5000ms' exceeded.\n    at https://localhost:9000/__cypress/runner/cypress_runner.js:83597:25",
                "diff": null
              },
              "uuid": "46f0299c-9368-4d52-9fd0-9fde092cfd32",
              "parentUUID": "9564a9b8-853a-443b-a031-89d0df21fd32",
              "isHook": false,
              "skipped": false
            },
            {
              "title": "insert topic with wrong extension in image file_nm (pdf -> png)",
              "fullTitle": "Topics pattern (Multiple File) insert topic with wrong extension in image file_nm (pdf -> png)",
              "timedOut": null,
              "duration": 9101,
              "state": "failed",
              "speed": null,
              "pass": false,
              "fail": true,
              "pending": false,
              "context": null,
              "code": "var self = this,\n    args = arguments;\nreturn new Promise(function (resolve, reject) {\n  var gen = fn.apply(self, args);\n  function _next(value) {\n    asyncGeneratorStep(gen, resolve, reject, _next, _throw, \"next\", value);\n  }\n  function _throw(err) {\n    asyncGeneratorStep(gen, resolve, reject, _next, _throw, \"throw\", err);\n  }\n  _next(undefined);\n});",
              "err": {
                "message": "Error: Cypress command timeout of '5000ms' exceeded.",
                "estack": "Error: Cypress command timeout of '5000ms' exceeded.\n    at https://localhost:9000/__cypress/runner/cypress_runner.js:83597:25",
                "diff": null
              },
              "uuid": "47b7ce9f-cc03-410d-ba56-8974a4b59818",
              "parentUUID": "9564a9b8-853a-443b-a031-89d0df21fd32",
              "isHook": false,
              "skipped": false
            },
            {
              "title": "update topic with the same id",
              "fullTitle": "Topics pattern (Multiple File) update topic with the same id",
              "timedOut": null,
              "duration": 9215,
              "state": "failed",
              "speed": null,
              "pass": false,
              "fail": true,
              "pending": false,
              "context": null,
              "code": "var self = this,\n    args = arguments;\nreturn new Promise(function (resolve, reject) {\n  var gen = fn.apply(self, args);\n  function _next(value) {\n    asyncGeneratorStep(gen, resolve, reject, _next, _throw, \"next\", value);\n  }\n  function _throw(err) {\n    asyncGeneratorStep(gen, resolve, reject, _next, _throw, \"throw\", err);\n  }\n  _next(undefined);\n});",
              "err": {
                "message": "Error: Cypress command timeout of '5000ms' exceeded.",
                "estack": "Error: Cypress command timeout of '5000ms' exceeded.\n    at https://localhost:9000/__cypress/runner/cypress_runner.js:83597:25",
                "diff": null
              },
              "uuid": "2f2217a1-8bee-4d2c-b738-62696ad7f9e2",
              "parentUUID": "9564a9b8-853a-443b-a031-89d0df21fd32",
              "isHook": false,
              "skipped": false
            },
            {
              "title": "update topic ext_col_11 with the ids of ext_col_17",
              "fullTitle": "Topics pattern (Multiple File) update topic ext_col_11 with the ids of ext_col_17",
              "timedOut": null,
              "duration": 9348,
              "state": "failed",
              "speed": null,
              "pass": false,
              "fail": true,
              "pending": false,
              "context": null,
              "code": "var self = this,\n    args = arguments;\nreturn new Promise(function (resolve, reject) {\n  var gen = fn.apply(self, args);\n  function _next(value) {\n    asyncGeneratorStep(gen, resolve, reject, _next, _throw, \"next\", value);\n  }\n  function _throw(err) {\n    asyncGeneratorStep(gen, resolve, reject, _next, _throw, \"throw\", err);\n  }\n  _next(undefined);\n});",
              "err": {
                "message": "Error: Cypress command timeout of '5000ms' exceeded.",
                "estack": "Error: Cypress command timeout of '5000ms' exceeded.\n    at https://localhost:9000/__cypress/runner/cypress_runner.js:83597:25",
                "diff": null
              },
              "uuid": "a48cd44e-fa04-4ad2-a1e6-23b610931561",
              "parentUUID": "9564a9b8-853a-443b-a031-89d0df21fd32",
              "isHook": false,
              "skipped": false
            },
            {
              "title": "update topic ext_col_11 with the ids of other topic",
              "fullTitle": "Topics pattern (Multiple File) update topic ext_col_11 with the ids of other topic",
              "timedOut": null,
              "duration": 9344,
              "state": "failed",
              "speed": null,
              "pass": false,
              "fail": true,
              "pending": false,
              "context": null,
              "code": "var self = this,\n    args = arguments;\nreturn new Promise(function (resolve, reject) {\n  var gen = fn.apply(self, args);\n  function _next(value) {\n    asyncGeneratorStep(gen, resolve, reject, _next, _throw, \"next\", value);\n  }\n  function _throw(err) {\n    asyncGeneratorStep(gen, resolve, reject, _next, _throw, \"throw\", err);\n  }\n  _next(undefined);\n});",
              "err": {
                "message": "Error: Cypress command timeout of '5000ms' exceeded.",
                "estack": "Error: Cypress command timeout of '5000ms' exceeded.\n    at https://localhost:9000/__cypress/runner/cypress_runner.js:83597:25",
                "diff": null
              },
              "uuid": "6ff4d489-d046-4bd7-a182-7644cefccffb",
              "parentUUID": "9564a9b8-853a-443b-a031-89d0df21fd32",
              "isHook": false,
              "skipped": false
            },
            {
              "title": "update topic with inappropriate ids",
              "fullTitle": "Topics pattern (Multiple File) update topic with inappropriate ids",
              "timedOut": null,
              "duration": 9441,
              "state": "failed",
              "speed": null,
              "pass": false,
              "fail": true,
              "pending": false,
              "context": null,
              "code": "var self = this,\n    args = arguments;\nreturn new Promise(function (resolve, reject) {\n  var gen = fn.apply(self, args);\n  function _next(value) {\n    asyncGeneratorStep(gen, resolve, reject, _next, _throw, \"next\", value);\n  }\n  function _throw(err) {\n    asyncGeneratorStep(gen, resolve, reject, _next, _throw, \"throw\", err);\n  }\n  _next(undefined);\n});",
              "err": {
                "message": "Error: Cypress command timeout of '5000ms' exceeded.",
                "estack": "Error: Cypress command timeout of '5000ms' exceeded.\n    at https://localhost:9000/__cypress/runner/cypress_runner.js:83597:25",
                "diff": null
              },
              "uuid": "85ac8151-2bea-440a-a87e-ff44d5a4f893",
              "parentUUID": "9564a9b8-853a-443b-a031-89d0df21fd32",
              "isHook": false,
              "skipped": false
            },
            {
              "title": "update topic with id index out of limit",
              "fullTitle": "Topics pattern (Multiple File) update topic with id index out of limit",
              "timedOut": null,
              "duration": 9237,
              "state": "failed",
              "speed": null,
              "pass": false,
              "fail": true,
              "pending": false,
              "context": null,
              "code": "var self = this,\n    args = arguments;\nreturn new Promise(function (resolve, reject) {\n  var gen = fn.apply(self, args);\n  function _next(value) {\n    asyncGeneratorStep(gen, resolve, reject, _next, _throw, \"next\", value);\n  }\n  function _throw(err) {\n    asyncGeneratorStep(gen, resolve, reject, _next, _throw, \"throw\", err);\n  }\n  _next(undefined);\n});",
              "err": {
                "message": "Error: Cypress command timeout of '5000ms' exceeded.",
                "estack": "Error: Cypress command timeout of '5000ms' exceeded.\n    at https://localhost:9000/__cypress/runner/cypress_runner.js:83597:25",
                "diff": null
              },
              "uuid": "67f5751b-f5c6-4999-a5db-cb8cecd314a6",
              "parentUUID": "9564a9b8-853a-443b-a031-89d0df21fd32",
              "isHook": false,
              "skipped": false
            },
            {
              "title": "update topic add only desc",
              "fullTitle": "Topics pattern (Multiple File) update topic add only desc",
              "timedOut": null,
              "duration": 9444,
              "state": "failed",
              "speed": null,
              "pass": false,
              "fail": true,
              "pending": false,
              "context": null,
              "code": "var self = this,\n    args = arguments;\nreturn new Promise(function (resolve, reject) {\n  var gen = fn.apply(self, args);\n  function _next(value) {\n    asyncGeneratorStep(gen, resolve, reject, _next, _throw, \"next\", value);\n  }\n  function _throw(err) {\n    asyncGeneratorStep(gen, resolve, reject, _next, _throw, \"throw\", err);\n  }\n  _next(undefined);\n});",
              "err": {
                "message": "Error: Cypress command timeout of '5000ms' exceeded.",
                "estack": "Error: Cypress command timeout of '5000ms' exceeded.\n    at https://localhost:9000/__cypress/runner/cypress_runner.js:83597:25",
                "diff": null
              },
              "uuid": "5b641cef-98bc-43bf-9475-50a46f89eb39",
              "parentUUID": "9564a9b8-853a-443b-a031-89d0df21fd32",
              "isHook": false,
              "skipped": false
            },
            {
              "title": "update topic add only desc & file_nm",
              "fullTitle": "Topics pattern (Multiple File) update topic add only desc & file_nm",
              "timedOut": null,
              "duration": 9368,
              "state": "failed",
              "speed": null,
              "pass": false,
              "fail": true,
              "pending": false,
              "context": null,
              "code": "var self = this,\n    args = arguments;\nreturn new Promise(function (resolve, reject) {\n  var gen = fn.apply(self, args);\n  function _next(value) {\n    asyncGeneratorStep(gen, resolve, reject, _next, _throw, \"next\", value);\n  }\n  function _throw(err) {\n    asyncGeneratorStep(gen, resolve, reject, _next, _throw, \"throw\", err);\n  }\n  _next(undefined);\n});",
              "err": {
                "message": "Error: Cypress command timeout of '5000ms' exceeded.",
                "estack": "Error: Cypress command timeout of '5000ms' exceeded.\n    at https://localhost:9000/__cypress/runner/cypress_runner.js:83597:25",
                "diff": null
              },
              "uuid": "32450bb7-ae76-4df0-9b7f-7c7566e392a4",
              "parentUUID": "9564a9b8-853a-443b-a031-89d0df21fd32",
              "isHook": false,
              "skipped": false
            }
          ],
          "suites": [],
          "passes": [
            "ba27d2a3-525b-4583-8b09-325020cdcb05"
          ],
          "failures": [
            "c3fa7d2e-9a53-4ccf-a890-f6196f9e4c75",
            "ffe9d1bf-1c68-4bc0-b254-82afadc240fa",
            "5cdee2f4-7cca-4b20-b9cd-86f85b211312",
            "da46d552-0cbe-4aae-9724-274dc278ed1f",
            "440a89a4-f762-4679-a94e-c93841f11d91",
            "9a721f08-13ff-4057-ab67-8387fdbbc15f",
            "c289b465-c456-4703-ab2c-81758bd985f7",
            "46f0299c-9368-4d52-9fd0-9fde092cfd32",
            "47b7ce9f-cc03-410d-ba56-8974a4b59818",
            "2f2217a1-8bee-4d2c-b738-62696ad7f9e2",
            "a48cd44e-fa04-4ad2-a1e6-23b610931561",
            "6ff4d489-d046-4bd7-a182-7644cefccffb",
            "85ac8151-2bea-440a-a87e-ff44d5a4f893",
            "67f5751b-f5c6-4999-a5db-cb8cecd314a6",
            "5b641cef-98bc-43bf-9475-50a46f89eb39",
            "32450bb7-ae76-4df0-9b7f-7c7566e392a4"
          ],
          "pending": [],
          "skipped": [],
          "duration": 152625,
          "root": false,
          "rootEmpty": false,
          "_timeout": 2000
        }
      ],
      "passes": [],
      "failures": [],
      "pending": [],
      "skipped": [],
      "duration": 0,
      "root": true,
      "rootEmpty": true,
      "_timeout": 2000
    }
  ],
  "meta": {
    "mocha": {
      "version": "8.1.1"
    },
    "mochawesome": {
      "options": {
        "quiet": false,
        "reportFilename": "mochawesome",
        "saveHtml": false,
        "saveJson": true,
        "consoleReporter": "spec",
        "useInlineDiffs": false,
        "code": true
      },
      "version": "6.1.1"
    },
    "marge": {
      "options": {
        "reportDir": "report",
        "quite": true,
        "overwrite": false,
        "html": false,
        "json": true,
        "timestamp": "yyyymmdd_HHMMss"
      },
      "version": "5.1.0"
    }
  }
}