{
  "stats": {
    "suites": 1,
    "tests": 17,
    "passes": 17,
    "pending": 0,
    "failures": 0,
    "start": "2020-08-27T10:59:35.800Z",
    "end": "2020-08-27T11:00:29.767Z",
    "duration": 53967,
    "testsRegistered": 17,
    "passPercent": 100,
    "pendingPercent": 0,
    "other": 0,
    "hasOther": false,
    "skipped": 0,
    "hasSkipped": false
  },
  "results": [
    {
      "uuid": "711641ef-259c-478d-957c-a392cb04d7e8",
      "title": "",
      "fullFile": "tests/e2e/specs/pattern/Inquiry.js",
      "file": "tests/e2e/specs/pattern/Inquiry.js",
      "beforeHooks": [],
      "afterHooks": [],
      "tests": [],
      "suites": [
        {
          "uuid": "d0b543d4-1566-4ca8-b9d3-ccbc663ecf03",
          "title": "Inquiry",
          "fullFile": "",
          "file": "",
          "beforeHooks": [],
          "afterHooks": [],
          "tests": [
            {
              "title": "send message without required inquiry_category_id -> error",
              "fullTitle": "Inquiry send message without required inquiry_category_id -> error",
              "timedOut": null,
              "duration": 6302,
              "state": "passed",
              "speed": "slow",
              "pass": true,
              "fail": false,
              "pending": false,
              "context": null,
              "code": "var self = this,\n    args = arguments;\nreturn new Promise(function (resolve, reject) {\n  var gen = fn.apply(self, args);\n  function _next(value) {\n    asyncGeneratorStep(gen, resolve, reject, _next, _throw, \"next\", value);\n  }\n  function _throw(err) {\n    asyncGeneratorStep(gen, resolve, reject, _next, _throw, \"throw\", err);\n  }\n  _next(undefined);\n});",
              "err": {},
              "uuid": "856e43a8-3ba2-431f-9afd-d8e4b01dac7c",
              "parentUUID": "d0b543d4-1566-4ca8-b9d3-ccbc663ecf03",
              "isHook": false,
              "skipped": false
            },
            {
              "title": "send message without required ext_01 -> error",
              "fullTitle": "Inquiry send message without required ext_01 -> error",
              "timedOut": null,
              "duration": 3319,
              "state": "passed",
              "speed": "slow",
              "pass": true,
              "fail": false,
              "pending": false,
              "context": null,
              "code": "var self = this,\n    args = arguments;\nreturn new Promise(function (resolve, reject) {\n  var gen = fn.apply(self, args);\n  function _next(value) {\n    asyncGeneratorStep(gen, resolve, reject, _next, _throw, \"next\", value);\n  }\n  function _throw(err) {\n    asyncGeneratorStep(gen, resolve, reject, _next, _throw, \"throw\", err);\n  }\n  _next(undefined);\n});",
              "err": {},
              "uuid": "c3ddcb1b-ce0e-4b70-ac21-7179d207afb3",
              "parentUUID": "d0b543d4-1566-4ca8-b9d3-ccbc663ecf03",
              "isHook": false,
              "skipped": false
            },
            {
              "title": "send message without required ext_04 -> error",
              "fullTitle": "Inquiry send message without required ext_04 -> error",
              "timedOut": null,
              "duration": 2873,
              "state": "passed",
              "speed": "slow",
              "pass": true,
              "fail": false,
              "pending": false,
              "context": null,
              "code": "var self = this,\n    args = arguments;\nreturn new Promise(function (resolve, reject) {\n  var gen = fn.apply(self, args);\n  function _next(value) {\n    asyncGeneratorStep(gen, resolve, reject, _next, _throw, \"next\", value);\n  }\n  function _throw(err) {\n    asyncGeneratorStep(gen, resolve, reject, _next, _throw, \"throw\", err);\n  }\n  _next(undefined);\n});",
              "err": {},
              "uuid": "a91b418a-d83b-4039-830a-2841df6eee02",
              "parentUUID": "d0b543d4-1566-4ca8-b9d3-ccbc663ecf03",
              "isHook": false,
              "skipped": false
            },
            {
              "title": "send message with malformed name -> error",
              "fullTitle": "Inquiry send message with malformed name -> error",
              "timedOut": null,
              "duration": 2999,
              "state": "passed",
              "speed": "slow",
              "pass": true,
              "fail": false,
              "pending": false,
              "context": null,
              "code": "var self = this,\n    args = arguments;\nreturn new Promise(function (resolve, reject) {\n  var gen = fn.apply(self, args);\n  function _next(value) {\n    asyncGeneratorStep(gen, resolve, reject, _next, _throw, \"next\", value);\n  }\n  function _throw(err) {\n    asyncGeneratorStep(gen, resolve, reject, _next, _throw, \"throw\", err);\n  }\n  _next(undefined);\n});",
              "err": {},
              "uuid": "f264b18c-5ac5-4883-b7bc-39c52aa2a7db",
              "parentUUID": "d0b543d4-1566-4ca8-b9d3-ccbc663ecf03",
              "isHook": false,
              "skipped": false
            },
            {
              "title": "send message with malformed from_mail -> error",
              "fullTitle": "Inquiry send message with malformed from_mail -> error",
              "timedOut": null,
              "duration": 3031,
              "state": "passed",
              "speed": "slow",
              "pass": true,
              "fail": false,
              "pending": false,
              "context": null,
              "code": "var self = this,\n    args = arguments;\nreturn new Promise(function (resolve, reject) {\n  var gen = fn.apply(self, args);\n  function _next(value) {\n    asyncGeneratorStep(gen, resolve, reject, _next, _throw, \"next\", value);\n  }\n  function _throw(err) {\n    asyncGeneratorStep(gen, resolve, reject, _next, _throw, \"throw\", err);\n  }\n  _next(undefined);\n});",
              "err": {},
              "uuid": "22dabbb1-bdaa-4163-9aad-5a5b69de52c3",
              "parentUUID": "d0b543d4-1566-4ca8-b9d3-ccbc663ecf03",
              "isHook": false,
              "skipped": false
            },
            {
              "title": "send message with malformed body -> error",
              "fullTitle": "Inquiry send message with malformed body -> error",
              "timedOut": null,
              "duration": 2843,
              "state": "passed",
              "speed": "slow",
              "pass": true,
              "fail": false,
              "pending": false,
              "context": null,
              "code": "var self = this,\n    args = arguments;\nreturn new Promise(function (resolve, reject) {\n  var gen = fn.apply(self, args);\n  function _next(value) {\n    asyncGeneratorStep(gen, resolve, reject, _next, _throw, \"next\", value);\n  }\n  function _throw(err) {\n    asyncGeneratorStep(gen, resolve, reject, _next, _throw, \"throw\", err);\n  }\n  _next(undefined);\n});",
              "err": {},
              "uuid": "5f0bb222-c92c-4426-93ff-df15734850df",
              "parentUUID": "d0b543d4-1566-4ca8-b9d3-ccbc663ecf03",
              "isHook": false,
              "skipped": false
            },
            {
              "title": "send message with malformed inquiry_category_id -> error",
              "fullTitle": "Inquiry send message with malformed inquiry_category_id -> error",
              "timedOut": null,
              "duration": 2768,
              "state": "passed",
              "speed": "slow",
              "pass": true,
              "fail": false,
              "pending": false,
              "context": null,
              "code": "var self = this,\n    args = arguments;\nreturn new Promise(function (resolve, reject) {\n  var gen = fn.apply(self, args);\n  function _next(value) {\n    asyncGeneratorStep(gen, resolve, reject, _next, _throw, \"next\", value);\n  }\n  function _throw(err) {\n    asyncGeneratorStep(gen, resolve, reject, _next, _throw, \"throw\", err);\n  }\n  _next(undefined);\n});",
              "err": {},
              "uuid": "10140843-0861-4b79-8386-16c8b15321eb",
              "parentUUID": "d0b543d4-1566-4ca8-b9d3-ccbc663ecf03",
              "isHook": false,
              "skipped": false
            },
            {
              "title": "send message with malformed ext_01 -> error",
              "fullTitle": "Inquiry send message with malformed ext_01 -> error",
              "timedOut": null,
              "duration": 2941,
              "state": "passed",
              "speed": "slow",
              "pass": true,
              "fail": false,
              "pending": false,
              "context": null,
              "code": "var self = this,\n    args = arguments;\nreturn new Promise(function (resolve, reject) {\n  var gen = fn.apply(self, args);\n  function _next(value) {\n    asyncGeneratorStep(gen, resolve, reject, _next, _throw, \"next\", value);\n  }\n  function _throw(err) {\n    asyncGeneratorStep(gen, resolve, reject, _next, _throw, \"throw\", err);\n  }\n  _next(undefined);\n});",
              "err": {},
              "uuid": "cd968d61-2b46-4231-b5b9-40371688f777",
              "parentUUID": "d0b543d4-1566-4ca8-b9d3-ccbc663ecf03",
              "isHook": false,
              "skipped": false
            },
            {
              "title": "send message with malformed ext_02 -> error",
              "fullTitle": "Inquiry send message with malformed ext_02 -> error",
              "timedOut": null,
              "duration": 2846,
              "state": "passed",
              "speed": "slow",
              "pass": true,
              "fail": false,
              "pending": false,
              "context": null,
              "code": "var self = this,\n    args = arguments;\nreturn new Promise(function (resolve, reject) {\n  var gen = fn.apply(self, args);\n  function _next(value) {\n    asyncGeneratorStep(gen, resolve, reject, _next, _throw, \"next\", value);\n  }\n  function _throw(err) {\n    asyncGeneratorStep(gen, resolve, reject, _next, _throw, \"throw\", err);\n  }\n  _next(undefined);\n});",
              "err": {},
              "uuid": "ff6638d0-87a9-4c76-9a01-eb7370e4f665",
              "parentUUID": "d0b543d4-1566-4ca8-b9d3-ccbc663ecf03",
              "isHook": false,
              "skipped": false
            },
            {
              "title": "send message with malformed ext_03 -> error",
              "fullTitle": "Inquiry send message with malformed ext_03 -> error",
              "timedOut": null,
              "duration": 3029,
              "state": "passed",
              "speed": "slow",
              "pass": true,
              "fail": false,
              "pending": false,
              "context": null,
              "code": "var self = this,\n    args = arguments;\nreturn new Promise(function (resolve, reject) {\n  var gen = fn.apply(self, args);\n  function _next(value) {\n    asyncGeneratorStep(gen, resolve, reject, _next, _throw, \"next\", value);\n  }\n  function _throw(err) {\n    asyncGeneratorStep(gen, resolve, reject, _next, _throw, \"throw\", err);\n  }\n  _next(undefined);\n});",
              "err": {},
              "uuid": "b6406c15-cb8d-4790-9a5b-7eb07130e254",
              "parentUUID": "d0b543d4-1566-4ca8-b9d3-ccbc663ecf03",
              "isHook": false,
              "skipped": false
            },
            {
              "title": "send message with malformed ext_04 -> error",
              "fullTitle": "Inquiry send message with malformed ext_04 -> error",
              "timedOut": null,
              "duration": 2984,
              "state": "passed",
              "speed": "slow",
              "pass": true,
              "fail": false,
              "pending": false,
              "context": null,
              "code": "var self = this,\n    args = arguments;\nreturn new Promise(function (resolve, reject) {\n  var gen = fn.apply(self, args);\n  function _next(value) {\n    asyncGeneratorStep(gen, resolve, reject, _next, _throw, \"next\", value);\n  }\n  function _throw(err) {\n    asyncGeneratorStep(gen, resolve, reject, _next, _throw, \"throw\", err);\n  }\n  _next(undefined);\n});",
              "err": {},
              "uuid": "399a84f4-3fbc-46c2-93cc-29bce4ca2a62",
              "parentUUID": "d0b543d4-1566-4ca8-b9d3-ccbc663ecf03",
              "isHook": false,
              "skipped": false
            },
            {
              "title": "send message with malformed ext_05 -> error",
              "fullTitle": "Inquiry send message with malformed ext_05 -> error",
              "timedOut": null,
              "duration": 2838,
              "state": "passed",
              "speed": "slow",
              "pass": true,
              "fail": false,
              "pending": false,
              "context": null,
              "code": "var self = this,\n    args = arguments;\nreturn new Promise(function (resolve, reject) {\n  var gen = fn.apply(self, args);\n  function _next(value) {\n    asyncGeneratorStep(gen, resolve, reject, _next, _throw, \"next\", value);\n  }\n  function _throw(err) {\n    asyncGeneratorStep(gen, resolve, reject, _next, _throw, \"throw\", err);\n  }\n  _next(undefined);\n});",
              "err": {},
              "uuid": "86f34752-1778-4d29-9555-eab91fa797f8",
              "parentUUID": "d0b543d4-1566-4ca8-b9d3-ccbc663ecf03",
              "isHook": false,
              "skipped": false
            },
            {
              "title": "send message with malformed ext_06 -> error",
              "fullTitle": "Inquiry send message with malformed ext_06 -> error",
              "timedOut": null,
              "duration": 2965,
              "state": "passed",
              "speed": "slow",
              "pass": true,
              "fail": false,
              "pending": false,
              "context": null,
              "code": "var self = this,\n    args = arguments;\nreturn new Promise(function (resolve, reject) {\n  var gen = fn.apply(self, args);\n  function _next(value) {\n    asyncGeneratorStep(gen, resolve, reject, _next, _throw, \"next\", value);\n  }\n  function _throw(err) {\n    asyncGeneratorStep(gen, resolve, reject, _next, _throw, \"throw\", err);\n  }\n  _next(undefined);\n});",
              "err": {},
              "uuid": "1b44e818-9865-419e-9d02-c1af1a7bf85d",
              "parentUUID": "d0b543d4-1566-4ca8-b9d3-ccbc663ecf03",
              "isHook": false,
              "skipped": false
            },
            {
              "title": "send message with malformed ext_07 -> error",
              "fullTitle": "Inquiry send message with malformed ext_07 -> error",
              "timedOut": null,
              "duration": 3001,
              "state": "passed",
              "speed": "slow",
              "pass": true,
              "fail": false,
              "pending": false,
              "context": null,
              "code": "var self = this,\n    args = arguments;\nreturn new Promise(function (resolve, reject) {\n  var gen = fn.apply(self, args);\n  function _next(value) {\n    asyncGeneratorStep(gen, resolve, reject, _next, _throw, \"next\", value);\n  }\n  function _throw(err) {\n    asyncGeneratorStep(gen, resolve, reject, _next, _throw, \"throw\", err);\n  }\n  _next(undefined);\n});",
              "err": {},
              "uuid": "0c3f5c9d-083c-4f94-8117-5199702078f3",
              "parentUUID": "d0b543d4-1566-4ca8-b9d3-ccbc663ecf03",
              "isHook": false,
              "skipped": false
            },
            {
              "title": "send message with malformed ext_08 -> error",
              "fullTitle": "Inquiry send message with malformed ext_08 -> error",
              "timedOut": null,
              "duration": 2924,
              "state": "passed",
              "speed": "slow",
              "pass": true,
              "fail": false,
              "pending": false,
              "context": null,
              "code": "var self = this,\n    args = arguments;\nreturn new Promise(function (resolve, reject) {\n  var gen = fn.apply(self, args);\n  function _next(value) {\n    asyncGeneratorStep(gen, resolve, reject, _next, _throw, \"next\", value);\n  }\n  function _throw(err) {\n    asyncGeneratorStep(gen, resolve, reject, _next, _throw, \"throw\", err);\n  }\n  _next(undefined);\n});",
              "err": {},
              "uuid": "91cc74a6-b583-47cb-8003-90fcb5ff26ec",
              "parentUUID": "d0b543d4-1566-4ca8-b9d3-ccbc663ecf03",
              "isHook": false,
              "skipped": false
            },
            {
              "title": "send message with malformed ext_09 -> error",
              "fullTitle": "Inquiry send message with malformed ext_09 -> error",
              "timedOut": null,
              "duration": 3040,
              "state": "passed",
              "speed": "slow",
              "pass": true,
              "fail": false,
              "pending": false,
              "context": null,
              "code": "var self = this,\n    args = arguments;\nreturn new Promise(function (resolve, reject) {\n  var gen = fn.apply(self, args);\n  function _next(value) {\n    asyncGeneratorStep(gen, resolve, reject, _next, _throw, \"next\", value);\n  }\n  function _throw(err) {\n    asyncGeneratorStep(gen, resolve, reject, _next, _throw, \"throw\", err);\n  }\n  _next(undefined);\n});",
              "err": {},
              "uuid": "e53ea2a8-279a-4c1e-b0af-80b181239797",
              "parentUUID": "d0b543d4-1566-4ca8-b9d3-ccbc663ecf03",
              "isHook": false,
              "skipped": false
            },
            {
              "title": "send message with malformed ext_10 -> error",
              "fullTitle": "Inquiry send message with malformed ext_10 -> error",
              "timedOut": null,
              "duration": 3030,
              "state": "passed",
              "speed": "slow",
              "pass": true,
              "fail": false,
              "pending": false,
              "context": null,
              "code": "var self = this,\n    args = arguments;\nreturn new Promise(function (resolve, reject) {\n  var gen = fn.apply(self, args);\n  function _next(value) {\n    asyncGeneratorStep(gen, resolve, reject, _next, _throw, \"next\", value);\n  }\n  function _throw(err) {\n    asyncGeneratorStep(gen, resolve, reject, _next, _throw, \"throw\", err);\n  }\n  _next(undefined);\n});",
              "err": {},
              "uuid": "4ce992a9-a8dd-4e0a-9312-88855cab5a42",
              "parentUUID": "d0b543d4-1566-4ca8-b9d3-ccbc663ecf03",
              "isHook": false,
              "skipped": false
            }
          ],
          "suites": [],
          "passes": [
            "856e43a8-3ba2-431f-9afd-d8e4b01dac7c",
            "c3ddcb1b-ce0e-4b70-ac21-7179d207afb3",
            "a91b418a-d83b-4039-830a-2841df6eee02",
            "f264b18c-5ac5-4883-b7bc-39c52aa2a7db",
            "22dabbb1-bdaa-4163-9aad-5a5b69de52c3",
            "5f0bb222-c92c-4426-93ff-df15734850df",
            "10140843-0861-4b79-8386-16c8b15321eb",
            "cd968d61-2b46-4231-b5b9-40371688f777",
            "ff6638d0-87a9-4c76-9a01-eb7370e4f665",
            "b6406c15-cb8d-4790-9a5b-7eb07130e254",
            "399a84f4-3fbc-46c2-93cc-29bce4ca2a62",
            "86f34752-1778-4d29-9555-eab91fa797f8",
            "1b44e818-9865-419e-9d02-c1af1a7bf85d",
            "0c3f5c9d-083c-4f94-8117-5199702078f3",
            "91cc74a6-b583-47cb-8003-90fcb5ff26ec",
            "e53ea2a8-279a-4c1e-b0af-80b181239797",
            "4ce992a9-a8dd-4e0a-9312-88855cab5a42"
          ],
          "failures": [],
          "pending": [],
          "skipped": [],
          "duration": 53733,
          "root": false,
          "rootEmpty": false,
          "_timeout": 2000
        }
      ],
      "passes": [],
      "failures": [],
      "pending": [],
      "skipped": [],
      "duration": 0,
      "root": true,
      "rootEmpty": true,
      "_timeout": 2000
    }
  ],
  "meta": {
    "mocha": {
      "version": "8.1.1"
    },
    "mochawesome": {
      "options": {
        "quiet": false,
        "reportFilename": "mochawesome",
        "saveHtml": false,
        "saveJson": true,
        "consoleReporter": "spec",
        "useInlineDiffs": false,
        "code": true
      },
      "version": "6.1.1"
    },
    "marge": {
      "options": {
        "reportDir": "report",
        "quite": true,
        "overwrite": false,
        "html": false,
        "json": true,
        "timestamp": "yyyymmdd_HHMMss"
      },
      "version": "5.1.0"
    }
  }
}