{
  "stats": {
    "suites": 1,
    "tests": 17,
    "passes": 0,
    "pending": 0,
    "failures": 17,
    "start": "2020-08-27T15:12:46.847Z",
    "end": "2020-08-27T15:15:24.307Z",
    "duration": 157460,
    "testsRegistered": 17,
    "passPercent": 0,
    "pendingPercent": 0,
    "other": 0,
    "hasOther": false,
    "skipped": 0,
    "hasSkipped": false
  },
  "results": [
    {
      "uuid": "f9114539-3819-4d82-ab36-6f63ce72c1c7",
      "title": "",
      "fullFile": "tests/e2e/specs/pattern/MemberFileAbnormal.js",
      "file": "tests/e2e/specs/pattern/MemberFileAbnormal.js",
      "beforeHooks": [],
      "afterHooks": [],
      "tests": [],
      "suites": [
        {
          "uuid": "abd73883-c010-4a8d-8788-9f7ff9f6bc56",
          "title": "Member pattern (File)",
          "fullFile": "",
          "file": "",
          "beforeHooks": [],
          "afterHooks": [],
          "tests": [
            {
              "title": "insert member file with inappropriate file_nm",
              "fullTitle": "Member pattern (File) insert member file with inappropriate file_nm",
              "timedOut": null,
              "duration": 11216,
              "state": "failed",
              "speed": null,
              "pass": false,
              "fail": true,
              "pending": false,
              "context": null,
              "code": "var self = this,\n    args = arguments;\nreturn new Promise(function (resolve, reject) {\n  var gen = fn.apply(self, args);\n  function _next(value) {\n    asyncGeneratorStep(gen, resolve, reject, _next, _throw, \"next\", value);\n  }\n  function _throw(err) {\n    asyncGeneratorStep(gen, resolve, reject, _next, _throw, \"throw\", err);\n  }\n  _next(undefined);\n});",
              "err": {
                "message": "Error: Cypress command timeout of '5000ms' exceeded.",
                "estack": "Error: Cypress command timeout of '5000ms' exceeded.\n    at https://localhost:9000/__cypress/runner/cypress_runner.js:83597:25",
                "diff": null
              },
              "uuid": "912b4bb5-d336-45fc-ae0d-ad474c76206d",
              "parentUUID": "abd73883-c010-4a8d-8788-9f7ff9f6bc56",
              "isHook": false,
              "skipped": false
            },
            {
              "title": "insert member file with inappropriate file_id",
              "fullTitle": "Member pattern (File) insert member file with inappropriate file_id",
              "timedOut": null,
              "duration": 9411,
              "state": "failed",
              "speed": null,
              "pass": false,
              "fail": true,
              "pending": false,
              "context": null,
              "code": "var self = this,\n    args = arguments;\nreturn new Promise(function (resolve, reject) {\n  var gen = fn.apply(self, args);\n  function _next(value) {\n    asyncGeneratorStep(gen, resolve, reject, _next, _throw, \"next\", value);\n  }\n  function _throw(err) {\n    asyncGeneratorStep(gen, resolve, reject, _next, _throw, \"throw\", err);\n  }\n  _next(undefined);\n});",
              "err": {
                "message": "Error: Cypress command timeout of '5000ms' exceeded.",
                "estack": "Error: Cypress command timeout of '5000ms' exceeded.\n    at https://localhost:9000/__cypress/runner/cypress_runner.js:83597:25",
                "diff": null
              },
              "uuid": "606fd6a1-d2f5-4f5c-9ce3-f89a75fead0f",
              "parentUUID": "abd73883-c010-4a8d-8788-9f7ff9f6bc56",
              "isHook": false,
              "skipped": false
            },
            {
              "title": "insert member file with additional key",
              "fullTitle": "Member pattern (File) insert member file with additional key",
              "timedOut": null,
              "duration": 9017,
              "state": "failed",
              "speed": null,
              "pass": false,
              "fail": true,
              "pending": false,
              "context": null,
              "code": "var self = this,\n    args = arguments;\nreturn new Promise(function (resolve, reject) {\n  var gen = fn.apply(self, args);\n  function _next(value) {\n    asyncGeneratorStep(gen, resolve, reject, _next, _throw, \"next\", value);\n  }\n  function _throw(err) {\n    asyncGeneratorStep(gen, resolve, reject, _next, _throw, \"throw\", err);\n  }\n  _next(undefined);\n});",
              "err": {
                "message": "Error: Cypress command timeout of '5000ms' exceeded.",
                "estack": "Error: Cypress command timeout of '5000ms' exceeded.\n    at https://localhost:9000/__cypress/runner/cypress_runner.js:83597:25",
                "diff": null
              },
              "uuid": "ce2c997b-50ed-49dc-b4d6-885ea4c8aadc",
              "parentUUID": "abd73883-c010-4a8d-8788-9f7ff9f6bc56",
              "isHook": false,
              "skipped": false
            },
            {
              "title": "insert member file with empty file_id",
              "fullTitle": "Member pattern (File) insert member file with empty file_id",
              "timedOut": null,
              "duration": 8340,
              "state": "failed",
              "speed": null,
              "pass": false,
              "fail": true,
              "pending": false,
              "context": null,
              "code": "var self = this,\n    args = arguments;\nreturn new Promise(function (resolve, reject) {\n  var gen = fn.apply(self, args);\n  function _next(value) {\n    asyncGeneratorStep(gen, resolve, reject, _next, _throw, \"next\", value);\n  }\n  function _throw(err) {\n    asyncGeneratorStep(gen, resolve, reject, _next, _throw, \"throw\", err);\n  }\n  _next(undefined);\n});",
              "err": {
                "message": "Error: Cypress command timeout of '5000ms' exceeded.",
                "estack": "Error: Cypress command timeout of '5000ms' exceeded.\n    at https://localhost:9000/__cypress/runner/cypress_runner.js:83597:25",
                "diff": null
              },
              "uuid": "19af179e-d248-41bb-a809-8771f043c194",
              "parentUUID": "abd73883-c010-4a8d-8788-9f7ff9f6bc56",
              "isHook": false,
              "skipped": false
            },
            {
              "title": "insert member file with empty file_nm",
              "fullTitle": "Member pattern (File) insert member file with empty file_nm",
              "timedOut": null,
              "duration": 9157,
              "state": "failed",
              "speed": null,
              "pass": false,
              "fail": true,
              "pending": false,
              "context": null,
              "code": "var self = this,\n    args = arguments;\nreturn new Promise(function (resolve, reject) {\n  var gen = fn.apply(self, args);\n  function _next(value) {\n    asyncGeneratorStep(gen, resolve, reject, _next, _throw, \"next\", value);\n  }\n  function _throw(err) {\n    asyncGeneratorStep(gen, resolve, reject, _next, _throw, \"throw\", err);\n  }\n  _next(undefined);\n});",
              "err": {
                "message": "Error: Cypress command timeout of '5000ms' exceeded.",
                "estack": "Error: Cypress command timeout of '5000ms' exceeded.\n    at https://localhost:9000/__cypress/runner/cypress_runner.js:83597:25",
                "diff": null
              },
              "uuid": "9bdaa1b8-b0c5-4898-952f-b9c1094a02b4",
              "parentUUID": "abd73883-c010-4a8d-8788-9f7ff9f6bc56",
              "isHook": false,
              "skipped": false
            },
            {
              "title": "insert member file with null values",
              "fullTitle": "Member pattern (File) insert member file with null values",
              "timedOut": null,
              "duration": 8347,
              "state": "failed",
              "speed": null,
              "pass": false,
              "fail": true,
              "pending": false,
              "context": null,
              "code": "var self = this,\n    args = arguments;\nreturn new Promise(function (resolve, reject) {\n  var gen = fn.apply(self, args);\n  function _next(value) {\n    asyncGeneratorStep(gen, resolve, reject, _next, _throw, \"next\", value);\n  }\n  function _throw(err) {\n    asyncGeneratorStep(gen, resolve, reject, _next, _throw, \"throw\", err);\n  }\n  _next(undefined);\n});",
              "err": {
                "message": "Error: Cypress command timeout of '5000ms' exceeded.",
                "estack": "Error: Cypress command timeout of '5000ms' exceeded.\n    at https://localhost:9000/__cypress/runner/cypress_runner.js:83597:25",
                "diff": null
              },
              "uuid": "e805768c-6bc8-41cd-8317-d2221d97a181",
              "parentUUID": "abd73883-c010-4a8d-8788-9f7ff9f6bc56",
              "isHook": false,
              "skipped": false
            },
            {
              "title": "insert member file with no extension",
              "fullTitle": "Member pattern (File) insert member file with no extension",
              "timedOut": null,
              "duration": 9014,
              "state": "failed",
              "speed": null,
              "pass": false,
              "fail": true,
              "pending": false,
              "context": null,
              "code": "var self = this,\n    args = arguments;\nreturn new Promise(function (resolve, reject) {\n  var gen = fn.apply(self, args);\n  function _next(value) {\n    asyncGeneratorStep(gen, resolve, reject, _next, _throw, \"next\", value);\n  }\n  function _throw(err) {\n    asyncGeneratorStep(gen, resolve, reject, _next, _throw, \"throw\", err);\n  }\n  _next(undefined);\n});",
              "err": {
                "message": "Error: Cypress command timeout of '5000ms' exceeded.",
                "estack": "Error: Cypress command timeout of '5000ms' exceeded.\n    at https://localhost:9000/__cypress/runner/cypress_runner.js:83597:25",
                "diff": null
              },
              "uuid": "f3921151-c432-4572-b724-75cbe907b8f4",
              "parentUUID": "abd73883-c010-4a8d-8788-9f7ff9f6bc56",
              "isHook": false,
              "skipped": false
            },
            {
              "title": "insert member file with wrong extension in file_nm",
              "fullTitle": "Member pattern (File) insert member file with wrong extension in file_nm",
              "timedOut": null,
              "duration": 9633,
              "state": "failed",
              "speed": null,
              "pass": false,
              "fail": true,
              "pending": false,
              "context": null,
              "code": "var self = this,\n    args = arguments;\nreturn new Promise(function (resolve, reject) {\n  var gen = fn.apply(self, args);\n  function _next(value) {\n    asyncGeneratorStep(gen, resolve, reject, _next, _throw, \"next\", value);\n  }\n  function _throw(err) {\n    asyncGeneratorStep(gen, resolve, reject, _next, _throw, \"throw\", err);\n  }\n  _next(undefined);\n});",
              "err": {
                "message": "Error: Cypress command timeout of '5000ms' exceeded.",
                "estack": "Error: Cypress command timeout of '5000ms' exceeded.\n    at https://localhost:9000/__cypress/runner/cypress_runner.js:83597:25",
                "diff": null
              },
              "uuid": "908ca1e0-a54e-4994-8bea-a3d6eb42cb5e",
              "parentUUID": "abd73883-c010-4a8d-8788-9f7ff9f6bc56",
              "isHook": false,
              "skipped": false
            },
            {
              "title": "insert member photo with inappropriate file_nm",
              "fullTitle": "Member pattern (File) insert member photo with inappropriate file_nm",
              "timedOut": null,
              "duration": 9247,
              "state": "failed",
              "speed": null,
              "pass": false,
              "fail": true,
              "pending": false,
              "context": null,
              "code": "var self = this,\n    args = arguments;\nreturn new Promise(function (resolve, reject) {\n  var gen = fn.apply(self, args);\n  function _next(value) {\n    asyncGeneratorStep(gen, resolve, reject, _next, _throw, \"next\", value);\n  }\n  function _throw(err) {\n    asyncGeneratorStep(gen, resolve, reject, _next, _throw, \"throw\", err);\n  }\n  _next(undefined);\n});",
              "err": {
                "message": "Error: Cypress command timeout of '5000ms' exceeded.",
                "estack": "Error: Cypress command timeout of '5000ms' exceeded.\n    at https://localhost:9000/__cypress/runner/cypress_runner.js:83597:25",
                "diff": null
              },
              "uuid": "758fa8ce-b404-4066-9e56-aca2d97d1181",
              "parentUUID": "abd73883-c010-4a8d-8788-9f7ff9f6bc56",
              "isHook": false,
              "skipped": false
            },
            {
              "title": "insert member photo with inappropriate file_id",
              "fullTitle": "Member pattern (File) insert member photo with inappropriate file_id",
              "timedOut": null,
              "duration": 9195,
              "state": "failed",
              "speed": null,
              "pass": false,
              "fail": true,
              "pending": false,
              "context": null,
              "code": "var self = this,\n    args = arguments;\nreturn new Promise(function (resolve, reject) {\n  var gen = fn.apply(self, args);\n  function _next(value) {\n    asyncGeneratorStep(gen, resolve, reject, _next, _throw, \"next\", value);\n  }\n  function _throw(err) {\n    asyncGeneratorStep(gen, resolve, reject, _next, _throw, \"throw\", err);\n  }\n  _next(undefined);\n});",
              "err": {
                "message": "Error: Cypress command timeout of '5000ms' exceeded.",
                "estack": "Error: Cypress command timeout of '5000ms' exceeded.\n    at https://localhost:9000/__cypress/runner/cypress_runner.js:83597:25",
                "diff": null
              },
              "uuid": "397dc340-46bc-482b-b169-5c9261c38e43",
              "parentUUID": "abd73883-c010-4a8d-8788-9f7ff9f6bc56",
              "isHook": false,
              "skipped": false
            },
            {
              "title": "insert member photo with additional key",
              "fullTitle": "Member pattern (File) insert member photo with additional key",
              "timedOut": null,
              "duration": 9301,
              "state": "failed",
              "speed": null,
              "pass": false,
              "fail": true,
              "pending": false,
              "context": null,
              "code": "var self = this,\n    args = arguments;\nreturn new Promise(function (resolve, reject) {\n  var gen = fn.apply(self, args);\n  function _next(value) {\n    asyncGeneratorStep(gen, resolve, reject, _next, _throw, \"next\", value);\n  }\n  function _throw(err) {\n    asyncGeneratorStep(gen, resolve, reject, _next, _throw, \"throw\", err);\n  }\n  _next(undefined);\n});",
              "err": {
                "message": "Error: Cypress command timeout of '5000ms' exceeded.",
                "estack": "Error: Cypress command timeout of '5000ms' exceeded.\n    at https://localhost:9000/__cypress/runner/cypress_runner.js:83597:25",
                "diff": null
              },
              "uuid": "e3b1ee39-9211-4288-83a0-d58a9614e8c0",
              "parentUUID": "abd73883-c010-4a8d-8788-9f7ff9f6bc56",
              "isHook": false,
              "skipped": false
            },
            {
              "title": "insert member photo with empty file_id",
              "fullTitle": "Member pattern (File) insert member photo with empty file_id",
              "timedOut": null,
              "duration": 8510,
              "state": "failed",
              "speed": null,
              "pass": false,
              "fail": true,
              "pending": false,
              "context": null,
              "code": "var self = this,\n    args = arguments;\nreturn new Promise(function (resolve, reject) {\n  var gen = fn.apply(self, args);\n  function _next(value) {\n    asyncGeneratorStep(gen, resolve, reject, _next, _throw, \"next\", value);\n  }\n  function _throw(err) {\n    asyncGeneratorStep(gen, resolve, reject, _next, _throw, \"throw\", err);\n  }\n  _next(undefined);\n});",
              "err": {
                "message": "Error: Cypress command timeout of '5000ms' exceeded.",
                "estack": "Error: Cypress command timeout of '5000ms' exceeded.\n    at https://localhost:9000/__cypress/runner/cypress_runner.js:83597:25",
                "diff": null
              },
              "uuid": "a75ce9b1-c7bc-4ec6-99b0-248173cc255e",
              "parentUUID": "abd73883-c010-4a8d-8788-9f7ff9f6bc56",
              "isHook": false,
              "skipped": false
            },
            {
              "title": "insert member photo with empty file_nm",
              "fullTitle": "Member pattern (File) insert member photo with empty file_nm",
              "timedOut": null,
              "duration": 9212,
              "state": "failed",
              "speed": null,
              "pass": false,
              "fail": true,
              "pending": false,
              "context": null,
              "code": "var self = this,\n    args = arguments;\nreturn new Promise(function (resolve, reject) {\n  var gen = fn.apply(self, args);\n  function _next(value) {\n    asyncGeneratorStep(gen, resolve, reject, _next, _throw, \"next\", value);\n  }\n  function _throw(err) {\n    asyncGeneratorStep(gen, resolve, reject, _next, _throw, \"throw\", err);\n  }\n  _next(undefined);\n});",
              "err": {
                "message": "Error: Cypress command timeout of '5000ms' exceeded.",
                "estack": "Error: Cypress command timeout of '5000ms' exceeded.\n    at https://localhost:9000/__cypress/runner/cypress_runner.js:83597:25",
                "diff": null
              },
              "uuid": "16c93166-6da7-43d0-9a5e-4b3e5fd5432f",
              "parentUUID": "abd73883-c010-4a8d-8788-9f7ff9f6bc56",
              "isHook": false,
              "skipped": false
            },
            {
              "title": "insert member photo with null values",
              "fullTitle": "Member pattern (File) insert member photo with null values",
              "timedOut": null,
              "duration": 8588,
              "state": "failed",
              "speed": null,
              "pass": false,
              "fail": true,
              "pending": false,
              "context": null,
              "code": "var self = this,\n    args = arguments;\nreturn new Promise(function (resolve, reject) {\n  var gen = fn.apply(self, args);\n  function _next(value) {\n    asyncGeneratorStep(gen, resolve, reject, _next, _throw, \"next\", value);\n  }\n  function _throw(err) {\n    asyncGeneratorStep(gen, resolve, reject, _next, _throw, \"throw\", err);\n  }\n  _next(undefined);\n});",
              "err": {
                "message": "Error: Cypress command timeout of '5000ms' exceeded.",
                "estack": "Error: Cypress command timeout of '5000ms' exceeded.\n    at https://localhost:9000/__cypress/runner/cypress_runner.js:83597:25",
                "diff": null
              },
              "uuid": "1cd19734-b27c-488b-ab11-7beda1246285",
              "parentUUID": "abd73883-c010-4a8d-8788-9f7ff9f6bc56",
              "isHook": false,
              "skipped": false
            },
            {
              "title": "insert member photo with no extension",
              "fullTitle": "Member pattern (File) insert member photo with no extension",
              "timedOut": null,
              "duration": 9419,
              "state": "failed",
              "speed": null,
              "pass": false,
              "fail": true,
              "pending": false,
              "context": null,
              "code": "var self = this,\n    args = arguments;\nreturn new Promise(function (resolve, reject) {\n  var gen = fn.apply(self, args);\n  function _next(value) {\n    asyncGeneratorStep(gen, resolve, reject, _next, _throw, \"next\", value);\n  }\n  function _throw(err) {\n    asyncGeneratorStep(gen, resolve, reject, _next, _throw, \"throw\", err);\n  }\n  _next(undefined);\n});",
              "err": {
                "message": "Error: Cypress command timeout of '5000ms' exceeded.",
                "estack": "Error: Cypress command timeout of '5000ms' exceeded.\n    at https://localhost:9000/__cypress/runner/cypress_runner.js:83597:25",
                "diff": null
              },
              "uuid": "f3925efd-fe3b-48ce-977e-b7dcd591feef",
              "parentUUID": "abd73883-c010-4a8d-8788-9f7ff9f6bc56",
              "isHook": false,
              "skipped": false
            },
            {
              "title": "insert member photo with wrong extension in file_nm",
              "fullTitle": "Member pattern (File) insert member photo with wrong extension in file_nm",
              "timedOut": null,
              "duration": 9484,
              "state": "failed",
              "speed": null,
              "pass": false,
              "fail": true,
              "pending": false,
              "context": null,
              "code": "var self = this,\n    args = arguments;\nreturn new Promise(function (resolve, reject) {\n  var gen = fn.apply(self, args);\n  function _next(value) {\n    asyncGeneratorStep(gen, resolve, reject, _next, _throw, \"next\", value);\n  }\n  function _throw(err) {\n    asyncGeneratorStep(gen, resolve, reject, _next, _throw, \"throw\", err);\n  }\n  _next(undefined);\n});",
              "err": {
                "message": "Error: Cypress command timeout of '5000ms' exceeded.",
                "estack": "Error: Cypress command timeout of '5000ms' exceeded.\n    at https://localhost:9000/__cypress/runner/cypress_runner.js:83597:25",
                "diff": null
              },
              "uuid": "38f07a98-e967-4f79-9ac8-3c5623190952",
              "parentUUID": "abd73883-c010-4a8d-8788-9f7ff9f6bc56",
              "isHook": false,
              "skipped": false
            },
            {
              "title": "insert member photo with not image",
              "fullTitle": "Member pattern (File) insert member photo with not image",
              "timedOut": null,
              "duration": 9385,
              "state": "failed",
              "speed": null,
              "pass": false,
              "fail": true,
              "pending": false,
              "context": null,
              "code": "var self = this,\n    args = arguments;\nreturn new Promise(function (resolve, reject) {\n  var gen = fn.apply(self, args);\n  function _next(value) {\n    asyncGeneratorStep(gen, resolve, reject, _next, _throw, \"next\", value);\n  }\n  function _throw(err) {\n    asyncGeneratorStep(gen, resolve, reject, _next, _throw, \"throw\", err);\n  }\n  _next(undefined);\n});",
              "err": {
                "message": "Error: Cypress command timeout of '5000ms' exceeded.",
                "estack": "Error: Cypress command timeout of '5000ms' exceeded.\n    at https://localhost:9000/__cypress/runner/cypress_runner.js:83597:25",
                "diff": null
              },
              "uuid": "ed45840d-fadc-410e-814e-4cb04a294433",
              "parentUUID": "abd73883-c010-4a8d-8788-9f7ff9f6bc56",
              "isHook": false,
              "skipped": false
            }
          ],
          "suites": [],
          "passes": [],
          "failures": [
            "912b4bb5-d336-45fc-ae0d-ad474c76206d",
            "606fd6a1-d2f5-4f5c-9ce3-f89a75fead0f",
            "ce2c997b-50ed-49dc-b4d6-885ea4c8aadc",
            "19af179e-d248-41bb-a809-8771f043c194",
            "9bdaa1b8-b0c5-4898-952f-b9c1094a02b4",
            "e805768c-6bc8-41cd-8317-d2221d97a181",
            "f3921151-c432-4572-b724-75cbe907b8f4",
            "908ca1e0-a54e-4994-8bea-a3d6eb42cb5e",
            "758fa8ce-b404-4066-9e56-aca2d97d1181",
            "397dc340-46bc-482b-b169-5c9261c38e43",
            "e3b1ee39-9211-4288-83a0-d58a9614e8c0",
            "a75ce9b1-c7bc-4ec6-99b0-248173cc255e",
            "16c93166-6da7-43d0-9a5e-4b3e5fd5432f",
            "1cd19734-b27c-488b-ab11-7beda1246285",
            "f3925efd-fe3b-48ce-977e-b7dcd591feef",
            "38f07a98-e967-4f79-9ac8-3c5623190952",
            "ed45840d-fadc-410e-814e-4cb04a294433"
          ],
          "pending": [],
          "skipped": [],
          "duration": 156476,
          "root": false,
          "rootEmpty": false,
          "_timeout": 2000
        }
      ],
      "passes": [],
      "failures": [],
      "pending": [],
      "skipped": [],
      "duration": 0,
      "root": true,
      "rootEmpty": true,
      "_timeout": 2000
    }
  ],
  "meta": {
    "mocha": {
      "version": "8.1.1"
    },
    "mochawesome": {
      "options": {
        "quiet": false,
        "reportFilename": "mochawesome",
        "saveHtml": false,
        "saveJson": true,
        "consoleReporter": "spec",
        "useInlineDiffs": false,
        "code": true
      },
      "version": "6.1.1"
    },
    "marge": {
      "options": {
        "reportDir": "report",
        "quite": true,
        "overwrite": false,
        "html": false,
        "json": true,
        "timestamp": "yyyymmdd_HHMMss"
      },
      "version": "5.1.0"
    }
  }
}