{
  "stats": {
    "suites": 1,
    "tests": 1,
    "passes": 0,
    "pending": 0,
    "failures": 1,
    "start": "2020-08-27T15:22:39.807Z",
    "end": "2020-08-27T15:22:50.803Z",
    "duration": 10996,
    "testsRegistered": 1,
    "passPercent": 0,
    "pendingPercent": 0,
    "other": 0,
    "hasOther": false,
    "skipped": 0,
    "hasSkipped": false
  },
  "results": [
    {
      "uuid": "b4574e83-63b7-471e-ab5d-fc336ed781e6",
      "title": "",
      "fullFile": "tests/e2e/specs/scenario/Favorite.js",
      "file": "tests/e2e/specs/scenario/Favorite.js",
      "beforeHooks": [],
      "afterHooks": [],
      "tests": [],
      "suites": [
        {
          "uuid": "47f9589b-b111-4f9a-ac0a-2b06e4b7d2ee",
          "title": "Favorite",
          "fullFile": "",
          "file": "",
          "beforeHooks": [],
          "afterHooks": [],
          "tests": [
            {
              "title": "\n      delete all favorites of test member ->\n      get favorites of test members ->\n      insert favorite ->\n      get favorites including inserted one ->\n      delete favorites ->\n      get favorites not including deleted one\n  ",
              "fullTitle": "Favorite \n      delete all favorites of test member ->\n      get favorites of test members ->\n      insert favorite ->\n      get favorites including inserted one ->\n      delete favorites ->\n      get favorites not including deleted one\n  ",
              "timedOut": null,
              "duration": 10959,
              "state": "failed",
              "speed": null,
              "pass": false,
              "fail": true,
              "pending": false,
              "context": null,
              "code": "var self = this,\n    args = arguments;\nreturn new Promise(function (resolve, reject) {\n  var gen = fn.apply(self, args);\n  function _next(value) {\n    asyncGeneratorStep(gen, resolve, reject, _next, _throw, \"next\", value);\n  }\n  function _throw(err) {\n    asyncGeneratorStep(gen, resolve, reject, _next, _throw, \"throw\", err);\n  }\n  _next(undefined);\n});",
              "err": {
                "message": "Error: Cypress command timeout of '5000ms' exceeded.",
                "estack": "Error: Cypress command timeout of '5000ms' exceeded.\n    at https://localhost:9000/__cypress/runner/cypress_runner.js:83597:25",
                "diff": null
              },
              "uuid": "3eb3d709-2d88-4b98-a625-bf04e36ffdc8",
              "parentUUID": "47f9589b-b111-4f9a-ac0a-2b06e4b7d2ee",
              "isHook": false,
              "skipped": false
            }
          ],
          "suites": [],
          "passes": [],
          "failures": [
            "3eb3d709-2d88-4b98-a625-bf04e36ffdc8"
          ],
          "pending": [],
          "skipped": [],
          "duration": 10959,
          "root": false,
          "rootEmpty": false,
          "_timeout": 2000
        }
      ],
      "passes": [],
      "failures": [],
      "pending": [],
      "skipped": [],
      "duration": 0,
      "root": true,
      "rootEmpty": true,
      "_timeout": 2000
    }
  ],
  "meta": {
    "mocha": {
      "version": "8.1.1"
    },
    "mochawesome": {
      "options": {
        "quiet": false,
        "reportFilename": "mochawesome",
        "saveHtml": false,
        "saveJson": true,
        "consoleReporter": "spec",
        "useInlineDiffs": false,
        "code": true
      },
      "version": "6.1.1"
    },
    "marge": {
      "options": {
        "reportDir": "report",
        "quite": true,
        "overwrite": false,
        "html": false,
        "json": true,
        "timestamp": "yyyymmdd_HHMMss"
      },
      "version": "5.1.0"
    }
  }
}