{
  "stats": {
    "suites": 1,
    "tests": 1,
    "passes": 0,
    "pending": 0,
    "failures": 1,
    "start": "2020-08-27T10:55:11.761Z",
    "end": "2020-08-27T10:55:12.874Z",
    "duration": 1113,
    "testsRegistered": 1,
    "passPercent": 0,
    "pendingPercent": 0,
    "other": 0,
    "hasOther": false,
    "skipped": 0,
    "hasSkipped": false
  },
  "results": [
    {
      "uuid": "4dff6857-b6b3-4c0e-9a5f-42ca0c0ff027",
      "title": "",
      "fullFile": "tests/e2e/specs/etc/Auth.js",
      "file": "tests/e2e/specs/etc/Auth.js",
      "beforeHooks": [],
      "afterHooks": [],
      "tests": [],
      "suites": [
        {
          "uuid": "a1c294a9-d9b7-41bc-aa4f-4a6e9c2f0b9d",
          "title": "using Auth module with Token based system & has Login feature.",
          "fullFile": "",
          "file": "",
          "beforeHooks": [],
          "afterHooks": [],
          "tests": [
            {
              "title": "should recover access_token automatically and retry request when a request is 401.",
              "fullTitle": "using Auth module with Token based system & has Login feature. should recover access_token automatically and retry request when a request is 401.",
              "timedOut": null,
              "duration": 1096,
              "state": "failed",
              "speed": null,
              "pass": false,
              "fail": true,
              "pending": false,
              "context": null,
              "code": "var self = this,\n    args = arguments;\nreturn new Promise(function (resolve, reject) {\n  var gen = fn.apply(self, args);\n  function _next(value) {\n    asyncGeneratorStep(gen, resolve, reject, _next, _throw, \"next\", value);\n  }\n  function _throw(err) {\n    asyncGeneratorStep(gen, resolve, reject, _next, _throw, \"throw\", err);\n  }\n  _next(undefined);\n});",
              "err": {
                "message": "Error: Unauthorized",
                "estack": "Error: Unauthorized\n    at Object.catchGenericError (https://localhost:9000/__cypress/tests?p=tests/e2e/specs/etc/Auth.js-547:170:13)\n    at _callee2$ (https://localhost:9000/__cypress/tests?p=tests/e2e/specs/etc/Auth.js-547:2620:28)\n    at tryCatch (https://localhost:9000/__cypress/tests?p=tests/e2e/specs/etc/Auth.js-547:18909:40)\n    at Generator.invoke [as _invoke] (https://localhost:9000/__cypress/tests?p=tests/e2e/specs/etc/Auth.js-547:19139:22)\n    at Generator.next (https://localhost:9000/__cypress/tests?p=tests/e2e/specs/etc/Auth.js-547:18964:21)\n    at fulfilled (https://localhost:9000/__cypress/tests?p=tests/e2e/specs/etc/Auth.js-547:2500:24)",
                "diff": null
              },
              "uuid": "74b80e1e-dced-4778-8acb-1b672e1b3fde",
              "parentUUID": "a1c294a9-d9b7-41bc-aa4f-4a6e9c2f0b9d",
              "isHook": false,
              "skipped": false
            }
          ],
          "suites": [],
          "passes": [],
          "failures": [
            "74b80e1e-dced-4778-8acb-1b672e1b3fde"
          ],
          "pending": [],
          "skipped": [],
          "duration": 1096,
          "root": false,
          "rootEmpty": false,
          "_timeout": 2000
        }
      ],
      "passes": [],
      "failures": [],
      "pending": [],
      "skipped": [],
      "duration": 0,
      "root": true,
      "rootEmpty": true,
      "_timeout": 2000
    }
  ],
  "meta": {
    "mocha": {
      "version": "8.1.1"
    },
    "mochawesome": {
      "options": {
        "quiet": false,
        "reportFilename": "mochawesome",
        "saveHtml": false,
        "saveJson": true,
        "consoleReporter": "spec",
        "useInlineDiffs": false,
        "code": true
      },
      "version": "6.1.1"
    },
    "marge": {
      "options": {
        "reportDir": "report",
        "quite": true,
        "overwrite": false,
        "html": false,
        "json": true,
        "timestamp": "yyyymmdd_HHMMss"
      },
      "version": "5.1.0"
    }
  }
}