{
  "stats": {
    "suites": 1,
    "tests": 1,
    "passes": 0,
    "pending": 0,
    "failures": 1,
    "start": "2020-08-27T15:12:24.147Z",
    "end": "2020-08-27T15:12:35.549Z",
    "duration": 11402,
    "testsRegistered": 1,
    "passPercent": 0,
    "pendingPercent": 0,
    "other": 0,
    "hasOther": false,
    "skipped": 0,
    "hasSkipped": false
  },
  "results": [
    {
      "uuid": "6f43771e-6711-41bf-8a84-bb35944a216b",
      "title": "",
      "fullFile": "tests/e2e/specs/pattern/MemberFile.js",
      "file": "tests/e2e/specs/pattern/MemberFile.js",
      "beforeHooks": [],
      "afterHooks": [],
      "tests": [],
      "suites": [
        {
          "uuid": "1a85be74-1efd-43f5-8d7b-1d5efaeef6f1",
          "title": "Member pattern (File)",
          "fullFile": "",
          "file": "",
          "beforeHooks": [],
          "afterHooks": [],
          "tests": [
            {
              "title": "\n      insert member with member_photo & file ->\n      get member ->\n      update member with member_photo & file ->\n      get member ->\n      update member with only desc ->\n      get member ->\n      update member delete file ->\n      get member ->\n      delete member\n  ",
              "fullTitle": "Member pattern (File) \n      insert member with member_photo & file ->\n      get member ->\n      update member with member_photo & file ->\n      get member ->\n      update member with only desc ->\n      get member ->\n      update member delete file ->\n      get member ->\n      delete member\n  ",
              "timedOut": null,
              "duration": 11363,
              "state": "failed",
              "speed": null,
              "pass": false,
              "fail": true,
              "pending": false,
              "context": null,
              "code": "var self = this,\n    args = arguments;\nreturn new Promise(function (resolve, reject) {\n  var gen = fn.apply(self, args);\n  function _next(value) {\n    asyncGeneratorStep(gen, resolve, reject, _next, _throw, \"next\", value);\n  }\n  function _throw(err) {\n    asyncGeneratorStep(gen, resolve, reject, _next, _throw, \"throw\", err);\n  }\n  _next(undefined);\n});",
              "err": {
                "message": "Error: Cypress command timeout of '5000ms' exceeded.",
                "estack": "Error: Cypress command timeout of '5000ms' exceeded.\n    at https://localhost:9000/__cypress/runner/cypress_runner.js:83597:25",
                "diff": null
              },
              "uuid": "08eb3eb5-aae7-4e5f-b1cb-9528b3898f4f",
              "parentUUID": "1a85be74-1efd-43f5-8d7b-1d5efaeef6f1",
              "isHook": false,
              "skipped": false
            }
          ],
          "suites": [],
          "passes": [],
          "failures": [
            "08eb3eb5-aae7-4e5f-b1cb-9528b3898f4f"
          ],
          "pending": [],
          "skipped": [],
          "duration": 11363,
          "root": false,
          "rootEmpty": false,
          "_timeout": 2000
        }
      ],
      "passes": [],
      "failures": [],
      "pending": [],
      "skipped": [],
      "duration": 0,
      "root": true,
      "rootEmpty": true,
      "_timeout": 2000
    }
  ],
  "meta": {
    "mocha": {
      "version": "8.1.1"
    },
    "mochawesome": {
      "options": {
        "quiet": false,
        "reportFilename": "mochawesome",
        "saveHtml": false,
        "saveJson": true,
        "consoleReporter": "spec",
        "useInlineDiffs": false,
        "code": true
      },
      "version": "6.1.1"
    },
    "marge": {
      "options": {
        "reportDir": "report",
        "quite": true,
        "overwrite": false,
        "html": false,
        "json": true,
        "timestamp": "yyyymmdd_HHMMss"
      },
      "version": "5.1.0"
    }
  }
}