{
  "stats": {
    "suites": 1,
    "tests": 1,
    "passes": 0,
    "pending": 0,
    "failures": 1,
    "start": "2020-08-27T15:16:42.983Z",
    "end": "2020-08-27T15:16:54.238Z",
    "duration": 11255,
    "testsRegistered": 1,
    "passPercent": 0,
    "pendingPercent": 0,
    "other": 0,
    "hasOther": false,
    "skipped": 0,
    "hasSkipped": false
  },
  "results": [
    {
      "uuid": "8d1c6e42-6f7e-4a65-9848-f7cf504ff390",
      "title": "",
      "fullFile": "tests/e2e/specs/pattern/TopicsFile.js",
      "file": "tests/e2e/specs/pattern/TopicsFile.js",
      "beforeHooks": [],
      "afterHooks": [],
      "tests": [],
      "suites": [
        {
          "uuid": "ffe8f16d-aeeb-4605-b1c3-4c71f069c857",
          "title": "Topics pattern (File)",
          "fullFile": "",
          "file": "",
          "beforeHooks": [],
          "afterHooks": [],
          "tests": [
            {
              "title": "\n      post insert topic with file ->\n      get inserted topic ->\n      post update topic with file ->\n      get updated topic ->\n      post update topic with only desc ->\n      get updated topic ->\n      post update topic with desc & file_nm ->\n      get updated topic ->\n      post update topic delete file ->\n      hey updated topic ->\n      post delete topic ->\n      get deleted topic\n  ",
              "fullTitle": "Topics pattern (File) \n      post insert topic with file ->\n      get inserted topic ->\n      post update topic with file ->\n      get updated topic ->\n      post update topic with only desc ->\n      get updated topic ->\n      post update topic with desc & file_nm ->\n      get updated topic ->\n      post update topic delete file ->\n      hey updated topic ->\n      post delete topic ->\n      get deleted topic\n  ",
              "timedOut": null,
              "duration": 11206,
              "state": "failed",
              "speed": null,
              "pass": false,
              "fail": true,
              "pending": false,
              "context": null,
              "code": "var self = this,\n    args = arguments;\nreturn new Promise(function (resolve, reject) {\n  var gen = fn.apply(self, args);\n  function _next(value) {\n    asyncGeneratorStep(gen, resolve, reject, _next, _throw, \"next\", value);\n  }\n  function _throw(err) {\n    asyncGeneratorStep(gen, resolve, reject, _next, _throw, \"throw\", err);\n  }\n  _next(undefined);\n});",
              "err": {
                "message": "Error: Cypress command timeout of '5000ms' exceeded.",
                "estack": "Error: Cypress command timeout of '5000ms' exceeded.\n    at https://localhost:9000/__cypress/runner/cypress_runner.js:83597:25",
                "diff": null
              },
              "uuid": "c3b3d617-173b-4b48-84ac-8dbfa301a281",
              "parentUUID": "ffe8f16d-aeeb-4605-b1c3-4c71f069c857",
              "isHook": false,
              "skipped": false
            }
          ],
          "suites": [],
          "passes": [],
          "failures": [
            "c3b3d617-173b-4b48-84ac-8dbfa301a281"
          ],
          "pending": [],
          "skipped": [],
          "duration": 11206,
          "root": false,
          "rootEmpty": false,
          "_timeout": 2000
        }
      ],
      "passes": [],
      "failures": [],
      "pending": [],
      "skipped": [],
      "duration": 0,
      "root": true,
      "rootEmpty": true,
      "_timeout": 2000
    }
  ],
  "meta": {
    "mocha": {
      "version": "8.1.1"
    },
    "mochawesome": {
      "options": {
        "quiet": false,
        "reportFilename": "mochawesome",
        "saveHtml": false,
        "saveJson": true,
        "consoleReporter": "spec",
        "useInlineDiffs": false,
        "code": true
      },
      "version": "6.1.1"
    },
    "marge": {
      "options": {
        "reportDir": "report",
        "quite": true,
        "overwrite": false,
        "html": false,
        "json": true,
        "timestamp": "yyyymmdd_HHMMss"
      },
      "version": "5.1.0"
    }
  }
}