{
  "stats": {
    "suites": 1,
    "tests": 2,
    "passes": 0,
    "pending": 0,
    "failures": 2,
    "start": "2020-08-27T15:23:11.887Z",
    "end": "2020-08-27T15:23:32.227Z",
    "duration": 20340,
    "testsRegistered": 2,
    "passPercent": 0,
    "pendingPercent": 0,
    "other": 0,
    "hasOther": false,
    "skipped": 0,
    "hasSkipped": false
  },
  "results": [
    {
      "uuid": "604f0464-4e00-40cf-aa09-eb43563e416f",
      "title": "",
      "fullFile": "tests/e2e/specs/scenario/Member.js",
      "file": "tests/e2e/specs/scenario/Member.js",
      "beforeHooks": [],
      "afterHooks": [],
      "tests": [],
      "suites": [
        {
          "uuid": "a793981c-0f67-4609-885e-5a730af37023",
          "title": "Member",
          "fullFile": "",
          "file": "",
          "beforeHooks": [],
          "afterHooks": [],
          "tests": [
            {
              "title": "\n      get members ->\n      get member by ID ->\n      post insert member ->\n      get members including updated one ->\n      get member by ID of inserted one ->\n      post update inserted member ->\n      get members including updated one ->\n      get member by ID of updated one ->\n      post delete updated member ->\n      get members not including deleted one ->\n      get member by ID of deleted one (should be empty)\n    ",
              "fullTitle": "Member \n      get members ->\n      get member by ID ->\n      post insert member ->\n      get members including updated one ->\n      get member by ID of inserted one ->\n      post update inserted member ->\n      get members including updated one ->\n      get member by ID of updated one ->\n      post delete updated member ->\n      get members not including deleted one ->\n      get member by ID of deleted one (should be empty)\n    ",
              "timedOut": null,
              "duration": 10872,
              "state": "failed",
              "speed": null,
              "pass": false,
              "fail": true,
              "pending": false,
              "context": null,
              "code": "var self = this,\n    args = arguments;\nreturn new Promise(function (resolve, reject) {\n  var gen = fn.apply(self, args);\n  function _next(value) {\n    asyncGeneratorStep(gen, resolve, reject, _next, _throw, \"next\", value);\n  }\n  function _throw(err) {\n    asyncGeneratorStep(gen, resolve, reject, _next, _throw, \"throw\", err);\n  }\n  _next(undefined);\n});",
              "err": {
                "message": "Error: Cypress command timeout of '5000ms' exceeded.",
                "estack": "Error: Cypress command timeout of '5000ms' exceeded.\n    at https://localhost:9000/__cypress/runner/cypress_runner.js:83597:25",
                "diff": null
              },
              "uuid": "e2517714-dc32-4370-a213-5ad57028fd3e",
              "parentUUID": "a793981c-0f67-4609-885e-5a730af37023",
              "isHook": false,
              "skipped": false
            },
            {
              "title": "\n      post insert member ->\n      get member by ID of inserted one ->\n      login ->\n      post me/update ->\n      get member by ID of inserted one ->\n      post me/delete ->\n      get member by ID of deleted one (should be empty)\n  ",
              "fullTitle": "Member \n      post insert member ->\n      get member by ID of inserted one ->\n      login ->\n      post me/update ->\n      get member by ID of inserted one ->\n      post me/delete ->\n      get member by ID of deleted one (should be empty)\n  ",
              "timedOut": null,
              "duration": 9407,
              "state": "failed",
              "speed": null,
              "pass": false,
              "fail": true,
              "pending": false,
              "context": null,
              "code": "var self = this,\n    args = arguments;\nreturn new Promise(function (resolve, reject) {\n  var gen = fn.apply(self, args);\n  function _next(value) {\n    asyncGeneratorStep(gen, resolve, reject, _next, _throw, \"next\", value);\n  }\n  function _throw(err) {\n    asyncGeneratorStep(gen, resolve, reject, _next, _throw, \"throw\", err);\n  }\n  _next(undefined);\n});",
              "err": {
                "message": "Error: Cypress command timeout of '5000ms' exceeded.",
                "estack": "Error: Cypress command timeout of '5000ms' exceeded.\n    at https://localhost:9000/__cypress/runner/cypress_runner.js:83597:25",
                "diff": null
              },
              "uuid": "ca53c2e1-1805-4fde-8ca8-ff6bbad79671",
              "parentUUID": "a793981c-0f67-4609-885e-5a730af37023",
              "isHook": false,
              "skipped": false
            }
          ],
          "suites": [],
          "passes": [],
          "failures": [
            "e2517714-dc32-4370-a213-5ad57028fd3e",
            "ca53c2e1-1805-4fde-8ca8-ff6bbad79671"
          ],
          "pending": [],
          "skipped": [],
          "duration": 20279,
          "root": false,
          "rootEmpty": false,
          "_timeout": 2000
        }
      ],
      "passes": [],
      "failures": [],
      "pending": [],
      "skipped": [],
      "duration": 0,
      "root": true,
      "rootEmpty": true,
      "_timeout": 2000
    }
  ],
  "meta": {
    "mocha": {
      "version": "8.1.1"
    },
    "mochawesome": {
      "options": {
        "quiet": false,
        "reportFilename": "mochawesome",
        "saveHtml": false,
        "saveJson": true,
        "consoleReporter": "spec",
        "useInlineDiffs": false,
        "code": true
      },
      "version": "6.1.1"
    },
    "marge": {
      "options": {
        "reportDir": "report",
        "quite": true,
        "overwrite": false,
        "html": false,
        "json": true,
        "timestamp": "yyyymmdd_HHMMss"
      },
      "version": "5.1.0"
    }
  }
}