{
  "stats": {
    "suites": 1,
    "tests": 19,
    "passes": 0,
    "pending": 0,
    "failures": 19,
    "start": "2020-08-27T15:09:26.608Z",
    "end": "2020-08-27T15:12:04.705Z",
    "duration": 158097,
    "testsRegistered": 19,
    "passPercent": 0,
    "pendingPercent": 0,
    "other": 0,
    "hasOther": false,
    "skipped": 0,
    "hasSkipped": false
  },
  "results": [
    {
      "uuid": "64e07dba-834b-45f1-b2a7-b4efe8ae1865",
      "title": "",
      "fullFile": "tests/e2e/specs/pattern/Member.js",
      "file": "tests/e2e/specs/pattern/Member.js",
      "beforeHooks": [],
      "afterHooks": [],
      "tests": [],
      "suites": [
        {
          "uuid": "57f1bbb1-9e87-4555-8d27-6bf29f45e6d4",
          "title": "Member pattern",
          "fullFile": "",
          "file": "",
          "beforeHooks": [],
          "afterHooks": [],
          "tests": [
            {
              "title": "\n      post insert member with short ext ->\n      get member by ID of inserted one ->\n      post delete updated member\n  ",
              "fullTitle": "Member pattern \n      post insert member with short ext ->\n      get member by ID of inserted one ->\n      post delete updated member\n  ",
              "timedOut": null,
              "duration": 11044,
              "state": "failed",
              "speed": null,
              "pass": false,
              "fail": true,
              "pending": false,
              "context": null,
              "code": "var self = this,\n    args = arguments;\nreturn new Promise(function (resolve, reject) {\n  var gen = fn.apply(self, args);\n  function _next(value) {\n    asyncGeneratorStep(gen, resolve, reject, _next, _throw, \"next\", value);\n  }\n  function _throw(err) {\n    asyncGeneratorStep(gen, resolve, reject, _next, _throw, \"throw\", err);\n  }\n  _next(undefined);\n});",
              "err": {
                "message": "Error: Cypress command timeout of '5000ms' exceeded.",
                "estack": "Error: Cypress command timeout of '5000ms' exceeded.\n    at https://localhost:9000/__cypress/runner/cypress_runner.js:83597:25",
                "diff": null
              },
              "uuid": "0f3b8222-c8fb-4e17-bc52-d80ee76863bf",
              "parentUUID": "57f1bbb1-9e87-4555-8d27-6bf29f45e6d4",
              "isHook": false,
              "skipped": false
            },
            {
              "title": "\n      post insert member ->\n      get member by ID of inserted one ->\n      post update inserted member (no changes) ->\n      get member by ID of updated one ->\n      compare inserted member and updated member ->\n      post delete updated member\n  ",
              "fullTitle": "Member pattern \n      post insert member ->\n      get member by ID of inserted one ->\n      post update inserted member (no changes) ->\n      get member by ID of updated one ->\n      compare inserted member and updated member ->\n      post delete updated member\n  ",
              "timedOut": null,
              "duration": 8889,
              "state": "failed",
              "speed": null,
              "pass": false,
              "fail": true,
              "pending": false,
              "context": null,
              "code": "var self = this,\n    args = arguments;\nreturn new Promise(function (resolve, reject) {\n  var gen = fn.apply(self, args);\n  function _next(value) {\n    asyncGeneratorStep(gen, resolve, reject, _next, _throw, \"next\", value);\n  }\n  function _throw(err) {\n    asyncGeneratorStep(gen, resolve, reject, _next, _throw, \"throw\", err);\n  }\n  _next(undefined);\n});",
              "err": {
                "message": "Error: Cypress command timeout of '5000ms' exceeded.",
                "estack": "Error: Cypress command timeout of '5000ms' exceeded.\n    at https://localhost:9000/__cypress/runner/cypress_runner.js:83597:25",
                "diff": null
              },
              "uuid": "b458841c-72b5-4851-9da8-d29cc3b82f6d",
              "parentUUID": "57f1bbb1-9e87-4555-8d27-6bf29f45e6d4",
              "isHook": false,
              "skipped": false
            },
            {
              "title": "\n      post insert member ->\n      get member by ID of inserted one ->\n      post update inserted member with empty values ->\n      get member by ID of updated one\n  ",
              "fullTitle": "Member pattern \n      post insert member ->\n      get member by ID of inserted one ->\n      post update inserted member with empty values ->\n      get member by ID of updated one\n  ",
              "timedOut": null,
              "duration": 8537,
              "state": "failed",
              "speed": null,
              "pass": false,
              "fail": true,
              "pending": false,
              "context": null,
              "code": "var self = this,\n    args = arguments;\nreturn new Promise(function (resolve, reject) {\n  var gen = fn.apply(self, args);\n  function _next(value) {\n    asyncGeneratorStep(gen, resolve, reject, _next, _throw, \"next\", value);\n  }\n  function _throw(err) {\n    asyncGeneratorStep(gen, resolve, reject, _next, _throw, \"throw\", err);\n  }\n  _next(undefined);\n});",
              "err": {
                "message": "Error: Cypress command timeout of '5000ms' exceeded.",
                "estack": "Error: Cypress command timeout of '5000ms' exceeded.\n    at https://localhost:9000/__cypress/runner/cypress_runner.js:83597:25",
                "diff": null
              },
              "uuid": "05a4ae47-5fb1-406c-b1fe-53124b9c3896",
              "parentUUID": "57f1bbb1-9e87-4555-8d27-6bf29f45e6d4",
              "isHook": false,
              "skipped": false
            },
            {
              "title": "post me/update without login -> error",
              "fullTitle": "Member pattern post me/update without login -> error",
              "timedOut": null,
              "duration": 6257,
              "state": "failed",
              "speed": null,
              "pass": false,
              "fail": true,
              "pending": false,
              "context": null,
              "code": "var self = this,\n    args = arguments;\nreturn new Promise(function (resolve, reject) {\n  var gen = fn.apply(self, args);\n  function _next(value) {\n    asyncGeneratorStep(gen, resolve, reject, _next, _throw, \"next\", value);\n  }\n  function _throw(err) {\n    asyncGeneratorStep(gen, resolve, reject, _next, _throw, \"throw\", err);\n  }\n  _next(undefined);\n});",
              "err": {
                "message": "Error: Cypress command timeout of '5000ms' exceeded.",
                "estack": "Error: Cypress command timeout of '5000ms' exceeded.\n    at https://localhost:9000/__cypress/runner/cypress_runner.js:83597:25",
                "diff": null
              },
              "uuid": "30d2d95b-6210-429f-8296-a7ed341b3036",
              "parentUUID": "57f1bbb1-9e87-4555-8d27-6bf29f45e6d4",
              "isHook": false,
              "skipped": false
            },
            {
              "title": "post me/delete without login -> error",
              "fullTitle": "Member pattern post me/delete without login -> error",
              "timedOut": null,
              "duration": 1223,
              "state": "failed",
              "speed": null,
              "pass": false,
              "fail": true,
              "pending": false,
              "context": null,
              "code": "var self = this,\n    args = arguments;\nreturn new Promise(function (resolve, reject) {\n  var gen = fn.apply(self, args);\n  function _next(value) {\n    asyncGeneratorStep(gen, resolve, reject, _next, _throw, \"next\", value);\n  }\n  function _throw(err) {\n    asyncGeneratorStep(gen, resolve, reject, _next, _throw, \"throw\", err);\n  }\n  _next(undefined);\n});",
              "err": {
                "message": "AssertionError: expected 401 to equal 403",
                "estack": "AssertionError: expected 401 to equal 403",
                "diff": "- 401\n+ 403\n"
              },
              "uuid": "55da042e-1447-43e5-86b3-b1544c264a1a",
              "parentUUID": "57f1bbb1-9e87-4555-8d27-6bf29f45e6d4",
              "isHook": false,
              "skipped": false
            },
            {
              "title": "post insert member without required email -> error",
              "fullTitle": "Member pattern post insert member without required email -> error",
              "timedOut": null,
              "duration": 8161,
              "state": "failed",
              "speed": null,
              "pass": false,
              "fail": true,
              "pending": false,
              "context": null,
              "code": "var self = this,\n    args = arguments;\nreturn new Promise(function (resolve, reject) {\n  var gen = fn.apply(self, args);\n  function _next(value) {\n    asyncGeneratorStep(gen, resolve, reject, _next, _throw, \"next\", value);\n  }\n  function _throw(err) {\n    asyncGeneratorStep(gen, resolve, reject, _next, _throw, \"throw\", err);\n  }\n  _next(undefined);\n});",
              "err": {
                "message": "Error: Cypress command timeout of '5000ms' exceeded.",
                "estack": "Error: Cypress command timeout of '5000ms' exceeded.\n    at https://localhost:9000/__cypress/runner/cypress_runner.js:83597:25",
                "diff": null
              },
              "uuid": "5201e579-4347-4ee7-97e6-48ab369b89f5",
              "parentUUID": "57f1bbb1-9e87-4555-8d27-6bf29f45e6d4",
              "isHook": false,
              "skipped": false
            },
            {
              "title": "post insert member without required login_pwd -> error",
              "fullTitle": "Member pattern post insert member without required login_pwd -> error",
              "timedOut": null,
              "duration": 8545,
              "state": "failed",
              "speed": null,
              "pass": false,
              "fail": true,
              "pending": false,
              "context": null,
              "code": "var self = this,\n    args = arguments;\nreturn new Promise(function (resolve, reject) {\n  var gen = fn.apply(self, args);\n  function _next(value) {\n    asyncGeneratorStep(gen, resolve, reject, _next, _throw, \"next\", value);\n  }\n  function _throw(err) {\n    asyncGeneratorStep(gen, resolve, reject, _next, _throw, \"throw\", err);\n  }\n  _next(undefined);\n});",
              "err": {
                "message": "Error: Cypress command timeout of '5000ms' exceeded.",
                "estack": "Error: Cypress command timeout of '5000ms' exceeded.\n    at https://localhost:9000/__cypress/runner/cypress_runner.js:83597:25",
                "diff": null
              },
              "uuid": "fb4d025e-3c24-42da-802a-716429461088",
              "parentUUID": "57f1bbb1-9e87-4555-8d27-6bf29f45e6d4",
              "isHook": false,
              "skipped": false
            },
            {
              "title": "post insert member without required nickname -> error",
              "fullTitle": "Member pattern post insert member without required nickname -> error",
              "timedOut": null,
              "duration": 8452,
              "state": "failed",
              "speed": null,
              "pass": false,
              "fail": true,
              "pending": false,
              "context": null,
              "code": "var self = this,\n    args = arguments;\nreturn new Promise(function (resolve, reject) {\n  var gen = fn.apply(self, args);\n  function _next(value) {\n    asyncGeneratorStep(gen, resolve, reject, _next, _throw, \"next\", value);\n  }\n  function _throw(err) {\n    asyncGeneratorStep(gen, resolve, reject, _next, _throw, \"throw\", err);\n  }\n  _next(undefined);\n});",
              "err": {
                "message": "Error: Cypress command timeout of '5000ms' exceeded.",
                "estack": "Error: Cypress command timeout of '5000ms' exceeded.\n    at https://localhost:9000/__cypress/runner/cypress_runner.js:83597:25",
                "diff": null
              },
              "uuid": "904b8c28-f1c7-4727-82dc-db0d9df52675",
              "parentUUID": "57f1bbb1-9e87-4555-8d27-6bf29f45e6d4",
              "isHook": false,
              "skipped": false
            },
            {
              "title": "post insert member without required text -> error",
              "fullTitle": "Member pattern post insert member without required text -> error",
              "timedOut": null,
              "duration": 8766,
              "state": "failed",
              "speed": null,
              "pass": false,
              "fail": true,
              "pending": false,
              "context": null,
              "code": "var self = this,\n    args = arguments;\nreturn new Promise(function (resolve, reject) {\n  var gen = fn.apply(self, args);\n  function _next(value) {\n    asyncGeneratorStep(gen, resolve, reject, _next, _throw, \"next\", value);\n  }\n  function _throw(err) {\n    asyncGeneratorStep(gen, resolve, reject, _next, _throw, \"throw\", err);\n  }\n  _next(undefined);\n});",
              "err": {
                "message": "Error: Cypress command timeout of '5000ms' exceeded.",
                "estack": "Error: Cypress command timeout of '5000ms' exceeded.\n    at https://localhost:9000/__cypress/runner/cypress_runner.js:83597:25",
                "diff": null
              },
              "uuid": "134cf946-a5d0-410a-8940-7fcf52a6e920",
              "parentUUID": "57f1bbb1-9e87-4555-8d27-6bf29f45e6d4",
              "isHook": false,
              "skipped": false
            },
            {
              "title": "post insert member with malformed email -> error",
              "fullTitle": "Member pattern post insert member with malformed email -> error",
              "timedOut": null,
              "duration": 8382,
              "state": "failed",
              "speed": null,
              "pass": false,
              "fail": true,
              "pending": false,
              "context": null,
              "code": "var self = this,\n    args = arguments;\nreturn new Promise(function (resolve, reject) {\n  var gen = fn.apply(self, args);\n  function _next(value) {\n    asyncGeneratorStep(gen, resolve, reject, _next, _throw, \"next\", value);\n  }\n  function _throw(err) {\n    asyncGeneratorStep(gen, resolve, reject, _next, _throw, \"throw\", err);\n  }\n  _next(undefined);\n});",
              "err": {
                "message": "Error: Cypress command timeout of '5000ms' exceeded.",
                "estack": "Error: Cypress command timeout of '5000ms' exceeded.\n    at https://localhost:9000/__cypress/runner/cypress_runner.js:83597:25",
                "diff": null
              },
              "uuid": "24fa1adb-e7d4-4f8d-92a7-623ee4bab181",
              "parentUUID": "57f1bbb1-9e87-4555-8d27-6bf29f45e6d4",
              "isHook": false,
              "skipped": false
            },
            {
              "title": "post insert member with malformed login_pwd -> error",
              "fullTitle": "Member pattern post insert member with malformed login_pwd -> error",
              "timedOut": null,
              "duration": 8613,
              "state": "failed",
              "speed": null,
              "pass": false,
              "fail": true,
              "pending": false,
              "context": null,
              "code": "var self = this,\n    args = arguments;\nreturn new Promise(function (resolve, reject) {\n  var gen = fn.apply(self, args);\n  function _next(value) {\n    asyncGeneratorStep(gen, resolve, reject, _next, _throw, \"next\", value);\n  }\n  function _throw(err) {\n    asyncGeneratorStep(gen, resolve, reject, _next, _throw, \"throw\", err);\n  }\n  _next(undefined);\n});",
              "err": {
                "message": "Error: Cypress command timeout of '5000ms' exceeded.",
                "estack": "Error: Cypress command timeout of '5000ms' exceeded.\n    at https://localhost:9000/__cypress/runner/cypress_runner.js:83597:25",
                "diff": null
              },
              "uuid": "5c49aa85-c92b-4698-a9a8-9bfd0c07961a",
              "parentUUID": "57f1bbb1-9e87-4555-8d27-6bf29f45e6d4",
              "isHook": false,
              "skipped": false
            },
            {
              "title": "post insert member with malformed nickname -> error",
              "fullTitle": "Member pattern post insert member with malformed nickname -> error",
              "timedOut": null,
              "duration": 8626,
              "state": "failed",
              "speed": null,
              "pass": false,
              "fail": true,
              "pending": false,
              "context": null,
              "code": "var self = this,\n    args = arguments;\nreturn new Promise(function (resolve, reject) {\n  var gen = fn.apply(self, args);\n  function _next(value) {\n    asyncGeneratorStep(gen, resolve, reject, _next, _throw, \"next\", value);\n  }\n  function _throw(err) {\n    asyncGeneratorStep(gen, resolve, reject, _next, _throw, \"throw\", err);\n  }\n  _next(undefined);\n});",
              "err": {
                "message": "Error: Cypress command timeout of '5000ms' exceeded.",
                "estack": "Error: Cypress command timeout of '5000ms' exceeded.\n    at https://localhost:9000/__cypress/runner/cypress_runner.js:83597:25",
                "diff": null
              },
              "uuid": "3222dd4c-564a-453c-8a7d-1a8a73335af3",
              "parentUUID": "57f1bbb1-9e87-4555-8d27-6bf29f45e6d4",
              "isHook": false,
              "skipped": false
            },
            {
              "title": "post insert member with malformed sex -> error",
              "fullTitle": "Member pattern post insert member with malformed sex -> error",
              "timedOut": null,
              "duration": 8730,
              "state": "failed",
              "speed": null,
              "pass": false,
              "fail": true,
              "pending": false,
              "context": null,
              "code": "var self = this,\n    args = arguments;\nreturn new Promise(function (resolve, reject) {\n  var gen = fn.apply(self, args);\n  function _next(value) {\n    asyncGeneratorStep(gen, resolve, reject, _next, _throw, \"next\", value);\n  }\n  function _throw(err) {\n    asyncGeneratorStep(gen, resolve, reject, _next, _throw, \"throw\", err);\n  }\n  _next(undefined);\n});",
              "err": {
                "message": "Error: Cypress command timeout of '5000ms' exceeded.",
                "estack": "Error: Cypress command timeout of '5000ms' exceeded.\n    at https://localhost:9000/__cypress/runner/cypress_runner.js:83597:25",
                "diff": null
              },
              "uuid": "3a96af41-e8ce-4596-80cd-492655c12fe8",
              "parentUUID": "57f1bbb1-9e87-4555-8d27-6bf29f45e6d4",
              "isHook": false,
              "skipped": false
            },
            {
              "title": "post insert member with malformed birth -> error",
              "fullTitle": "Member pattern post insert member with malformed birth -> error",
              "timedOut": null,
              "duration": 8707,
              "state": "failed",
              "speed": null,
              "pass": false,
              "fail": true,
              "pending": false,
              "context": null,
              "code": "var self = this,\n    args = arguments;\nreturn new Promise(function (resolve, reject) {\n  var gen = fn.apply(self, args);\n  function _next(value) {\n    asyncGeneratorStep(gen, resolve, reject, _next, _throw, \"next\", value);\n  }\n  function _throw(err) {\n    asyncGeneratorStep(gen, resolve, reject, _next, _throw, \"throw\", err);\n  }\n  _next(undefined);\n});",
              "err": {
                "message": "Error: Cypress command timeout of '5000ms' exceeded.",
                "estack": "Error: Cypress command timeout of '5000ms' exceeded.\n    at https://localhost:9000/__cypress/runner/cypress_runner.js:83597:25",
                "diff": null
              },
              "uuid": "94ff9813-5e83-4641-8baa-5d4632f14666",
              "parentUUID": "57f1bbb1-9e87-4555-8d27-6bf29f45e6d4",
              "isHook": false,
              "skipped": false
            },
            {
              "title": "post insert member with malformed radio -> error",
              "fullTitle": "Member pattern post insert member with malformed radio -> error",
              "timedOut": null,
              "duration": 8814,
              "state": "failed",
              "speed": null,
              "pass": false,
              "fail": true,
              "pending": false,
              "context": null,
              "code": "var self = this,\n    args = arguments;\nreturn new Promise(function (resolve, reject) {\n  var gen = fn.apply(self, args);\n  function _next(value) {\n    asyncGeneratorStep(gen, resolve, reject, _next, _throw, \"next\", value);\n  }\n  function _throw(err) {\n    asyncGeneratorStep(gen, resolve, reject, _next, _throw, \"throw\", err);\n  }\n  _next(undefined);\n});",
              "err": {
                "message": "Error: Cypress command timeout of '5000ms' exceeded.",
                "estack": "Error: Cypress command timeout of '5000ms' exceeded.\n    at https://localhost:9000/__cypress/runner/cypress_runner.js:83597:25",
                "diff": null
              },
              "uuid": "274b0a00-ceb2-4899-be33-48edbb089ef2",
              "parentUUID": "57f1bbb1-9e87-4555-8d27-6bf29f45e6d4",
              "isHook": false,
              "skipped": false
            },
            {
              "title": "post insert member with malformed selectbox -> error",
              "fullTitle": "Member pattern post insert member with malformed selectbox -> error",
              "timedOut": null,
              "duration": 8788,
              "state": "failed",
              "speed": null,
              "pass": false,
              "fail": true,
              "pending": false,
              "context": null,
              "code": "var self = this,\n    args = arguments;\nreturn new Promise(function (resolve, reject) {\n  var gen = fn.apply(self, args);\n  function _next(value) {\n    asyncGeneratorStep(gen, resolve, reject, _next, _throw, \"next\", value);\n  }\n  function _throw(err) {\n    asyncGeneratorStep(gen, resolve, reject, _next, _throw, \"throw\", err);\n  }\n  _next(undefined);\n});",
              "err": {
                "message": "Error: Cypress command timeout of '5000ms' exceeded.",
                "estack": "Error: Cypress command timeout of '5000ms' exceeded.\n    at https://localhost:9000/__cypress/runner/cypress_runner.js:83597:25",
                "diff": null
              },
              "uuid": "674b68e6-6bc9-4ecc-8eb0-c4f8f2122fde",
              "parentUUID": "57f1bbb1-9e87-4555-8d27-6bf29f45e6d4",
              "isHook": false,
              "skipped": false
            },
            {
              "title": "post insert member with malformed checkbox -> error",
              "fullTitle": "Member pattern post insert member with malformed checkbox -> error",
              "timedOut": null,
              "duration": 8825,
              "state": "failed",
              "speed": null,
              "pass": false,
              "fail": true,
              "pending": false,
              "context": null,
              "code": "var self = this,\n    args = arguments;\nreturn new Promise(function (resolve, reject) {\n  var gen = fn.apply(self, args);\n  function _next(value) {\n    asyncGeneratorStep(gen, resolve, reject, _next, _throw, \"next\", value);\n  }\n  function _throw(err) {\n    asyncGeneratorStep(gen, resolve, reject, _next, _throw, \"throw\", err);\n  }\n  _next(undefined);\n});",
              "err": {
                "message": "Error: Cypress command timeout of '5000ms' exceeded.",
                "estack": "Error: Cypress command timeout of '5000ms' exceeded.\n    at https://localhost:9000/__cypress/runner/cypress_runner.js:83597:25",
                "diff": null
              },
              "uuid": "7a2bbb93-b4f9-47ca-8506-472c75a35faf",
              "parentUUID": "57f1bbb1-9e87-4555-8d27-6bf29f45e6d4",
              "isHook": false,
              "skipped": false
            },
            {
              "title": "post insert member with malformed date -> error",
              "fullTitle": "Member pattern post insert member with malformed date -> error",
              "timedOut": null,
              "duration": 8690,
              "state": "failed",
              "speed": null,
              "pass": false,
              "fail": true,
              "pending": false,
              "context": null,
              "code": "var self = this,\n    args = arguments;\nreturn new Promise(function (resolve, reject) {\n  var gen = fn.apply(self, args);\n  function _next(value) {\n    asyncGeneratorStep(gen, resolve, reject, _next, _throw, \"next\", value);\n  }\n  function _throw(err) {\n    asyncGeneratorStep(gen, resolve, reject, _next, _throw, \"throw\", err);\n  }\n  _next(undefined);\n});",
              "err": {
                "message": "Error: Cypress command timeout of '5000ms' exceeded.",
                "estack": "Error: Cypress command timeout of '5000ms' exceeded.\n    at https://localhost:9000/__cypress/runner/cypress_runner.js:83597:25",
                "diff": null
              },
              "uuid": "dc159086-b409-4c20-961e-ebd834e6abe6",
              "parentUUID": "57f1bbb1-9e87-4555-8d27-6bf29f45e6d4",
              "isHook": false,
              "skipped": false
            },
            {
              "title": "post insert member with malformed relation -> error",
              "fullTitle": "Member pattern post insert member with malformed relation -> error",
              "timedOut": null,
              "duration": 8869,
              "state": "failed",
              "speed": null,
              "pass": false,
              "fail": true,
              "pending": false,
              "context": null,
              "code": "var self = this,\n    args = arguments;\nreturn new Promise(function (resolve, reject) {\n  var gen = fn.apply(self, args);\n  function _next(value) {\n    asyncGeneratorStep(gen, resolve, reject, _next, _throw, \"next\", value);\n  }\n  function _throw(err) {\n    asyncGeneratorStep(gen, resolve, reject, _next, _throw, \"throw\", err);\n  }\n  _next(undefined);\n});",
              "err": {
                "message": "Error: Cypress command timeout of '5000ms' exceeded.",
                "estack": "Error: Cypress command timeout of '5000ms' exceeded.\n    at https://localhost:9000/__cypress/runner/cypress_runner.js:83597:25",
                "diff": null
              },
              "uuid": "bd1460ab-3c5f-4147-86f8-5d4c41df6828",
              "parentUUID": "57f1bbb1-9e87-4555-8d27-6bf29f45e6d4",
              "isHook": false,
              "skipped": false
            }
          ],
          "suites": [],
          "passes": [],
          "failures": [
            "0f3b8222-c8fb-4e17-bc52-d80ee76863bf",
            "b458841c-72b5-4851-9da8-d29cc3b82f6d",
            "05a4ae47-5fb1-406c-b1fe-53124b9c3896",
            "30d2d95b-6210-429f-8296-a7ed341b3036",
            "55da042e-1447-43e5-86b3-b1544c264a1a",
            "5201e579-4347-4ee7-97e6-48ab369b89f5",
            "fb4d025e-3c24-42da-802a-716429461088",
            "904b8c28-f1c7-4727-82dc-db0d9df52675",
            "134cf946-a5d0-410a-8940-7fcf52a6e920",
            "24fa1adb-e7d4-4f8d-92a7-623ee4bab181",
            "5c49aa85-c92b-4698-a9a8-9bfd0c07961a",
            "3222dd4c-564a-453c-8a7d-1a8a73335af3",
            "3a96af41-e8ce-4596-80cd-492655c12fe8",
            "94ff9813-5e83-4641-8baa-5d4632f14666",
            "274b0a00-ceb2-4899-be33-48edbb089ef2",
            "674b68e6-6bc9-4ecc-8eb0-c4f8f2122fde",
            "7a2bbb93-b4f9-47ca-8506-472c75a35faf",
            "dc159086-b409-4c20-961e-ebd834e6abe6",
            "bd1460ab-3c5f-4147-86f8-5d4c41df6828"
          ],
          "pending": [],
          "skipped": [],
          "duration": 156918,
          "root": false,
          "rootEmpty": false,
          "_timeout": 2000
        }
      ],
      "passes": [],
      "failures": [],
      "pending": [],
      "skipped": [],
      "duration": 0,
      "root": true,
      "rootEmpty": true,
      "_timeout": 2000
    }
  ],
  "meta": {
    "mocha": {
      "version": "8.1.1"
    },
    "mochawesome": {
      "options": {
        "quiet": false,
        "reportFilename": "mochawesome",
        "saveHtml": false,
        "saveJson": true,
        "consoleReporter": "spec",
        "useInlineDiffs": false,
        "code": true
      },
      "version": "6.1.1"
    },
    "marge": {
      "options": {
        "reportDir": "report",
        "quite": true,
        "overwrite": false,
        "html": false,
        "json": true,
        "timestamp": "yyyymmdd_HHMMss"
      },
      "version": "5.1.0"
    }
  }
}