{
  "stats": {
    "suites": 1,
    "tests": 6,
    "passes": 6,
    "pending": 0,
    "failures": 0,
    "start": "2020-08-27T08:01:10.381Z",
    "end": "2020-08-27T08:01:30.561Z",
    "duration": 20180,
    "testsRegistered": 6,
    "passPercent": 100,
    "pendingPercent": 0,
    "other": 0,
    "hasOther": false,
    "skipped": 0,
    "hasSkipped": false
  },
  "results": [
    {
      "uuid": "93581316-8c1e-4fe2-a865-522308faa0bd",
      "title": "",
      "fullFile": "tests/e2e/specs/pattern/Favorite.js",
      "file": "tests/e2e/specs/pattern/Favorite.js",
      "beforeHooks": [],
      "afterHooks": [],
      "tests": [],
      "suites": [
        {
          "uuid": "6e24f3a8-8550-4a55-8a2d-554fece0c501",
          "title": "Favorite pattern",
          "fullFile": "",
          "file": "",
          "beforeHooks": [],
          "afterHooks": [],
          "tests": [
            {
              "title": "insert favorite without required module_type -> error",
              "fullTitle": "Favorite pattern insert favorite without required module_type -> error",
              "timedOut": null,
              "duration": 6832,
              "state": "passed",
              "speed": "slow",
              "pass": true,
              "fail": false,
              "pending": false,
              "context": null,
              "code": "var self = this,\n    args = arguments;\nreturn new Promise(function (resolve, reject) {\n  var gen = fn.apply(self, args);\n  function _next(value) {\n    asyncGeneratorStep(gen, resolve, reject, _next, _throw, \"next\", value);\n  }\n  function _throw(err) {\n    asyncGeneratorStep(gen, resolve, reject, _next, _throw, \"throw\", err);\n  }\n  _next(undefined);\n});",
              "err": {},
              "uuid": "72ed6951-9124-4620-bdac-9cd033826750",
              "parentUUID": "6e24f3a8-8550-4a55-8a2d-554fece0c501",
              "isHook": false,
              "skipped": false
            },
            {
              "title": "insert favorite without required module_id -> error",
              "fullTitle": "Favorite pattern insert favorite without required module_id -> error",
              "timedOut": null,
              "duration": 2841,
              "state": "passed",
              "speed": "slow",
              "pass": true,
              "fail": false,
              "pending": false,
              "context": null,
              "code": "var self = this,\n    args = arguments;\nreturn new Promise(function (resolve, reject) {\n  var gen = fn.apply(self, args);\n  function _next(value) {\n    asyncGeneratorStep(gen, resolve, reject, _next, _throw, \"next\", value);\n  }\n  function _throw(err) {\n    asyncGeneratorStep(gen, resolve, reject, _next, _throw, \"throw\", err);\n  }\n  _next(undefined);\n});",
              "err": {},
              "uuid": "5007d5e8-3eee-4d76-aa3a-74216479a094",
              "parentUUID": "6e24f3a8-8550-4a55-8a2d-554fece0c501",
              "isHook": false,
              "skipped": false
            },
            {
              "title": "insert favorite with malformed module_type -> error",
              "fullTitle": "Favorite pattern insert favorite with malformed module_type -> error",
              "timedOut": null,
              "duration": 2577,
              "state": "passed",
              "speed": "slow",
              "pass": true,
              "fail": false,
              "pending": false,
              "context": null,
              "code": "var self = this,\n    args = arguments;\nreturn new Promise(function (resolve, reject) {\n  var gen = fn.apply(self, args);\n  function _next(value) {\n    asyncGeneratorStep(gen, resolve, reject, _next, _throw, \"next\", value);\n  }\n  function _throw(err) {\n    asyncGeneratorStep(gen, resolve, reject, _next, _throw, \"throw\", err);\n  }\n  _next(undefined);\n});",
              "err": {},
              "uuid": "ebae78dc-0467-4b55-b52f-dde98e09bf12",
              "parentUUID": "6e24f3a8-8550-4a55-8a2d-554fece0c501",
              "isHook": false,
              "skipped": false
            },
            {
              "title": "insert favorite with malformed module_id -> error",
              "fullTitle": "Favorite pattern insert favorite with malformed module_id -> error",
              "timedOut": null,
              "duration": 2590,
              "state": "passed",
              "speed": "slow",
              "pass": true,
              "fail": false,
              "pending": false,
              "context": null,
              "code": "var self = this,\n    args = arguments;\nreturn new Promise(function (resolve, reject) {\n  var gen = fn.apply(self, args);\n  function _next(value) {\n    asyncGeneratorStep(gen, resolve, reject, _next, _throw, \"next\", value);\n  }\n  function _throw(err) {\n    asyncGeneratorStep(gen, resolve, reject, _next, _throw, \"throw\", err);\n  }\n  _next(undefined);\n});",
              "err": {},
              "uuid": "5c2d6892-9e46-4b93-8ef4-d3d3854504e0",
              "parentUUID": "6e24f3a8-8550-4a55-8a2d-554fece0c501",
              "isHook": false,
              "skipped": false
            },
            {
              "title": "insert favorite with malformed page_sysnm -> error",
              "fullTitle": "Favorite pattern insert favorite with malformed page_sysnm -> error",
              "timedOut": null,
              "duration": 2644,
              "state": "passed",
              "speed": "slow",
              "pass": true,
              "fail": false,
              "pending": false,
              "context": null,
              "code": "var self = this,\n    args = arguments;\nreturn new Promise(function (resolve, reject) {\n  var gen = fn.apply(self, args);\n  function _next(value) {\n    asyncGeneratorStep(gen, resolve, reject, _next, _throw, \"next\", value);\n  }\n  function _throw(err) {\n    asyncGeneratorStep(gen, resolve, reject, _next, _throw, \"throw\", err);\n  }\n  _next(undefined);\n});",
              "err": {},
              "uuid": "aa3cc59b-e377-49bc-81bb-b3138d19b4c4",
              "parentUUID": "6e24f3a8-8550-4a55-8a2d-554fece0c501",
              "isHook": false,
              "skipped": false
            },
            {
              "title": "insert favorite with module_type not exist -> error",
              "fullTitle": "Favorite pattern insert favorite with module_type not exist -> error",
              "timedOut": null,
              "duration": 2632,
              "state": "passed",
              "speed": "slow",
              "pass": true,
              "fail": false,
              "pending": false,
              "context": null,
              "code": "var self = this,\n    args = arguments;\nreturn new Promise(function (resolve, reject) {\n  var gen = fn.apply(self, args);\n  function _next(value) {\n    asyncGeneratorStep(gen, resolve, reject, _next, _throw, \"next\", value);\n  }\n  function _throw(err) {\n    asyncGeneratorStep(gen, resolve, reject, _next, _throw, \"throw\", err);\n  }\n  _next(undefined);\n});",
              "err": {},
              "uuid": "61ef823e-c1b2-4036-b3b8-01fba4e8aa9c",
              "parentUUID": "6e24f3a8-8550-4a55-8a2d-554fece0c501",
              "isHook": false,
              "skipped": false
            }
          ],
          "suites": [],
          "passes": [
            "72ed6951-9124-4620-bdac-9cd033826750",
            "5007d5e8-3eee-4d76-aa3a-74216479a094",
            "ebae78dc-0467-4b55-b52f-dde98e09bf12",
            "5c2d6892-9e46-4b93-8ef4-d3d3854504e0",
            "aa3cc59b-e377-49bc-81bb-b3138d19b4c4",
            "61ef823e-c1b2-4036-b3b8-01fba4e8aa9c"
          ],
          "failures": [],
          "pending": [],
          "skipped": [],
          "duration": 20116,
          "root": false,
          "rootEmpty": false,
          "_timeout": 2000
        }
      ],
      "passes": [],
      "failures": [],
      "pending": [],
      "skipped": [],
      "duration": 0,
      "root": true,
      "rootEmpty": true,
      "_timeout": 2000
    }
  ],
  "meta": {
    "mocha": {
      "version": "8.1.1"
    },
    "mochawesome": {
      "options": {
        "quiet": false,
        "reportFilename": "mochawesome",
        "saveHtml": true,
        "saveJson": true,
        "consoleReporter": "spec",
        "useInlineDiffs": false,
        "code": true
      },
      "version": "6.1.1"
    },
    "marge": {
      "options": {
        "reporterEnabled": "mochawesome",
        "mochawesomeReporterOptions": {
          "quite": true,
          "overwrite": true,
          "html": false,
          "json": true
        }
      },
      "version": "5.1.0"
    }
  }
}