{
  "stats": {
    "suites": 1,
    "tests": 1,
    "passes": 0,
    "pending": 0,
    "failures": 1,
    "start": "2020-08-27T15:24:12.594Z",
    "end": "2020-08-27T15:24:24.188Z",
    "duration": 11594,
    "testsRegistered": 1,
    "passPercent": 0,
    "pendingPercent": 0,
    "other": 0,
    "hasOther": false,
    "skipped": 0,
    "hasSkipped": false
  },
  "results": [
    {
      "uuid": "be781a2a-a941-4806-8c97-057605965484",
      "title": "",
      "fullFile": "tests/e2e/specs/scenario/TopicsMultiple.js",
      "file": "tests/e2e/specs/scenario/TopicsMultiple.js",
      "beforeHooks": [],
      "afterHooks": [],
      "tests": [],
      "suites": [
        {
          "uuid": "9ff5f452-2948-48d2-85d9-2e6dd5eddba9",
          "title": "Topics (Multiple)",
          "fullFile": "",
          "file": "",
          "beforeHooks": [],
          "afterHooks": [],
          "tests": [
            {
              "title": "\n      get topics ->\n      get topic by ID ->\n      post insert topic ->\n      get topics including inserted one ->\n      get topic by ID of inserted one ->\n      post update inserted topic ->\n      get topics including updated one ->\n      get topic by ID of updated one ->\n      post delete updated topic ->\n      get topics not including deleted one ->\n      get topic by ID of deleted one (should be empty)\n    ",
              "fullTitle": "Topics (Multiple) \n      get topics ->\n      get topic by ID ->\n      post insert topic ->\n      get topics including inserted one ->\n      get topic by ID of inserted one ->\n      post update inserted topic ->\n      get topics including updated one ->\n      get topic by ID of updated one ->\n      post delete updated topic ->\n      get topics not including deleted one ->\n      get topic by ID of deleted one (should be empty)\n    ",
              "timedOut": null,
              "duration": 11565,
              "state": "failed",
              "speed": null,
              "pass": false,
              "fail": true,
              "pending": false,
              "context": null,
              "code": "var self = this,\n    args = arguments;\nreturn new Promise(function (resolve, reject) {\n  var gen = fn.apply(self, args);\n  function _next(value) {\n    asyncGeneratorStep(gen, resolve, reject, _next, _throw, \"next\", value);\n  }\n  function _throw(err) {\n    asyncGeneratorStep(gen, resolve, reject, _next, _throw, \"throw\", err);\n  }\n  _next(undefined);\n});",
              "err": {
                "message": "Error: Cypress command timeout of '5000ms' exceeded.",
                "estack": "Error: Cypress command timeout of '5000ms' exceeded.\n    at https://localhost:9000/__cypress/runner/cypress_runner.js:83597:25",
                "diff": null
              },
              "uuid": "b1724501-28db-46b1-834c-c09626eb8563",
              "parentUUID": "9ff5f452-2948-48d2-85d9-2e6dd5eddba9",
              "isHook": false,
              "skipped": false
            }
          ],
          "suites": [],
          "passes": [],
          "failures": [
            "b1724501-28db-46b1-834c-c09626eb8563"
          ],
          "pending": [],
          "skipped": [],
          "duration": 11565,
          "root": false,
          "rootEmpty": false,
          "_timeout": 2000
        }
      ],
      "passes": [],
      "failures": [],
      "pending": [],
      "skipped": [],
      "duration": 0,
      "root": true,
      "rootEmpty": true,
      "_timeout": 2000
    }
  ],
  "meta": {
    "mocha": {
      "version": "8.1.1"
    },
    "mochawesome": {
      "options": {
        "quiet": false,
        "reportFilename": "mochawesome",
        "saveHtml": false,
        "saveJson": true,
        "consoleReporter": "spec",
        "useInlineDiffs": false,
        "code": true
      },
      "version": "6.1.1"
    },
    "marge": {
      "options": {
        "reportDir": "report",
        "quite": true,
        "overwrite": false,
        "html": false,
        "json": true,
        "timestamp": "yyyymmdd_HHMMss"
      },
      "version": "5.1.0"
    }
  }
}