{
  "stats": {
    "suites": 1,
    "tests": 17,
    "passes": 17,
    "pending": 0,
    "failures": 0,
    "start": "2020-08-27T15:06:34.010Z",
    "end": "2020-08-27T15:07:24.055Z",
    "duration": 50045,
    "testsRegistered": 17,
    "passPercent": 100,
    "pendingPercent": 0,
    "other": 0,
    "hasOther": false,
    "skipped": 0,
    "hasSkipped": false
  },
  "results": [
    {
      "uuid": "e551baa8-22d3-4961-b0e5-76efa9f6ed2f",
      "title": "",
      "fullFile": "tests/e2e/specs/pattern/Inquiry.js",
      "file": "tests/e2e/specs/pattern/Inquiry.js",
      "beforeHooks": [],
      "afterHooks": [],
      "tests": [],
      "suites": [
        {
          "uuid": "4c727822-485f-4604-bea3-b172a5d63ed5",
          "title": "Inquiry",
          "fullFile": "",
          "file": "",
          "beforeHooks": [],
          "afterHooks": [],
          "tests": [
            {
              "title": "send message without required inquiry_category_id -> error",
              "fullTitle": "Inquiry send message without required inquiry_category_id -> error",
              "timedOut": null,
              "duration": 5628,
              "state": "passed",
              "speed": "slow",
              "pass": true,
              "fail": false,
              "pending": false,
              "context": null,
              "code": "var self = this,\n    args = arguments;\nreturn new Promise(function (resolve, reject) {\n  var gen = fn.apply(self, args);\n  function _next(value) {\n    asyncGeneratorStep(gen, resolve, reject, _next, _throw, \"next\", value);\n  }\n  function _throw(err) {\n    asyncGeneratorStep(gen, resolve, reject, _next, _throw, \"throw\", err);\n  }\n  _next(undefined);\n});",
              "err": {},
              "uuid": "d1d1c0f0-e39d-424e-8efb-1b9bd979ea67",
              "parentUUID": "4c727822-485f-4604-bea3-b172a5d63ed5",
              "isHook": false,
              "skipped": false
            },
            {
              "title": "send message without required ext_01 -> error",
              "fullTitle": "Inquiry send message without required ext_01 -> error",
              "timedOut": null,
              "duration": 3064,
              "state": "passed",
              "speed": "slow",
              "pass": true,
              "fail": false,
              "pending": false,
              "context": null,
              "code": "var self = this,\n    args = arguments;\nreturn new Promise(function (resolve, reject) {\n  var gen = fn.apply(self, args);\n  function _next(value) {\n    asyncGeneratorStep(gen, resolve, reject, _next, _throw, \"next\", value);\n  }\n  function _throw(err) {\n    asyncGeneratorStep(gen, resolve, reject, _next, _throw, \"throw\", err);\n  }\n  _next(undefined);\n});",
              "err": {},
              "uuid": "e34cee3b-732b-4ea8-8255-c93c1df2892d",
              "parentUUID": "4c727822-485f-4604-bea3-b172a5d63ed5",
              "isHook": false,
              "skipped": false
            },
            {
              "title": "send message without required ext_04 -> error",
              "fullTitle": "Inquiry send message without required ext_04 -> error",
              "timedOut": null,
              "duration": 2824,
              "state": "passed",
              "speed": "slow",
              "pass": true,
              "fail": false,
              "pending": false,
              "context": null,
              "code": "var self = this,\n    args = arguments;\nreturn new Promise(function (resolve, reject) {\n  var gen = fn.apply(self, args);\n  function _next(value) {\n    asyncGeneratorStep(gen, resolve, reject, _next, _throw, \"next\", value);\n  }\n  function _throw(err) {\n    asyncGeneratorStep(gen, resolve, reject, _next, _throw, \"throw\", err);\n  }\n  _next(undefined);\n});",
              "err": {},
              "uuid": "f5052c56-9131-4050-90e0-3458f9721c4b",
              "parentUUID": "4c727822-485f-4604-bea3-b172a5d63ed5",
              "isHook": false,
              "skipped": false
            },
            {
              "title": "send message with malformed name -> error",
              "fullTitle": "Inquiry send message with malformed name -> error",
              "timedOut": null,
              "duration": 2695,
              "state": "passed",
              "speed": "slow",
              "pass": true,
              "fail": false,
              "pending": false,
              "context": null,
              "code": "var self = this,\n    args = arguments;\nreturn new Promise(function (resolve, reject) {\n  var gen = fn.apply(self, args);\n  function _next(value) {\n    asyncGeneratorStep(gen, resolve, reject, _next, _throw, \"next\", value);\n  }\n  function _throw(err) {\n    asyncGeneratorStep(gen, resolve, reject, _next, _throw, \"throw\", err);\n  }\n  _next(undefined);\n});",
              "err": {},
              "uuid": "46d5fc0d-c5c3-4628-b4b6-0c57782251a7",
              "parentUUID": "4c727822-485f-4604-bea3-b172a5d63ed5",
              "isHook": false,
              "skipped": false
            },
            {
              "title": "send message with malformed from_mail -> error",
              "fullTitle": "Inquiry send message with malformed from_mail -> error",
              "timedOut": null,
              "duration": 2620,
              "state": "passed",
              "speed": "slow",
              "pass": true,
              "fail": false,
              "pending": false,
              "context": null,
              "code": "var self = this,\n    args = arguments;\nreturn new Promise(function (resolve, reject) {\n  var gen = fn.apply(self, args);\n  function _next(value) {\n    asyncGeneratorStep(gen, resolve, reject, _next, _throw, \"next\", value);\n  }\n  function _throw(err) {\n    asyncGeneratorStep(gen, resolve, reject, _next, _throw, \"throw\", err);\n  }\n  _next(undefined);\n});",
              "err": {},
              "uuid": "a614d5fa-647c-4b9b-964e-1af7f5d2ba75",
              "parentUUID": "4c727822-485f-4604-bea3-b172a5d63ed5",
              "isHook": false,
              "skipped": false
            },
            {
              "title": "send message with malformed body -> error",
              "fullTitle": "Inquiry send message with malformed body -> error",
              "timedOut": null,
              "duration": 2797,
              "state": "passed",
              "speed": "slow",
              "pass": true,
              "fail": false,
              "pending": false,
              "context": null,
              "code": "var self = this,\n    args = arguments;\nreturn new Promise(function (resolve, reject) {\n  var gen = fn.apply(self, args);\n  function _next(value) {\n    asyncGeneratorStep(gen, resolve, reject, _next, _throw, \"next\", value);\n  }\n  function _throw(err) {\n    asyncGeneratorStep(gen, resolve, reject, _next, _throw, \"throw\", err);\n  }\n  _next(undefined);\n});",
              "err": {},
              "uuid": "69412dfd-1e03-4c7f-88ef-9b3703ac20dc",
              "parentUUID": "4c727822-485f-4604-bea3-b172a5d63ed5",
              "isHook": false,
              "skipped": false
            },
            {
              "title": "send message with malformed inquiry_category_id -> error",
              "fullTitle": "Inquiry send message with malformed inquiry_category_id -> error",
              "timedOut": null,
              "duration": 2813,
              "state": "passed",
              "speed": "slow",
              "pass": true,
              "fail": false,
              "pending": false,
              "context": null,
              "code": "var self = this,\n    args = arguments;\nreturn new Promise(function (resolve, reject) {\n  var gen = fn.apply(self, args);\n  function _next(value) {\n    asyncGeneratorStep(gen, resolve, reject, _next, _throw, \"next\", value);\n  }\n  function _throw(err) {\n    asyncGeneratorStep(gen, resolve, reject, _next, _throw, \"throw\", err);\n  }\n  _next(undefined);\n});",
              "err": {},
              "uuid": "dd498f3c-4a98-4089-9640-b8c6332bf1e6",
              "parentUUID": "4c727822-485f-4604-bea3-b172a5d63ed5",
              "isHook": false,
              "skipped": false
            },
            {
              "title": "send message with malformed ext_01 -> error",
              "fullTitle": "Inquiry send message with malformed ext_01 -> error",
              "timedOut": null,
              "duration": 2779,
              "state": "passed",
              "speed": "slow",
              "pass": true,
              "fail": false,
              "pending": false,
              "context": null,
              "code": "var self = this,\n    args = arguments;\nreturn new Promise(function (resolve, reject) {\n  var gen = fn.apply(self, args);\n  function _next(value) {\n    asyncGeneratorStep(gen, resolve, reject, _next, _throw, \"next\", value);\n  }\n  function _throw(err) {\n    asyncGeneratorStep(gen, resolve, reject, _next, _throw, \"throw\", err);\n  }\n  _next(undefined);\n});",
              "err": {},
              "uuid": "4dd4fca1-cde9-46c6-a4e0-d0247e9b1385",
              "parentUUID": "4c727822-485f-4604-bea3-b172a5d63ed5",
              "isHook": false,
              "skipped": false
            },
            {
              "title": "send message with malformed ext_02 -> error",
              "fullTitle": "Inquiry send message with malformed ext_02 -> error",
              "timedOut": null,
              "duration": 2675,
              "state": "passed",
              "speed": "slow",
              "pass": true,
              "fail": false,
              "pending": false,
              "context": null,
              "code": "var self = this,\n    args = arguments;\nreturn new Promise(function (resolve, reject) {\n  var gen = fn.apply(self, args);\n  function _next(value) {\n    asyncGeneratorStep(gen, resolve, reject, _next, _throw, \"next\", value);\n  }\n  function _throw(err) {\n    asyncGeneratorStep(gen, resolve, reject, _next, _throw, \"throw\", err);\n  }\n  _next(undefined);\n});",
              "err": {},
              "uuid": "bab735b2-0372-4cdd-9d0f-abadacfa594b",
              "parentUUID": "4c727822-485f-4604-bea3-b172a5d63ed5",
              "isHook": false,
              "skipped": false
            },
            {
              "title": "send message with malformed ext_03 -> error",
              "fullTitle": "Inquiry send message with malformed ext_03 -> error",
              "timedOut": null,
              "duration": 2759,
              "state": "passed",
              "speed": "slow",
              "pass": true,
              "fail": false,
              "pending": false,
              "context": null,
              "code": "var self = this,\n    args = arguments;\nreturn new Promise(function (resolve, reject) {\n  var gen = fn.apply(self, args);\n  function _next(value) {\n    asyncGeneratorStep(gen, resolve, reject, _next, _throw, \"next\", value);\n  }\n  function _throw(err) {\n    asyncGeneratorStep(gen, resolve, reject, _next, _throw, \"throw\", err);\n  }\n  _next(undefined);\n});",
              "err": {},
              "uuid": "4a77a6a9-5046-4ff1-b75d-345923e71931",
              "parentUUID": "4c727822-485f-4604-bea3-b172a5d63ed5",
              "isHook": false,
              "skipped": false
            },
            {
              "title": "send message with malformed ext_04 -> error",
              "fullTitle": "Inquiry send message with malformed ext_04 -> error",
              "timedOut": null,
              "duration": 2647,
              "state": "passed",
              "speed": "slow",
              "pass": true,
              "fail": false,
              "pending": false,
              "context": null,
              "code": "var self = this,\n    args = arguments;\nreturn new Promise(function (resolve, reject) {\n  var gen = fn.apply(self, args);\n  function _next(value) {\n    asyncGeneratorStep(gen, resolve, reject, _next, _throw, \"next\", value);\n  }\n  function _throw(err) {\n    asyncGeneratorStep(gen, resolve, reject, _next, _throw, \"throw\", err);\n  }\n  _next(undefined);\n});",
              "err": {},
              "uuid": "02d65ab9-e7fd-49d9-bc61-b5a9d1a30284",
              "parentUUID": "4c727822-485f-4604-bea3-b172a5d63ed5",
              "isHook": false,
              "skipped": false
            },
            {
              "title": "send message with malformed ext_05 -> error",
              "fullTitle": "Inquiry send message with malformed ext_05 -> error",
              "timedOut": null,
              "duration": 2615,
              "state": "passed",
              "speed": "slow",
              "pass": true,
              "fail": false,
              "pending": false,
              "context": null,
              "code": "var self = this,\n    args = arguments;\nreturn new Promise(function (resolve, reject) {\n  var gen = fn.apply(self, args);\n  function _next(value) {\n    asyncGeneratorStep(gen, resolve, reject, _next, _throw, \"next\", value);\n  }\n  function _throw(err) {\n    asyncGeneratorStep(gen, resolve, reject, _next, _throw, \"throw\", err);\n  }\n  _next(undefined);\n});",
              "err": {},
              "uuid": "c84f4be8-3bd0-41a8-b938-d4731c8f1f9a",
              "parentUUID": "4c727822-485f-4604-bea3-b172a5d63ed5",
              "isHook": false,
              "skipped": false
            },
            {
              "title": "send message with malformed ext_06 -> error",
              "fullTitle": "Inquiry send message with malformed ext_06 -> error",
              "timedOut": null,
              "duration": 2740,
              "state": "passed",
              "speed": "slow",
              "pass": true,
              "fail": false,
              "pending": false,
              "context": null,
              "code": "var self = this,\n    args = arguments;\nreturn new Promise(function (resolve, reject) {\n  var gen = fn.apply(self, args);\n  function _next(value) {\n    asyncGeneratorStep(gen, resolve, reject, _next, _throw, \"next\", value);\n  }\n  function _throw(err) {\n    asyncGeneratorStep(gen, resolve, reject, _next, _throw, \"throw\", err);\n  }\n  _next(undefined);\n});",
              "err": {},
              "uuid": "bf327916-5454-42fe-b115-de333fbd8228",
              "parentUUID": "4c727822-485f-4604-bea3-b172a5d63ed5",
              "isHook": false,
              "skipped": false
            },
            {
              "title": "send message with malformed ext_07 -> error",
              "fullTitle": "Inquiry send message with malformed ext_07 -> error",
              "timedOut": null,
              "duration": 2865,
              "state": "passed",
              "speed": "slow",
              "pass": true,
              "fail": false,
              "pending": false,
              "context": null,
              "code": "var self = this,\n    args = arguments;\nreturn new Promise(function (resolve, reject) {\n  var gen = fn.apply(self, args);\n  function _next(value) {\n    asyncGeneratorStep(gen, resolve, reject, _next, _throw, \"next\", value);\n  }\n  function _throw(err) {\n    asyncGeneratorStep(gen, resolve, reject, _next, _throw, \"throw\", err);\n  }\n  _next(undefined);\n});",
              "err": {},
              "uuid": "5f4c0807-c1e7-4d1d-b8af-7d7c5d993ee5",
              "parentUUID": "4c727822-485f-4604-bea3-b172a5d63ed5",
              "isHook": false,
              "skipped": false
            },
            {
              "title": "send message with malformed ext_08 -> error",
              "fullTitle": "Inquiry send message with malformed ext_08 -> error",
              "timedOut": null,
              "duration": 2807,
              "state": "passed",
              "speed": "slow",
              "pass": true,
              "fail": false,
              "pending": false,
              "context": null,
              "code": "var self = this,\n    args = arguments;\nreturn new Promise(function (resolve, reject) {\n  var gen = fn.apply(self, args);\n  function _next(value) {\n    asyncGeneratorStep(gen, resolve, reject, _next, _throw, \"next\", value);\n  }\n  function _throw(err) {\n    asyncGeneratorStep(gen, resolve, reject, _next, _throw, \"throw\", err);\n  }\n  _next(undefined);\n});",
              "err": {},
              "uuid": "5eae1672-9b44-4bf4-a490-9dfc6bf2c729",
              "parentUUID": "4c727822-485f-4604-bea3-b172a5d63ed5",
              "isHook": false,
              "skipped": false
            },
            {
              "title": "send message with malformed ext_09 -> error",
              "fullTitle": "Inquiry send message with malformed ext_09 -> error",
              "timedOut": null,
              "duration": 2871,
              "state": "passed",
              "speed": "slow",
              "pass": true,
              "fail": false,
              "pending": false,
              "context": null,
              "code": "var self = this,\n    args = arguments;\nreturn new Promise(function (resolve, reject) {\n  var gen = fn.apply(self, args);\n  function _next(value) {\n    asyncGeneratorStep(gen, resolve, reject, _next, _throw, \"next\", value);\n  }\n  function _throw(err) {\n    asyncGeneratorStep(gen, resolve, reject, _next, _throw, \"throw\", err);\n  }\n  _next(undefined);\n});",
              "err": {},
              "uuid": "ae24ea1c-8573-4704-98f6-181d52b551ca",
              "parentUUID": "4c727822-485f-4604-bea3-b172a5d63ed5",
              "isHook": false,
              "skipped": false
            },
            {
              "title": "send message with malformed ext_10 -> error",
              "fullTitle": "Inquiry send message with malformed ext_10 -> error",
              "timedOut": null,
              "duration": 2612,
              "state": "passed",
              "speed": "slow",
              "pass": true,
              "fail": false,
              "pending": false,
              "context": null,
              "code": "var self = this,\n    args = arguments;\nreturn new Promise(function (resolve, reject) {\n  var gen = fn.apply(self, args);\n  function _next(value) {\n    asyncGeneratorStep(gen, resolve, reject, _next, _throw, \"next\", value);\n  }\n  function _throw(err) {\n    asyncGeneratorStep(gen, resolve, reject, _next, _throw, \"throw\", err);\n  }\n  _next(undefined);\n});",
              "err": {},
              "uuid": "e5661455-0874-4d80-8324-5dbbf181feba",
              "parentUUID": "4c727822-485f-4604-bea3-b172a5d63ed5",
              "isHook": false,
              "skipped": false
            }
          ],
          "suites": [],
          "passes": [
            "d1d1c0f0-e39d-424e-8efb-1b9bd979ea67",
            "e34cee3b-732b-4ea8-8255-c93c1df2892d",
            "f5052c56-9131-4050-90e0-3458f9721c4b",
            "46d5fc0d-c5c3-4628-b4b6-0c57782251a7",
            "a614d5fa-647c-4b9b-964e-1af7f5d2ba75",
            "69412dfd-1e03-4c7f-88ef-9b3703ac20dc",
            "dd498f3c-4a98-4089-9640-b8c6332bf1e6",
            "4dd4fca1-cde9-46c6-a4e0-d0247e9b1385",
            "bab735b2-0372-4cdd-9d0f-abadacfa594b",
            "4a77a6a9-5046-4ff1-b75d-345923e71931",
            "02d65ab9-e7fd-49d9-bc61-b5a9d1a30284",
            "c84f4be8-3bd0-41a8-b938-d4731c8f1f9a",
            "bf327916-5454-42fe-b115-de333fbd8228",
            "5f4c0807-c1e7-4d1d-b8af-7d7c5d993ee5",
            "5eae1672-9b44-4bf4-a490-9dfc6bf2c729",
            "ae24ea1c-8573-4704-98f6-181d52b551ca",
            "e5661455-0874-4d80-8324-5dbbf181feba"
          ],
          "failures": [],
          "pending": [],
          "skipped": [],
          "duration": 49811,
          "root": false,
          "rootEmpty": false,
          "_timeout": 2000
        }
      ],
      "passes": [],
      "failures": [],
      "pending": [],
      "skipped": [],
      "duration": 0,
      "root": true,
      "rootEmpty": true,
      "_timeout": 2000
    }
  ],
  "meta": {
    "mocha": {
      "version": "8.1.1"
    },
    "mochawesome": {
      "options": {
        "quiet": false,
        "reportFilename": "mochawesome",
        "saveHtml": false,
        "saveJson": true,
        "consoleReporter": "spec",
        "useInlineDiffs": false,
        "code": true
      },
      "version": "6.1.1"
    },
    "marge": {
      "options": {
        "reportDir": "report",
        "quite": true,
        "overwrite": false,
        "html": false,
        "json": true,
        "timestamp": "yyyymmdd_HHMMss"
      },
      "version": "5.1.0"
    }
  }
}