{
  "stats": {
    "suites": 1,
    "tests": 2,
    "passes": 0,
    "pending": 0,
    "failures": 2,
    "start": "2020-08-27T15:22:10.011Z",
    "end": "2020-08-27T15:22:27.946Z",
    "duration": 17935,
    "testsRegistered": 2,
    "passPercent": 0,
    "pendingPercent": 0,
    "other": 0,
    "hasOther": false,
    "skipped": 0,
    "hasSkipped": false
  },
  "results": [
    {
      "uuid": "d2a5e6ae-f959-4995-b3ff-58d8a6964e80",
      "title": "",
      "fullFile": "tests/e2e/specs/scenario/Comment.js",
      "file": "tests/e2e/specs/scenario/Comment.js",
      "beforeHooks": [],
      "afterHooks": [],
      "tests": [],
      "suites": [
        {
          "uuid": "14620973-74db-4385-83a4-88f4cb72008f",
          "title": "Comment",
          "fullFile": "",
          "file": "",
          "beforeHooks": [],
          "afterHooks": [],
          "tests": [
            {
              "title": "\n      login ->\n      get comments ->\n      post insert comment ->\n      get comments including inserted one ->\n      post update inserted comment ->\n      get comments including updated one ->\n      post delete updated comment ->\n      get comments not including deleted one\n\n  ",
              "fullTitle": "Comment \n      login ->\n      get comments ->\n      post insert comment ->\n      get comments including inserted one ->\n      post update inserted comment ->\n      get comments including updated one ->\n      post delete updated comment ->\n      get comments not including deleted one\n\n  ",
              "timedOut": null,
              "duration": 10900,
              "state": "failed",
              "speed": null,
              "pass": false,
              "fail": true,
              "pending": false,
              "context": null,
              "code": "var self = this,\n    args = arguments;\nreturn new Promise(function (resolve, reject) {\n  var gen = fn.apply(self, args);\n  function _next(value) {\n    asyncGeneratorStep(gen, resolve, reject, _next, _throw, \"next\", value);\n  }\n  function _throw(err) {\n    asyncGeneratorStep(gen, resolve, reject, _next, _throw, \"throw\", err);\n  }\n  _next(undefined);\n});",
              "err": {
                "message": "Error: Cypress command timeout of '5000ms' exceeded.",
                "estack": "Error: Cypress command timeout of '5000ms' exceeded.\n    at https://localhost:9000/__cypress/runner/cypress_runner.js:83597:25",
                "diff": null
              },
              "uuid": "296a20cc-3268-4f27-a4b1-4de86ec71954",
              "parentUUID": "14620973-74db-4385-83a4-88f4cb72008f",
              "isHook": false,
              "skipped": false
            },
            {
              "title": "\n      no login ->\n      get comments ->\n      post insert comment ->\n      get comments including inserted one ->\n      post update inserted comment ->\n      get comments including updated one ->\n      post delete updated comment ->\n      get comments not including deleted one\n\n  ",
              "fullTitle": "Comment \n      no login ->\n      get comments ->\n      post insert comment ->\n      get comments including inserted one ->\n      post update inserted comment ->\n      get comments including updated one ->\n      post delete updated comment ->\n      get comments not including deleted one\n\n  ",
              "timedOut": null,
              "duration": 6978,
              "state": "failed",
              "speed": null,
              "pass": false,
              "fail": true,
              "pending": false,
              "context": null,
              "code": "var self = this,\n    args = arguments;\nreturn new Promise(function (resolve, reject) {\n  var gen = fn.apply(self, args);\n  function _next(value) {\n    asyncGeneratorStep(gen, resolve, reject, _next, _throw, \"next\", value);\n  }\n  function _throw(err) {\n    asyncGeneratorStep(gen, resolve, reject, _next, _throw, \"throw\", err);\n  }\n  _next(undefined);\n});",
              "err": {
                "message": "Error: Cypress command timeout of '5000ms' exceeded.",
                "estack": "Error: Cypress command timeout of '5000ms' exceeded.\n    at https://localhost:9000/__cypress/runner/cypress_runner.js:83597:25",
                "diff": null
              },
              "uuid": "4e39c97f-6ce2-4145-951f-721cee030fc5",
              "parentUUID": "14620973-74db-4385-83a4-88f4cb72008f",
              "isHook": false,
              "skipped": false
            }
          ],
          "suites": [],
          "passes": [],
          "failures": [
            "296a20cc-3268-4f27-a4b1-4de86ec71954",
            "4e39c97f-6ce2-4145-951f-721cee030fc5"
          ],
          "pending": [],
          "skipped": [],
          "duration": 17878,
          "root": false,
          "rootEmpty": false,
          "_timeout": 2000
        }
      ],
      "passes": [],
      "failures": [],
      "pending": [],
      "skipped": [],
      "duration": 0,
      "root": true,
      "rootEmpty": true,
      "_timeout": 2000
    }
  ],
  "meta": {
    "mocha": {
      "version": "8.1.1"
    },
    "mochawesome": {
      "options": {
        "quiet": false,
        "reportFilename": "mochawesome",
        "saveHtml": false,
        "saveJson": true,
        "consoleReporter": "spec",
        "useInlineDiffs": false,
        "code": true
      },
      "version": "6.1.1"
    },
    "marge": {
      "options": {
        "reportDir": "report",
        "quite": true,
        "overwrite": false,
        "html": false,
        "json": true,
        "timestamp": "yyyymmdd_HHMMss"
      },
      "version": "5.1.0"
    }
  }
}