{
  "stats": {
    "suites": 1,
    "tests": 1,
    "passes": 0,
    "pending": 0,
    "failures": 1,
    "start": "2020-08-27T15:07:32.681Z",
    "end": "2020-08-27T15:07:44.213Z",
    "duration": 11532,
    "testsRegistered": 1,
    "passPercent": 0,
    "pendingPercent": 0,
    "other": 0,
    "hasOther": false,
    "skipped": 0,
    "hasSkipped": false
  },
  "results": [
    {
      "uuid": "acba3f7d-33b5-4f80-9d32-629611112bf9",
      "title": "",
      "fullFile": "tests/e2e/specs/pattern/InquiryFile.js",
      "file": "tests/e2e/specs/pattern/InquiryFile.js",
      "beforeHooks": [],
      "afterHooks": [],
      "tests": [],
      "suites": [
        {
          "uuid": "d6f5375c-ccf9-4959-b63e-d1cfa9d7aa6a",
          "title": "Topics pattern (File)",
          "fullFile": "",
          "file": "",
          "beforeHooks": [],
          "afterHooks": [],
          "tests": [
            {
              "title": "\n      send message with file ->\n      get message ->\n      update message with file ->\n      get message ->\n      update message with only desc ->\n      get message ->\n      update message delete file ->\n      get message\n  ",
              "fullTitle": "Topics pattern (File) \n      send message with file ->\n      get message ->\n      update message with file ->\n      get message ->\n      update message with only desc ->\n      get message ->\n      update message delete file ->\n      get message\n  ",
              "timedOut": null,
              "duration": 11484,
              "state": "failed",
              "speed": null,
              "pass": false,
              "fail": true,
              "pending": false,
              "context": null,
              "code": "var self = this,\n    args = arguments;\nreturn new Promise(function (resolve, reject) {\n  var gen = fn.apply(self, args);\n  function _next(value) {\n    asyncGeneratorStep(gen, resolve, reject, _next, _throw, \"next\", value);\n  }\n  function _throw(err) {\n    asyncGeneratorStep(gen, resolve, reject, _next, _throw, \"throw\", err);\n  }\n  _next(undefined);\n});",
              "err": {
                "message": "Error: Cypress command timeout of '5000ms' exceeded.",
                "estack": "Error: Cypress command timeout of '5000ms' exceeded.\n    at https://localhost:9000/__cypress/runner/cypress_runner.js:83597:25",
                "diff": null
              },
              "uuid": "355076dc-bc06-4910-a2e5-33385ddc6b4e",
              "parentUUID": "d6f5375c-ccf9-4959-b63e-d1cfa9d7aa6a",
              "isHook": false,
              "skipped": false
            }
          ],
          "suites": [],
          "passes": [],
          "failures": [
            "355076dc-bc06-4910-a2e5-33385ddc6b4e"
          ],
          "pending": [],
          "skipped": [],
          "duration": 11484,
          "root": false,
          "rootEmpty": false,
          "_timeout": 2000
        }
      ],
      "passes": [],
      "failures": [],
      "pending": [],
      "skipped": [],
      "duration": 0,
      "root": true,
      "rootEmpty": true,
      "_timeout": 2000
    }
  ],
  "meta": {
    "mocha": {
      "version": "8.1.1"
    },
    "mochawesome": {
      "options": {
        "quiet": false,
        "reportFilename": "mochawesome",
        "saveHtml": false,
        "saveJson": true,
        "consoleReporter": "spec",
        "useInlineDiffs": false,
        "code": true
      },
      "version": "6.1.1"
    },
    "marge": {
      "options": {
        "reportDir": "report",
        "quite": true,
        "overwrite": false,
        "html": false,
        "json": true,
        "timestamp": "yyyymmdd_HHMMss"
      },
      "version": "5.1.0"
    }
  }
}