{
  "stats": {
    "suites": 1,
    "tests": 19,
    "passes": 0,
    "pending": 0,
    "failures": 19,
    "start": "2020-08-27T11:02:42.111Z",
    "end": "2020-08-27T11:05:59.543Z",
    "duration": 197432,
    "testsRegistered": 19,
    "passPercent": 0,
    "pendingPercent": 0,
    "other": 0,
    "hasOther": false,
    "skipped": 0,
    "hasSkipped": false
  },
  "results": [
    {
      "uuid": "a4ae8ef4-6665-4c48-bfa0-a4c1b9c49ba7",
      "title": "",
      "fullFile": "tests/e2e/specs/pattern/Member.js",
      "file": "tests/e2e/specs/pattern/Member.js",
      "beforeHooks": [],
      "afterHooks": [],
      "tests": [],
      "suites": [
        {
          "uuid": "1721f251-e303-4496-bd73-b06ed6e38e03",
          "title": "Member pattern",
          "fullFile": "",
          "file": "",
          "beforeHooks": [],
          "afterHooks": [],
          "tests": [
            {
              "title": "\n      post insert member with short ext ->\n      get member by ID of inserted one ->\n      post delete updated member\n  ",
              "fullTitle": "Member pattern \n      post insert member with short ext ->\n      get member by ID of inserted one ->\n      post delete updated member\n  ",
              "timedOut": null,
              "duration": 11874,
              "state": "failed",
              "speed": null,
              "pass": false,
              "fail": true,
              "pending": false,
              "context": null,
              "code": "var self = this,\n    args = arguments;\nreturn new Promise(function (resolve, reject) {\n  var gen = fn.apply(self, args);\n  function _next(value) {\n    asyncGeneratorStep(gen, resolve, reject, _next, _throw, \"next\", value);\n  }\n  function _throw(err) {\n    asyncGeneratorStep(gen, resolve, reject, _next, _throw, \"throw\", err);\n  }\n  _next(undefined);\n});",
              "err": {
                "message": "Error: Cypress command timeout of '5000ms' exceeded.",
                "estack": "Error: Cypress command timeout of '5000ms' exceeded.\n    at https://localhost:9000/__cypress/runner/cypress_runner.js:83597:25",
                "diff": null
              },
              "uuid": "3716e40e-8041-4ac0-81b7-d0391b168e67",
              "parentUUID": "1721f251-e303-4496-bd73-b06ed6e38e03",
              "isHook": false,
              "skipped": false
            },
            {
              "title": "\n      post insert member ->\n      get member by ID of inserted one ->\n      post update inserted member (no changes) ->\n      get member by ID of updated one ->\n      compare inserted member and updated member ->\n      post delete updated member\n  ",
              "fullTitle": "Member pattern \n      post insert member ->\n      get member by ID of inserted one ->\n      post update inserted member (no changes) ->\n      get member by ID of updated one ->\n      compare inserted member and updated member ->\n      post delete updated member\n  ",
              "timedOut": null,
              "duration": 9560,
              "state": "failed",
              "speed": null,
              "pass": false,
              "fail": true,
              "pending": false,
              "context": null,
              "code": "var self = this,\n    args = arguments;\nreturn new Promise(function (resolve, reject) {\n  var gen = fn.apply(self, args);\n  function _next(value) {\n    asyncGeneratorStep(gen, resolve, reject, _next, _throw, \"next\", value);\n  }\n  function _throw(err) {\n    asyncGeneratorStep(gen, resolve, reject, _next, _throw, \"throw\", err);\n  }\n  _next(undefined);\n});",
              "err": {
                "message": "Error: Cypress command timeout of '5000ms' exceeded.",
                "estack": "Error: Cypress command timeout of '5000ms' exceeded.\n    at https://localhost:9000/__cypress/runner/cypress_runner.js:83597:25",
                "diff": null
              },
              "uuid": "949da35c-7701-4b7a-9e62-ba8832fc0b35",
              "parentUUID": "1721f251-e303-4496-bd73-b06ed6e38e03",
              "isHook": false,
              "skipped": false
            },
            {
              "title": "\n      post insert member ->\n      get member by ID of inserted one ->\n      post update inserted member with empty values ->\n      get member by ID of updated one\n  ",
              "fullTitle": "Member pattern \n      post insert member ->\n      get member by ID of inserted one ->\n      post update inserted member with empty values ->\n      get member by ID of updated one\n  ",
              "timedOut": null,
              "duration": 9532,
              "state": "failed",
              "speed": null,
              "pass": false,
              "fail": true,
              "pending": false,
              "context": null,
              "code": "var self = this,\n    args = arguments;\nreturn new Promise(function (resolve, reject) {\n  var gen = fn.apply(self, args);\n  function _next(value) {\n    asyncGeneratorStep(gen, resolve, reject, _next, _throw, \"next\", value);\n  }\n  function _throw(err) {\n    asyncGeneratorStep(gen, resolve, reject, _next, _throw, \"throw\", err);\n  }\n  _next(undefined);\n});",
              "err": {
                "message": "Error: Cypress command timeout of '5000ms' exceeded.",
                "estack": "Error: Cypress command timeout of '5000ms' exceeded.\n    at https://localhost:9000/__cypress/runner/cypress_runner.js:83597:25",
                "diff": null
              },
              "uuid": "9dfaecdb-0118-4948-bea5-9f5184e37c77",
              "parentUUID": "1721f251-e303-4496-bd73-b06ed6e38e03",
              "isHook": false,
              "skipped": false
            },
            {
              "title": "post me/update without login -> error",
              "fullTitle": "Member pattern post me/update without login -> error",
              "timedOut": null,
              "duration": 6413,
              "state": "failed",
              "speed": null,
              "pass": false,
              "fail": true,
              "pending": false,
              "context": null,
              "code": "var self = this,\n    args = arguments;\nreturn new Promise(function (resolve, reject) {\n  var gen = fn.apply(self, args);\n  function _next(value) {\n    asyncGeneratorStep(gen, resolve, reject, _next, _throw, \"next\", value);\n  }\n  function _throw(err) {\n    asyncGeneratorStep(gen, resolve, reject, _next, _throw, \"throw\", err);\n  }\n  _next(undefined);\n});",
              "err": {
                "message": "Error: Cypress command timeout of '5000ms' exceeded.",
                "estack": "Error: Cypress command timeout of '5000ms' exceeded.\n    at https://localhost:9000/__cypress/runner/cypress_runner.js:83597:25",
                "diff": null
              },
              "uuid": "1a98507f-ce88-42ef-94ab-d3c148a11ac6",
              "parentUUID": "1721f251-e303-4496-bd73-b06ed6e38e03",
              "isHook": false,
              "skipped": false
            },
            {
              "title": "post me/delete without login -> error",
              "fullTitle": "Member pattern post me/delete without login -> error",
              "timedOut": null,
              "duration": 1444,
              "state": "failed",
              "speed": null,
              "pass": false,
              "fail": true,
              "pending": false,
              "context": null,
              "code": "var self = this,\n    args = arguments;\nreturn new Promise(function (resolve, reject) {\n  var gen = fn.apply(self, args);\n  function _next(value) {\n    asyncGeneratorStep(gen, resolve, reject, _next, _throw, \"next\", value);\n  }\n  function _throw(err) {\n    asyncGeneratorStep(gen, resolve, reject, _next, _throw, \"throw\", err);\n  }\n  _next(undefined);\n});",
              "err": {
                "message": "AssertionError: expected 401 to equal 403",
                "estack": "AssertionError: expected 401 to equal 403",
                "diff": "- 401\n+ 403\n"
              },
              "uuid": "43ca8242-03f6-48f5-866d-2f31834d287f",
              "parentUUID": "1721f251-e303-4496-bd73-b06ed6e38e03",
              "isHook": false,
              "skipped": false
            },
            {
              "title": "post insert member without required email -> error",
              "fullTitle": "Member pattern post insert member without required email -> error",
              "timedOut": null,
              "duration": 8360,
              "state": "failed",
              "speed": null,
              "pass": false,
              "fail": true,
              "pending": false,
              "context": null,
              "code": "var self = this,\n    args = arguments;\nreturn new Promise(function (resolve, reject) {\n  var gen = fn.apply(self, args);\n  function _next(value) {\n    asyncGeneratorStep(gen, resolve, reject, _next, _throw, \"next\", value);\n  }\n  function _throw(err) {\n    asyncGeneratorStep(gen, resolve, reject, _next, _throw, \"throw\", err);\n  }\n  _next(undefined);\n});",
              "err": {
                "message": "Error: Cypress command timeout of '5000ms' exceeded.",
                "estack": "Error: Cypress command timeout of '5000ms' exceeded.\n    at https://localhost:9000/__cypress/runner/cypress_runner.js:83597:25",
                "diff": null
              },
              "uuid": "fe9f1219-b26c-4a7a-9a3f-e489526f75f1",
              "parentUUID": "1721f251-e303-4496-bd73-b06ed6e38e03",
              "isHook": false,
              "skipped": false
            },
            {
              "title": "post insert member without required login_pwd -> error",
              "fullTitle": "Member pattern post insert member without required login_pwd -> error",
              "timedOut": null,
              "duration": 9815,
              "state": "failed",
              "speed": null,
              "pass": false,
              "fail": true,
              "pending": false,
              "context": null,
              "code": "var self = this,\n    args = arguments;\nreturn new Promise(function (resolve, reject) {\n  var gen = fn.apply(self, args);\n  function _next(value) {\n    asyncGeneratorStep(gen, resolve, reject, _next, _throw, \"next\", value);\n  }\n  function _throw(err) {\n    asyncGeneratorStep(gen, resolve, reject, _next, _throw, \"throw\", err);\n  }\n  _next(undefined);\n});",
              "err": {
                "message": "Error: Cypress command timeout of '5000ms' exceeded.",
                "estack": "Error: Cypress command timeout of '5000ms' exceeded.\n    at https://localhost:9000/__cypress/runner/cypress_runner.js:83597:25",
                "diff": null
              },
              "uuid": "af429749-8551-4e02-83ce-3535bc100419",
              "parentUUID": "1721f251-e303-4496-bd73-b06ed6e38e03",
              "isHook": false,
              "skipped": false
            },
            {
              "title": "post insert member without required nickname -> error",
              "fullTitle": "Member pattern post insert member without required nickname -> error",
              "timedOut": null,
              "duration": 10242,
              "state": "failed",
              "speed": null,
              "pass": false,
              "fail": true,
              "pending": false,
              "context": null,
              "code": "var self = this,\n    args = arguments;\nreturn new Promise(function (resolve, reject) {\n  var gen = fn.apply(self, args);\n  function _next(value) {\n    asyncGeneratorStep(gen, resolve, reject, _next, _throw, \"next\", value);\n  }\n  function _throw(err) {\n    asyncGeneratorStep(gen, resolve, reject, _next, _throw, \"throw\", err);\n  }\n  _next(undefined);\n});",
              "err": {
                "message": "Error: Cypress command timeout of '5000ms' exceeded.",
                "estack": "Error: Cypress command timeout of '5000ms' exceeded.\n    at https://localhost:9000/__cypress/runner/cypress_runner.js:83597:25",
                "diff": null
              },
              "uuid": "4836befd-ac3a-4e66-9242-880a87491c92",
              "parentUUID": "1721f251-e303-4496-bd73-b06ed6e38e03",
              "isHook": false,
              "skipped": false
            },
            {
              "title": "post insert member without required text -> error",
              "fullTitle": "Member pattern post insert member without required text -> error",
              "timedOut": null,
              "duration": 10594,
              "state": "failed",
              "speed": null,
              "pass": false,
              "fail": true,
              "pending": false,
              "context": null,
              "code": "var self = this,\n    args = arguments;\nreturn new Promise(function (resolve, reject) {\n  var gen = fn.apply(self, args);\n  function _next(value) {\n    asyncGeneratorStep(gen, resolve, reject, _next, _throw, \"next\", value);\n  }\n  function _throw(err) {\n    asyncGeneratorStep(gen, resolve, reject, _next, _throw, \"throw\", err);\n  }\n  _next(undefined);\n});",
              "err": {
                "message": "Error: Cypress command timeout of '5000ms' exceeded.",
                "estack": "Error: Cypress command timeout of '5000ms' exceeded.\n    at https://localhost:9000/__cypress/runner/cypress_runner.js:83597:25",
                "diff": null
              },
              "uuid": "ece46ca8-2bb1-4e53-ba4b-1db841c984d4",
              "parentUUID": "1721f251-e303-4496-bd73-b06ed6e38e03",
              "isHook": false,
              "skipped": false
            },
            {
              "title": "post insert member with malformed email -> error",
              "fullTitle": "Member pattern post insert member with malformed email -> error",
              "timedOut": null,
              "duration": 10626,
              "state": "failed",
              "speed": null,
              "pass": false,
              "fail": true,
              "pending": false,
              "context": null,
              "code": "var self = this,\n    args = arguments;\nreturn new Promise(function (resolve, reject) {\n  var gen = fn.apply(self, args);\n  function _next(value) {\n    asyncGeneratorStep(gen, resolve, reject, _next, _throw, \"next\", value);\n  }\n  function _throw(err) {\n    asyncGeneratorStep(gen, resolve, reject, _next, _throw, \"throw\", err);\n  }\n  _next(undefined);\n});",
              "err": {
                "message": "Error: Cypress command timeout of '5000ms' exceeded.",
                "estack": "Error: Cypress command timeout of '5000ms' exceeded.\n    at https://localhost:9000/__cypress/runner/cypress_runner.js:83597:25",
                "diff": null
              },
              "uuid": "ff2090fe-5ef0-462d-a4dd-3c8599bcfed1",
              "parentUUID": "1721f251-e303-4496-bd73-b06ed6e38e03",
              "isHook": false,
              "skipped": false
            },
            {
              "title": "post insert member with malformed login_pwd -> error",
              "fullTitle": "Member pattern post insert member with malformed login_pwd -> error",
              "timedOut": null,
              "duration": 10713,
              "state": "failed",
              "speed": null,
              "pass": false,
              "fail": true,
              "pending": false,
              "context": null,
              "code": "var self = this,\n    args = arguments;\nreturn new Promise(function (resolve, reject) {\n  var gen = fn.apply(self, args);\n  function _next(value) {\n    asyncGeneratorStep(gen, resolve, reject, _next, _throw, \"next\", value);\n  }\n  function _throw(err) {\n    asyncGeneratorStep(gen, resolve, reject, _next, _throw, \"throw\", err);\n  }\n  _next(undefined);\n});",
              "err": {
                "message": "Error: Cypress command timeout of '5000ms' exceeded.",
                "estack": "Error: Cypress command timeout of '5000ms' exceeded.\n    at https://localhost:9000/__cypress/runner/cypress_runner.js:83597:25",
                "diff": null
              },
              "uuid": "c2214297-0df1-4efd-afdb-1a9e563527a3",
              "parentUUID": "1721f251-e303-4496-bd73-b06ed6e38e03",
              "isHook": false,
              "skipped": false
            },
            {
              "title": "post insert member with malformed nickname -> error",
              "fullTitle": "Member pattern post insert member with malformed nickname -> error",
              "timedOut": null,
              "duration": 11087,
              "state": "failed",
              "speed": null,
              "pass": false,
              "fail": true,
              "pending": false,
              "context": null,
              "code": "var self = this,\n    args = arguments;\nreturn new Promise(function (resolve, reject) {\n  var gen = fn.apply(self, args);\n  function _next(value) {\n    asyncGeneratorStep(gen, resolve, reject, _next, _throw, \"next\", value);\n  }\n  function _throw(err) {\n    asyncGeneratorStep(gen, resolve, reject, _next, _throw, \"throw\", err);\n  }\n  _next(undefined);\n});",
              "err": {
                "message": "Error: Cypress command timeout of '5000ms' exceeded.",
                "estack": "Error: Cypress command timeout of '5000ms' exceeded.\n    at https://localhost:9000/__cypress/runner/cypress_runner.js:83597:25",
                "diff": null
              },
              "uuid": "aaeef244-eae7-48b0-95fe-6c1209bc42c4",
              "parentUUID": "1721f251-e303-4496-bd73-b06ed6e38e03",
              "isHook": false,
              "skipped": false
            },
            {
              "title": "post insert member with malformed sex -> error",
              "fullTitle": "Member pattern post insert member with malformed sex -> error",
              "timedOut": null,
              "duration": 11471,
              "state": "failed",
              "speed": null,
              "pass": false,
              "fail": true,
              "pending": false,
              "context": null,
              "code": "var self = this,\n    args = arguments;\nreturn new Promise(function (resolve, reject) {\n  var gen = fn.apply(self, args);\n  function _next(value) {\n    asyncGeneratorStep(gen, resolve, reject, _next, _throw, \"next\", value);\n  }\n  function _throw(err) {\n    asyncGeneratorStep(gen, resolve, reject, _next, _throw, \"throw\", err);\n  }\n  _next(undefined);\n});",
              "err": {
                "message": "Error: Cypress command timeout of '5000ms' exceeded.",
                "estack": "Error: Cypress command timeout of '5000ms' exceeded.\n    at https://localhost:9000/__cypress/runner/cypress_runner.js:83597:25",
                "diff": null
              },
              "uuid": "de45ce1a-66e7-432e-b2ca-b24975272009",
              "parentUUID": "1721f251-e303-4496-bd73-b06ed6e38e03",
              "isHook": false,
              "skipped": false
            },
            {
              "title": "post insert member with malformed birth -> error",
              "fullTitle": "Member pattern post insert member with malformed birth -> error",
              "timedOut": null,
              "duration": 11872,
              "state": "failed",
              "speed": null,
              "pass": false,
              "fail": true,
              "pending": false,
              "context": null,
              "code": "var self = this,\n    args = arguments;\nreturn new Promise(function (resolve, reject) {\n  var gen = fn.apply(self, args);\n  function _next(value) {\n    asyncGeneratorStep(gen, resolve, reject, _next, _throw, \"next\", value);\n  }\n  function _throw(err) {\n    asyncGeneratorStep(gen, resolve, reject, _next, _throw, \"throw\", err);\n  }\n  _next(undefined);\n});",
              "err": {
                "message": "Error: Cypress command timeout of '5000ms' exceeded.",
                "estack": "Error: Cypress command timeout of '5000ms' exceeded.\n    at https://localhost:9000/__cypress/runner/cypress_runner.js:83597:25",
                "diff": null
              },
              "uuid": "2690d3a2-583d-4335-90fe-d5020f4fd953",
              "parentUUID": "1721f251-e303-4496-bd73-b06ed6e38e03",
              "isHook": false,
              "skipped": false
            },
            {
              "title": "post insert member with malformed radio -> error",
              "fullTitle": "Member pattern post insert member with malformed radio -> error",
              "timedOut": null,
              "duration": 11789,
              "state": "failed",
              "speed": null,
              "pass": false,
              "fail": true,
              "pending": false,
              "context": null,
              "code": "var self = this,\n    args = arguments;\nreturn new Promise(function (resolve, reject) {\n  var gen = fn.apply(self, args);\n  function _next(value) {\n    asyncGeneratorStep(gen, resolve, reject, _next, _throw, \"next\", value);\n  }\n  function _throw(err) {\n    asyncGeneratorStep(gen, resolve, reject, _next, _throw, \"throw\", err);\n  }\n  _next(undefined);\n});",
              "err": {
                "message": "Error: Cypress command timeout of '5000ms' exceeded.",
                "estack": "Error: Cypress command timeout of '5000ms' exceeded.\n    at https://localhost:9000/__cypress/runner/cypress_runner.js:83597:25",
                "diff": null
              },
              "uuid": "84c9f442-fec1-4b66-b42b-84d46f7d9a7d",
              "parentUUID": "1721f251-e303-4496-bd73-b06ed6e38e03",
              "isHook": false,
              "skipped": false
            },
            {
              "title": "post insert member with malformed selectbox -> error",
              "fullTitle": "Member pattern post insert member with malformed selectbox -> error",
              "timedOut": null,
              "duration": 12044,
              "state": "failed",
              "speed": null,
              "pass": false,
              "fail": true,
              "pending": false,
              "context": null,
              "code": "var self = this,\n    args = arguments;\nreturn new Promise(function (resolve, reject) {\n  var gen = fn.apply(self, args);\n  function _next(value) {\n    asyncGeneratorStep(gen, resolve, reject, _next, _throw, \"next\", value);\n  }\n  function _throw(err) {\n    asyncGeneratorStep(gen, resolve, reject, _next, _throw, \"throw\", err);\n  }\n  _next(undefined);\n});",
              "err": {
                "message": "Error: Cypress command timeout of '5000ms' exceeded.",
                "estack": "Error: Cypress command timeout of '5000ms' exceeded.\n    at https://localhost:9000/__cypress/runner/cypress_runner.js:83597:25",
                "diff": null
              },
              "uuid": "479fa10e-03ca-4e0a-a4c0-e619f83f9189",
              "parentUUID": "1721f251-e303-4496-bd73-b06ed6e38e03",
              "isHook": false,
              "skipped": false
            },
            {
              "title": "post insert member with malformed checkbox -> error",
              "fullTitle": "Member pattern post insert member with malformed checkbox -> error",
              "timedOut": null,
              "duration": 12054,
              "state": "failed",
              "speed": null,
              "pass": false,
              "fail": true,
              "pending": false,
              "context": null,
              "code": "var self = this,\n    args = arguments;\nreturn new Promise(function (resolve, reject) {\n  var gen = fn.apply(self, args);\n  function _next(value) {\n    asyncGeneratorStep(gen, resolve, reject, _next, _throw, \"next\", value);\n  }\n  function _throw(err) {\n    asyncGeneratorStep(gen, resolve, reject, _next, _throw, \"throw\", err);\n  }\n  _next(undefined);\n});",
              "err": {
                "message": "Error: Cypress command timeout of '5000ms' exceeded.",
                "estack": "Error: Cypress command timeout of '5000ms' exceeded.\n    at https://localhost:9000/__cypress/runner/cypress_runner.js:83597:25",
                "diff": null
              },
              "uuid": "7bc5d54e-ca5f-4ed1-ad75-5bc1d216349b",
              "parentUUID": "1721f251-e303-4496-bd73-b06ed6e38e03",
              "isHook": false,
              "skipped": false
            },
            {
              "title": "post insert member with malformed date -> error",
              "fullTitle": "Member pattern post insert member with malformed date -> error",
              "timedOut": null,
              "duration": 12886,
              "state": "failed",
              "speed": null,
              "pass": false,
              "fail": true,
              "pending": false,
              "context": null,
              "code": "var self = this,\n    args = arguments;\nreturn new Promise(function (resolve, reject) {\n  var gen = fn.apply(self, args);\n  function _next(value) {\n    asyncGeneratorStep(gen, resolve, reject, _next, _throw, \"next\", value);\n  }\n  function _throw(err) {\n    asyncGeneratorStep(gen, resolve, reject, _next, _throw, \"throw\", err);\n  }\n  _next(undefined);\n});",
              "err": {
                "message": "Error: Cypress command timeout of '5000ms' exceeded.",
                "estack": "Error: Cypress command timeout of '5000ms' exceeded.\n    at https://localhost:9000/__cypress/runner/cypress_runner.js:83597:25",
                "diff": null
              },
              "uuid": "4f2e2a42-4b1e-4635-8dcb-8781e12e5485",
              "parentUUID": "1721f251-e303-4496-bd73-b06ed6e38e03",
              "isHook": false,
              "skipped": false
            },
            {
              "title": "post insert member with malformed relation -> error",
              "fullTitle": "Member pattern post insert member with malformed relation -> error",
              "timedOut": null,
              "duration": 13181,
              "state": "failed",
              "speed": null,
              "pass": false,
              "fail": true,
              "pending": false,
              "context": null,
              "code": "var self = this,\n    args = arguments;\nreturn new Promise(function (resolve, reject) {\n  var gen = fn.apply(self, args);\n  function _next(value) {\n    asyncGeneratorStep(gen, resolve, reject, _next, _throw, \"next\", value);\n  }\n  function _throw(err) {\n    asyncGeneratorStep(gen, resolve, reject, _next, _throw, \"throw\", err);\n  }\n  _next(undefined);\n});",
              "err": {
                "message": "Error: Cypress command timeout of '5000ms' exceeded.",
                "estack": "Error: Cypress command timeout of '5000ms' exceeded.\n    at https://localhost:9000/__cypress/runner/cypress_runner.js:83597:25",
                "diff": null
              },
              "uuid": "339dc4c4-0730-4d66-b964-68ca1ab8683e",
              "parentUUID": "1721f251-e303-4496-bd73-b06ed6e38e03",
              "isHook": false,
              "skipped": false
            }
          ],
          "suites": [],
          "passes": [],
          "failures": [
            "3716e40e-8041-4ac0-81b7-d0391b168e67",
            "949da35c-7701-4b7a-9e62-ba8832fc0b35",
            "9dfaecdb-0118-4948-bea5-9f5184e37c77",
            "1a98507f-ce88-42ef-94ab-d3c148a11ac6",
            "43ca8242-03f6-48f5-866d-2f31834d287f",
            "fe9f1219-b26c-4a7a-9a3f-e489526f75f1",
            "af429749-8551-4e02-83ce-3535bc100419",
            "4836befd-ac3a-4e66-9242-880a87491c92",
            "ece46ca8-2bb1-4e53-ba4b-1db841c984d4",
            "ff2090fe-5ef0-462d-a4dd-3c8599bcfed1",
            "c2214297-0df1-4efd-afdb-1a9e563527a3",
            "aaeef244-eae7-48b0-95fe-6c1209bc42c4",
            "de45ce1a-66e7-432e-b2ca-b24975272009",
            "2690d3a2-583d-4335-90fe-d5020f4fd953",
            "84c9f442-fec1-4b66-b42b-84d46f7d9a7d",
            "479fa10e-03ca-4e0a-a4c0-e619f83f9189",
            "7bc5d54e-ca5f-4ed1-ad75-5bc1d216349b",
            "4f2e2a42-4b1e-4635-8dcb-8781e12e5485",
            "339dc4c4-0730-4d66-b964-68ca1ab8683e"
          ],
          "pending": [],
          "skipped": [],
          "duration": 195557,
          "root": false,
          "rootEmpty": false,
          "_timeout": 2000
        }
      ],
      "passes": [],
      "failures": [],
      "pending": [],
      "skipped": [],
      "duration": 0,
      "root": true,
      "rootEmpty": true,
      "_timeout": 2000
    }
  ],
  "meta": {
    "mocha": {
      "version": "8.1.1"
    },
    "mochawesome": {
      "options": {
        "quiet": false,
        "reportFilename": "mochawesome",
        "saveHtml": false,
        "saveJson": true,
        "consoleReporter": "spec",
        "useInlineDiffs": false,
        "code": true
      },
      "version": "6.1.1"
    },
    "marge": {
      "options": {
        "reportDir": "report",
        "quite": true,
        "overwrite": false,
        "html": false,
        "json": true,
        "timestamp": "yyyymmdd_HHMMss"
      },
      "version": "5.1.0"
    }
  }
}